#
# There is insufficient memory for the Java Runtime Environment to continue.
# Native memory allocation (mmap) failed to map 65536 bytes for Failed to commit metaspace.
# Possible reasons:
#   The system is out of physical RAM or swap space
#   The process is running with CompressedOops enabled, and the Java Heap may be blocking the growth of the native heap
# Possible solutions:
#   Reduce memory load on the system
#   Increase physical memory or swap space
#   Check if swap backing store is full
#   Decrease Java heap size (-Xmx/-Xms)
#   Decrease number of Java threads
#   Decrease Java thread stack sizes (-Xss)
#   Set larger code cache with -XX:ReservedCodeCacheSize=
#   JVM is running with Zero Based Compressed Oops mode in which the Java heap is
#     placed in the first 32GB address space. The Java Heap base address is the
#     maximum limit for the native heap growth. Please use -XX:HeapBaseMinAddress
#     to set the Java Heap base and to place the Java Heap above 32GB virtual address.
# This output file may be truncated or incomplete.
#
#  Out of Memory Error (virtualSpaceNode.cpp:110), pid=19628, tid=11484
#
# JRE version: Java(TM) SE Runtime Environment (20.0+36) (build 20+36-2344)
# Java VM: Java HotSpot(TM) 64-Bit Server VM (20+36-2344, mixed mode, sharing, tiered, compressed oops, compressed class ptrs, g1 gc, windows-amd64)
# No core dump will be written. Minidumps are not enabled by default on client versions of Windows
#

---------------  S U M M A R Y ------------

Command Line: -Dfile.encoding=UTF-8 -XX:+ShowCodeDetailsInExceptionMessages ScrollPerticularElement

Host: Intel(R) Core(TM) i7-8650U CPU @ 1.90GHz, 8 cores, 15G,  Windows 11 , 64 bit Build 22621 (10.0.22621.3085)
Time: Fri Mar 15 21:06:30 2024 India Standard Time elapsed time: 0.183723 seconds (0d 0h 0m 0s)

---------------  T H R E A D  ---------------

Current thread (0x000001dfeb5fbfb0):  JavaThread "main" [_thread_in_vm, id=11484, stack(0x00000022ffc00000,0x00000022ffd00000)]

Stack: [0x00000022ffc00000,0x00000022ffd00000]
Native frames: (J=compiled Java code, j=interpreted, Vv=VM code, C=native code)
V  [jvm.dll+0x6bb95a]
V  [jvm.dll+0x8483aa]
V  [jvm.dll+0x849fa5]
V  [jvm.dll+0x84a6a3]
V  [jvm.dll+0x280b0f]
V  [jvm.dll+0x8442eb]
V  [jvm.dll+0x65fd86]
V  [jvm.dll+0x65fdea]
V  [jvm.dll+0x6626c3]
V  [jvm.dll+0x66258e]
V  [jvm.dll+0x66079e]
V  [jvm.dll+0x671929]
V  [jvm.dll+0x66b01e]
V  [jvm.dll+0x3d8d51]
C  0x000001df87550f79

Java frames: (J=compiled Java code, j=interpreted, Vv=VM code)
j  java.lang.reflect.Constructor.setConstructorAccessor(Ljdk/internal/reflect/ConstructorAccessor;)V+0 java.base@20
j  java.lang.reflect.Constructor.acquireConstructorAccessor()Ljdk/internal/reflect/ConstructorAccessor;+70 java.base@20
j  java.lang.reflect.Constructor.newInstanceWithCaller([Ljava/lang/Object;ZLjava/lang/Class;)Ljava/lang/Object;+33 java.base@20
j  java.lang.reflect.Constructor.newInstance([Ljava/lang/Object;)Ljava/lang/Object;+30 java.base@20
j  jdk.net.ExtendedSocketOptions$PlatformSocketOptions.newInstance(Ljava/lang/String;)Ljdk/net/ExtendedSocketOptions$PlatformSocketOptions;+17 jdk.net@20
j  jdk.net.ExtendedSocketOptions$PlatformSocketOptions.create()Ljdk/net/ExtendedSocketOptions$PlatformSocketOptions;+55 jdk.net@20
j  jdk.net.ExtendedSocketOptions$PlatformSocketOptions.<clinit>()V+0 jdk.net@20
v  ~StubRoutines::call_stub 0x000001df8753100d
j  jdk.net.ExtendedSocketOptions.<clinit>()V+98 jdk.net@20
v  ~StubRoutines::call_stub 0x000001df8753100d
j  java.lang.Class.forName0(Ljava/lang/String;ZLjava/lang/ClassLoader;Ljava/lang/Class;)Ljava/lang/Class;+0 java.base@20
j  java.lang.Class.forName(Ljava/lang/String;Ljava/lang/Class;)Ljava/lang/Class;+19 java.base@20
j  java.lang.Class.forName(Ljava/lang/String;)Ljava/lang/Class;+6 java.base@20
j  sun.net.ext.ExtendedSocketOptions.getInstance()Lsun/net/ext/ExtendedSocketOptions;+12 java.base@20
j  sun.nio.ch.Net.<clinit>()V+210 java.base@20
v  ~StubRoutines::call_stub 0x000001df8753100d
j  sun.nio.ch.NioSocketImpl.create(Z)V+58 java.base@20
j  java.net.ServerSocket.getImpl()Ljava/net/SocketImpl;+43 java.base@20
j  java.net.ServerSocket.setReuseAddress(Z)V+18 java.base@20
j  org.openqa.selenium.net.PortProber.isFree(Ljava/lang/String;I)Z+10
j  org.openqa.selenium.net.PortProber.checkPortIsFree(I)I+3
j  org.openqa.selenium.net.PortProber.findFreePort()I+12
j  org.openqa.selenium.remote.service.DriverService$Builder.build()Lorg/openqa/selenium/remote/service/DriverService;+8
j  org.openqa.selenium.chrome.ChromeDriverService.createDefaultService()Lorg/openqa/selenium/chrome/ChromeDriverService;+7
j  org.openqa.selenium.chrome.ChromeDriver.<init>()V+1
j  ScrollPerticularElement.main([Ljava/lang/String;)V+4
v  ~StubRoutines::call_stub 0x000001df8753100d

---------------  P R O C E S S  ---------------

Threads class SMR info:
_java_thread_list=0x000001dffdf048f0, length=12, elements={
0x000001dfeb5fbfb0, 0x000001dffdc83620, 0x000001dffdc87920, 0x000001dffdc8a5e0,
0x000001dffdc8ac30, 0x000001dffdc8bf10, 0x000001dffdc92500, 0x000001dffdc97940,
0x000001dffdc9ae20, 0x000001dffdef0fc0, 0x000001dffdf0c7b0, 0x000001dffdf3a140
}

Java Threads: ( => current thread )
=>0x000001dfeb5fbfb0 JavaThread "main" [_thread_in_vm, id=11484, stack(0x00000022ffc00000,0x00000022ffd00000)]
  0x000001dffdc83620 JavaThread "Reference Handler" daemon [_thread_blocked, id=11228, stack(0x0000002280300000,0x0000002280400000)]
  0x000001dffdc87920 JavaThread "Finalizer" daemon [_thread_blocked, id=4152, stack(0x0000002280400000,0x0000002280500000)]
  0x000001dffdc8a5e0 JavaThread "Signal Dispatcher" daemon [_thread_blocked, id=12700, stack(0x0000002280500000,0x0000002280600000)]
  0x000001dffdc8ac30 JavaThread "Attach Listener" daemon [_thread_blocked, id=11140, stack(0x0000002280600000,0x0000002280700000)]
  0x000001dffdc8bf10 JavaThread "Service Thread" daemon [_thread_blocked, id=18364, stack(0x0000002280700000,0x0000002280800000)]
  0x000001dffdc92500 JavaThread "Monitor Deflation Thread" daemon [_thread_blocked, id=21308, stack(0x0000002280800000,0x0000002280900000)]
  0x000001dffdc97940 JavaThread "C2 CompilerThread0" daemon [_thread_blocked, id=25056, stack(0x0000002280900000,0x0000002280a00000)]
  0x000001dffdc9ae20 JavaThread "C1 CompilerThread0" daemon [_thread_blocked, id=13384, stack(0x0000002280a00000,0x0000002280b00000)]
  0x000001dffdef0fc0 JavaThread "Notification Thread" daemon [_thread_blocked, id=28288, stack(0x0000002280b00000,0x0000002280c00000)]
  0x000001dffdf0c7b0 JavaThread "Common-Cleaner" daemon [_thread_blocked, id=13988, stack(0x0000002280d00000,0x0000002280e00000)]
  0x000001dffdf3a140 JavaThread "C2 CompilerThread1" daemon [_thread_blocked, id=23272, stack(0x0000002280e00000,0x0000002280f00000)]

Other Threads:
  0x000001dffdc640c0 VMThread "VM Thread" [stack: 0x0000002280200000,0x0000002280300000] [id=4060]
  0x000001dffdef9b00 WatcherThread "VM Periodic Task Thread" [stack: 0x0000002280c00000,0x0000002280d00000] [id=14592]
  0x000001dfed71e750 WorkerThread "GC Thread#0" [stack: 0x00000022ffd00000,0x00000022ffe00000] [id=9492]
  0x000001dfed72fdb0 ConcurrentGCThread "G1 Main Marker" [stack: 0x00000022ffe00000,0x00000022fff00000] [id=15312]
  0x000001dfed7307e0 WorkerThread "G1 Conc#0" [stack: 0x00000022fff00000,0x0000002300000000] [id=15816]
  0x000001dfed76e3b0 ConcurrentGCThread "G1 Refine#0" [stack: 0x0000002280000000,0x0000002280100000] [id=11820]
  0x000001dffdb14170 ConcurrentGCThread "G1 Service" [stack: 0x0000002280100000,0x0000002280200000] [id=21744]

Threads with active compile tasks:

VM state: not at safepoint (normal execution)

VM Mutex/Monitor currently owned by a thread:  ([mutex/lock_event])
[0x000001dfed6a9590] Metaspace_lock - owner thread: 0x000001dfeb5fbfb0

Heap address: 0x0000000701e00000, size: 4066 MB, Compressed Oops mode: Zero based, Oop shift amount: 3

CDS archive(s) mapped at: [0x0000000800000000-0x0000000800c60000-0x0000000800c60000), size 12976128, SharedBaseAddress: 0x0000000800000000, ArchiveRelocationMode: 0.
Compressed class space mapped at: 0x0000000801000000-0x0000000841000000, reserved size: 1073741824
Narrow klass base: 0x0000000800000000, Narrow klass shift: 0, Narrow klass range: 0x100000000

GC Precious Log:
 CardTable entry size: 512
 Card Set container configuration: InlinePtr #cards 4 size 8 Array Of Cards #cards 16 size 48 Howl #buckets 8 coarsen threshold 3686 Howl Bitmap #cards 512 size 80 coarsen threshold 460 Card regions per heap region 1 cards per card region 4096
 CPUs: 8 total, 8 available
 Memory: 16262M
 Large Page Support: Disabled
 NUMA Support: Disabled
 Compressed Oops: Enabled (Zero based)
 Heap Region Size: 2M
 Heap Min Capacity: 8M
 Heap Initial Capacity: 256M
 Heap Max Capacity: 4066M
 Pre-touch: Disabled
 Parallel Workers: 8
 Concurrent Workers: 2
 Concurrent Refinement Workers: 8
 Periodic GC: Disabled

Heap:
 garbage-first heap   total 262144K, used 6144K [0x0000000701e00000, 0x0000000800000000)
  region size 2048K, 2 young (4096K), 0 survivors (0K)
 Metaspace       used 820K, committed 896K, reserved 1114112K
  class space    used 91K, committed 128K, reserved 1048576K

Heap Regions: E=young(eden), S=young(survivor), O=old, HS=humongous(starts), HC=humongous(continues), CS=collection set, F=free, OA=open archive, CA=closed archive, TAMS=top-at-mark-start, PB=parsable bottom
|   0|0x0000000701e00000, 0x0000000702000000, 0x0000000702000000|100%|HS|  |TAMS 0x0000000701e00000| PB 0x0000000701e00000| Complete 
|   1|0x0000000702000000, 0x0000000702200000, 0x0000000702200000|100%|HC|  |TAMS 0x0000000702000000| PB 0x0000000702000000| Complete 
|   2|0x0000000702200000, 0x0000000702200000, 0x0000000702400000|  0%| F|  |TAMS 0x0000000702200000| PB 0x0000000702200000| Untracked 
|   3|0x0000000702400000, 0x0000000702400000, 0x0000000702600000|  0%| F|  |TAMS 0x0000000702400000| PB 0x0000000702400000| Untracked 
|   4|0x0000000702600000, 0x0000000702600000, 0x0000000702800000|  0%| F|  |TAMS 0x0000000702600000| PB 0x0000000702600000| Untracked 
|   5|0x0000000702800000, 0x0000000702800000, 0x0000000702a00000|  0%| F|  |TAMS 0x0000000702800000| PB 0x0000000702800000| Untracked 
|   6|0x0000000702a00000, 0x0000000702a00000, 0x0000000702c00000|  0%| F|  |TAMS 0x0000000702a00000| PB 0x0000000702a00000| Untracked 
|   7|0x0000000702c00000, 0x0000000702c00000, 0x0000000702e00000|  0%| F|  |TAMS 0x0000000702c00000| PB 0x0000000702c00000| Untracked 
|   8|0x0000000702e00000, 0x0000000702e00000, 0x0000000703000000|  0%| F|  |TAMS 0x0000000702e00000| PB 0x0000000702e00000| Untracked 
|   9|0x0000000703000000, 0x0000000703000000, 0x0000000703200000|  0%| F|  |TAMS 0x0000000703000000| PB 0x0000000703000000| Untracked 
|  10|0x0000000703200000, 0x0000000703200000, 0x0000000703400000|  0%| F|  |TAMS 0x0000000703200000| PB 0x0000000703200000| Untracked 
|  11|0x0000000703400000, 0x0000000703400000, 0x0000000703600000|  0%| F|  |TAMS 0x0000000703400000| PB 0x0000000703400000| Untracked 
|  12|0x0000000703600000, 0x0000000703600000, 0x0000000703800000|  0%| F|  |TAMS 0x0000000703600000| PB 0x0000000703600000| Untracked 
|  13|0x0000000703800000, 0x0000000703800000, 0x0000000703a00000|  0%| F|  |TAMS 0x0000000703800000| PB 0x0000000703800000| Untracked 
|  14|0x0000000703a00000, 0x0000000703a00000, 0x0000000703c00000|  0%| F|  |TAMS 0x0000000703a00000| PB 0x0000000703a00000| Untracked 
|  15|0x0000000703c00000, 0x0000000703c00000, 0x0000000703e00000|  0%| F|  |TAMS 0x0000000703c00000| PB 0x0000000703c00000| Untracked 
|  16|0x0000000703e00000, 0x0000000703e00000, 0x0000000704000000|  0%| F|  |TAMS 0x0000000703e00000| PB 0x0000000703e00000| Untracked 
|  17|0x0000000704000000, 0x0000000704000000, 0x0000000704200000|  0%| F|  |TAMS 0x0000000704000000| PB 0x0000000704000000| Untracked 
|  18|0x0000000704200000, 0x0000000704200000, 0x0000000704400000|  0%| F|  |TAMS 0x0000000704200000| PB 0x0000000704200000| Untracked 
|  19|0x0000000704400000, 0x0000000704400000, 0x0000000704600000|  0%| F|  |TAMS 0x0000000704400000| PB 0x0000000704400000| Untracked 
|  20|0x0000000704600000, 0x0000000704600000, 0x0000000704800000|  0%| F|  |TAMS 0x0000000704600000| PB 0x0000000704600000| Untracked 
|  21|0x0000000704800000, 0x0000000704800000, 0x0000000704a00000|  0%| F|  |TAMS 0x0000000704800000| PB 0x0000000704800000| Untracked 
|  22|0x0000000704a00000, 0x0000000704a00000, 0x0000000704c00000|  0%| F|  |TAMS 0x0000000704a00000| PB 0x0000000704a00000| Untracked 
|  23|0x0000000704c00000, 0x0000000704c00000, 0x0000000704e00000|  0%| F|  |TAMS 0x0000000704c00000| PB 0x0000000704c00000| Untracked 
|  24|0x0000000704e00000, 0x0000000704e00000, 0x0000000705000000|  0%| F|  |TAMS 0x0000000704e00000| PB 0x0000000704e00000| Untracked 
|  25|0x0000000705000000, 0x0000000705000000, 0x0000000705200000|  0%| F|  |TAMS 0x0000000705000000| PB 0x0000000705000000| Untracked 
|  26|0x0000000705200000, 0x0000000705200000, 0x0000000705400000|  0%| F|  |TAMS 0x0000000705200000| PB 0x0000000705200000| Untracked 
|  27|0x0000000705400000, 0x0000000705400000, 0x0000000705600000|  0%| F|  |TAMS 0x0000000705400000| PB 0x0000000705400000| Untracked 
|  28|0x0000000705600000, 0x0000000705600000, 0x0000000705800000|  0%| F|  |TAMS 0x0000000705600000| PB 0x0000000705600000| Untracked 
|  29|0x0000000705800000, 0x0000000705800000, 0x0000000705a00000|  0%| F|  |TAMS 0x0000000705800000| PB 0x0000000705800000| Untracked 
|  30|0x0000000705a00000, 0x0000000705a00000, 0x0000000705c00000|  0%| F|  |TAMS 0x0000000705a00000| PB 0x0000000705a00000| Untracked 
|  31|0x0000000705c00000, 0x0000000705c00000, 0x0000000705e00000|  0%| F|  |TAMS 0x0000000705c00000| PB 0x0000000705c00000| Untracked 
|  32|0x0000000705e00000, 0x0000000705e00000, 0x0000000706000000|  0%| F|  |TAMS 0x0000000705e00000| PB 0x0000000705e00000| Untracked 
|  33|0x0000000706000000, 0x0000000706000000, 0x0000000706200000|  0%| F|  |TAMS 0x0000000706000000| PB 0x0000000706000000| Untracked 
|  34|0x0000000706200000, 0x0000000706200000, 0x0000000706400000|  0%| F|  |TAMS 0x0000000706200000| PB 0x0000000706200000| Untracked 
|  35|0x0000000706400000, 0x0000000706400000, 0x0000000706600000|  0%| F|  |TAMS 0x0000000706400000| PB 0x0000000706400000| Untracked 
|  36|0x0000000706600000, 0x0000000706600000, 0x0000000706800000|  0%| F|  |TAMS 0x0000000706600000| PB 0x0000000706600000| Untracked 
|  37|0x0000000706800000, 0x0000000706800000, 0x0000000706a00000|  0%| F|  |TAMS 0x0000000706800000| PB 0x0000000706800000| Untracked 
|  38|0x0000000706a00000, 0x0000000706a00000, 0x0000000706c00000|  0%| F|  |TAMS 0x0000000706a00000| PB 0x0000000706a00000| Untracked 
|  39|0x0000000706c00000, 0x0000000706c00000, 0x0000000706e00000|  0%| F|  |TAMS 0x0000000706c00000| PB 0x0000000706c00000| Untracked 
|  40|0x0000000706e00000, 0x0000000706e00000, 0x0000000707000000|  0%| F|  |TAMS 0x0000000706e00000| PB 0x0000000706e00000| Untracked 
|  41|0x0000000707000000, 0x0000000707000000, 0x0000000707200000|  0%| F|  |TAMS 0x0000000707000000| PB 0x0000000707000000| Untracked 
|  42|0x0000000707200000, 0x0000000707200000, 0x0000000707400000|  0%| F|  |TAMS 0x0000000707200000| PB 0x0000000707200000| Untracked 
|  43|0x0000000707400000, 0x0000000707400000, 0x0000000707600000|  0%| F|  |TAMS 0x0000000707400000| PB 0x0000000707400000| Untracked 
|  44|0x0000000707600000, 0x0000000707600000, 0x0000000707800000|  0%| F|  |TAMS 0x0000000707600000| PB 0x0000000707600000| Untracked 
|  45|0x0000000707800000, 0x0000000707800000, 0x0000000707a00000|  0%| F|  |TAMS 0x0000000707800000| PB 0x0000000707800000| Untracked 
|  46|0x0000000707a00000, 0x0000000707a00000, 0x0000000707c00000|  0%| F|  |TAMS 0x0000000707a00000| PB 0x0000000707a00000| Untracked 
|  47|0x0000000707c00000, 0x0000000707c00000, 0x0000000707e00000|  0%| F|  |TAMS 0x0000000707c00000| PB 0x0000000707c00000| Untracked 
|  48|0x0000000707e00000, 0x0000000707e00000, 0x0000000708000000|  0%| F|  |TAMS 0x0000000707e00000| PB 0x0000000707e00000| Untracked 
|  49|0x0000000708000000, 0x0000000708000000, 0x0000000708200000|  0%| F|  |TAMS 0x0000000708000000| PB 0x0000000708000000| Untracked 
|  50|0x0000000708200000, 0x0000000708200000, 0x0000000708400000|  0%| F|  |TAMS 0x0000000708200000| PB 0x0000000708200000| Untracked 
|  51|0x0000000708400000, 0x0000000708400000, 0x0000000708600000|  0%| F|  |TAMS 0x0000000708400000| PB 0x0000000708400000| Untracked 
|  52|0x0000000708600000, 0x0000000708600000, 0x0000000708800000|  0%| F|  |TAMS 0x0000000708600000| PB 0x0000000708600000| Untracked 
|  53|0x0000000708800000, 0x0000000708800000, 0x0000000708a00000|  0%| F|  |TAMS 0x0000000708800000| PB 0x0000000708800000| Untracked 
|  54|0x0000000708a00000, 0x0000000708a00000, 0x0000000708c00000|  0%| F|  |TAMS 0x0000000708a00000| PB 0x0000000708a00000| Untracked 
|  55|0x0000000708c00000, 0x0000000708c00000, 0x0000000708e00000|  0%| F|  |TAMS 0x0000000708c00000| PB 0x0000000708c00000| Untracked 
|  56|0x0000000708e00000, 0x0000000708e00000, 0x0000000709000000|  0%| F|  |TAMS 0x0000000708e00000| PB 0x0000000708e00000| Untracked 
|  57|0x0000000709000000, 0x0000000709000000, 0x0000000709200000|  0%| F|  |TAMS 0x0000000709000000| PB 0x0000000709000000| Untracked 
|  58|0x0000000709200000, 0x0000000709200000, 0x0000000709400000|  0%| F|  |TAMS 0x0000000709200000| PB 0x0000000709200000| Untracked 
|  59|0x0000000709400000, 0x0000000709400000, 0x0000000709600000|  0%| F|  |TAMS 0x0000000709400000| PB 0x0000000709400000| Untracked 
|  60|0x0000000709600000, 0x0000000709600000, 0x0000000709800000|  0%| F|  |TAMS 0x0000000709600000| PB 0x0000000709600000| Untracked 
|  61|0x0000000709800000, 0x0000000709800000, 0x0000000709a00000|  0%| F|  |TAMS 0x0000000709800000| PB 0x0000000709800000| Untracked 
|  62|0x0000000709a00000, 0x0000000709a00000, 0x0000000709c00000|  0%| F|  |TAMS 0x0000000709a00000| PB 0x0000000709a00000| Untracked 
|  63|0x0000000709c00000, 0x0000000709c00000, 0x0000000709e00000|  0%| F|  |TAMS 0x0000000709c00000| PB 0x0000000709c00000| Untracked 
|  64|0x0000000709e00000, 0x0000000709e00000, 0x000000070a000000|  0%| F|  |TAMS 0x0000000709e00000| PB 0x0000000709e00000| Untracked 
|  65|0x000000070a000000, 0x000000070a000000, 0x000000070a200000|  0%| F|  |TAMS 0x000000070a000000| PB 0x000000070a000000| Untracked 
|  66|0x000000070a200000, 0x000000070a200000, 0x000000070a400000|  0%| F|  |TAMS 0x000000070a200000| PB 0x000000070a200000| Untracked 
|  67|0x000000070a400000, 0x000000070a400000, 0x000000070a600000|  0%| F|  |TAMS 0x000000070a400000| PB 0x000000070a400000| Untracked 
|  68|0x000000070a600000, 0x000000070a600000, 0x000000070a800000|  0%| F|  |TAMS 0x000000070a600000| PB 0x000000070a600000| Untracked 
|  69|0x000000070a800000, 0x000000070a800000, 0x000000070aa00000|  0%| F|  |TAMS 0x000000070a800000| PB 0x000000070a800000| Untracked 
|  70|0x000000070aa00000, 0x000000070aa00000, 0x000000070ac00000|  0%| F|  |TAMS 0x000000070aa00000| PB 0x000000070aa00000| Untracked 
|  71|0x000000070ac00000, 0x000000070ac00000, 0x000000070ae00000|  0%| F|  |TAMS 0x000000070ac00000| PB 0x000000070ac00000| Untracked 
|  72|0x000000070ae00000, 0x000000070ae00000, 0x000000070b000000|  0%| F|  |TAMS 0x000000070ae00000| PB 0x000000070ae00000| Untracked 
|  73|0x000000070b000000, 0x000000070b000000, 0x000000070b200000|  0%| F|  |TAMS 0x000000070b000000| PB 0x000000070b000000| Untracked 
|  74|0x000000070b200000, 0x000000070b200000, 0x000000070b400000|  0%| F|  |TAMS 0x000000070b200000| PB 0x000000070b200000| Untracked 
|  75|0x000000070b400000, 0x000000070b400000, 0x000000070b600000|  0%| F|  |TAMS 0x000000070b400000| PB 0x000000070b400000| Untracked 
|  76|0x000000070b600000, 0x000000070b600000, 0x000000070b800000|  0%| F|  |TAMS 0x000000070b600000| PB 0x000000070b600000| Untracked 
|  77|0x000000070b800000, 0x000000070b800000, 0x000000070ba00000|  0%| F|  |TAMS 0x000000070b800000| PB 0x000000070b800000| Untracked 
|  78|0x000000070ba00000, 0x000000070ba00000, 0x000000070bc00000|  0%| F|  |TAMS 0x000000070ba00000| PB 0x000000070ba00000| Untracked 
|  79|0x000000070bc00000, 0x000000070bc00000, 0x000000070be00000|  0%| F|  |TAMS 0x000000070bc00000| PB 0x000000070bc00000| Untracked 
|  80|0x000000070be00000, 0x000000070be00000, 0x000000070c000000|  0%| F|  |TAMS 0x000000070be00000| PB 0x000000070be00000| Untracked 
|  81|0x000000070c000000, 0x000000070c000000, 0x000000070c200000|  0%| F|  |TAMS 0x000000070c000000| PB 0x000000070c000000| Untracked 
|  82|0x000000070c200000, 0x000000070c200000, 0x000000070c400000|  0%| F|  |TAMS 0x000000070c200000| PB 0x000000070c200000| Untracked 
|  83|0x000000070c400000, 0x000000070c400000, 0x000000070c600000|  0%| F|  |TAMS 0x000000070c400000| PB 0x000000070c400000| Untracked 
|  84|0x000000070c600000, 0x000000070c600000, 0x000000070c800000|  0%| F|  |TAMS 0x000000070c600000| PB 0x000000070c600000| Untracked 
|  85|0x000000070c800000, 0x000000070c800000, 0x000000070ca00000|  0%| F|  |TAMS 0x000000070c800000| PB 0x000000070c800000| Untracked 
|  86|0x000000070ca00000, 0x000000070ca00000, 0x000000070cc00000|  0%| F|  |TAMS 0x000000070ca00000| PB 0x000000070ca00000| Untracked 
|  87|0x000000070cc00000, 0x000000070cc00000, 0x000000070ce00000|  0%| F|  |TAMS 0x000000070cc00000| PB 0x000000070cc00000| Untracked 
|  88|0x000000070ce00000, 0x000000070ce00000, 0x000000070d000000|  0%| F|  |TAMS 0x000000070ce00000| PB 0x000000070ce00000| Untracked 
|  89|0x000000070d000000, 0x000000070d000000, 0x000000070d200000|  0%| F|  |TAMS 0x000000070d000000| PB 0x000000070d000000| Untracked 
|  90|0x000000070d200000, 0x000000070d200000, 0x000000070d400000|  0%| F|  |TAMS 0x000000070d200000| PB 0x000000070d200000| Untracked 
|  91|0x000000070d400000, 0x000000070d400000, 0x000000070d600000|  0%| F|  |TAMS 0x000000070d400000| PB 0x000000070d400000| Untracked 
|  92|0x000000070d600000, 0x000000070d600000, 0x000000070d800000|  0%| F|  |TAMS 0x000000070d600000| PB 0x000000070d600000| Untracked 
|  93|0x000000070d800000, 0x000000070d800000, 0x000000070da00000|  0%| F|  |TAMS 0x000000070d800000| PB 0x000000070d800000| Untracked 
|  94|0x000000070da00000, 0x000000070da00000, 0x000000070dc00000|  0%| F|  |TAMS 0x000000070da00000| PB 0x000000070da00000| Untracked 
|  95|0x000000070dc00000, 0x000000070dc00000, 0x000000070de00000|  0%| F|  |TAMS 0x000000070dc00000| PB 0x000000070dc00000| Untracked 
|  96|0x000000070de00000, 0x000000070de00000, 0x000000070e000000|  0%| F|  |TAMS 0x000000070de00000| PB 0x000000070de00000| Untracked 
|  97|0x000000070e000000, 0x000000070e000000, 0x000000070e200000|  0%| F|  |TAMS 0x000000070e000000| PB 0x000000070e000000| Untracked 
|  98|0x000000070e200000, 0x000000070e200000, 0x000000070e400000|  0%| F|  |TAMS 0x000000070e200000| PB 0x000000070e200000| Untracked 
|  99|0x000000070e400000, 0x000000070e400000, 0x000000070e600000|  0%| F|  |TAMS 0x000000070e400000| PB 0x000000070e400000| Untracked 
| 100|0x000000070e600000, 0x000000070e600000, 0x000000070e800000|  0%| F|  |TAMS 0x000000070e600000| PB 0x000000070e600000| Untracked 
| 101|0x000000070e800000, 0x000000070e800000, 0x000000070ea00000|  0%| F|  |TAMS 0x000000070e800000| PB 0x000000070e800000| Untracked 
| 102|0x000000070ea00000, 0x000000070ea00000, 0x000000070ec00000|  0%| F|  |TAMS 0x000000070ea00000| PB 0x000000070ea00000| Untracked 
| 103|0x000000070ec00000, 0x000000070ec00000, 0x000000070ee00000|  0%| F|  |TAMS 0x000000070ec00000| PB 0x000000070ec00000| Untracked 
| 104|0x000000070ee00000, 0x000000070ee00000, 0x000000070f000000|  0%| F|  |TAMS 0x000000070ee00000| PB 0x000000070ee00000| Untracked 
| 105|0x000000070f000000, 0x000000070f000000, 0x000000070f200000|  0%| F|  |TAMS 0x000000070f000000| PB 0x000000070f000000| Untracked 
| 106|0x000000070f200000, 0x000000070f200000, 0x000000070f400000|  0%| F|  |TAMS 0x000000070f200000| PB 0x000000070f200000| Untracked 
| 107|0x000000070f400000, 0x000000070f400000, 0x000000070f600000|  0%| F|  |TAMS 0x000000070f400000| PB 0x000000070f400000| Untracked 
| 108|0x000000070f600000, 0x000000070f600000, 0x000000070f800000|  0%| F|  |TAMS 0x000000070f600000| PB 0x000000070f600000| Untracked 
| 109|0x000000070f800000, 0x000000070f800000, 0x000000070fa00000|  0%| F|  |TAMS 0x000000070f800000| PB 0x000000070f800000| Untracked 
| 110|0x000000070fa00000, 0x000000070fa00000, 0x000000070fc00000|  0%| F|  |TAMS 0x000000070fa00000| PB 0x000000070fa00000| Untracked 
| 111|0x000000070fc00000, 0x000000070fc00000, 0x000000070fe00000|  0%| F|  |TAMS 0x000000070fc00000| PB 0x000000070fc00000| Untracked 
| 112|0x000000070fe00000, 0x000000070fe00000, 0x0000000710000000|  0%| F|  |TAMS 0x000000070fe00000| PB 0x000000070fe00000| Untracked 
| 113|0x0000000710000000, 0x0000000710000000, 0x0000000710200000|  0%| F|  |TAMS 0x0000000710000000| PB 0x0000000710000000| Untracked 
| 114|0x0000000710200000, 0x0000000710200000, 0x0000000710400000|  0%| F|  |TAMS 0x0000000710200000| PB 0x0000000710200000| Untracked 
| 115|0x0000000710400000, 0x0000000710400000, 0x0000000710600000|  0%| F|  |TAMS 0x0000000710400000| PB 0x0000000710400000| Untracked 
| 116|0x0000000710600000, 0x0000000710600000, 0x0000000710800000|  0%| F|  |TAMS 0x0000000710600000| PB 0x0000000710600000| Untracked 
| 117|0x0000000710800000, 0x0000000710800000, 0x0000000710a00000|  0%| F|  |TAMS 0x0000000710800000| PB 0x0000000710800000| Untracked 
| 118|0x0000000710a00000, 0x0000000710a00000, 0x0000000710c00000|  0%| F|  |TAMS 0x0000000710a00000| PB 0x0000000710a00000| Untracked 
| 119|0x0000000710c00000, 0x0000000710c00000, 0x0000000710e00000|  0%| F|  |TAMS 0x0000000710c00000| PB 0x0000000710c00000| Untracked 
| 120|0x0000000710e00000, 0x0000000710e00000, 0x0000000711000000|  0%| F|  |TAMS 0x0000000710e00000| PB 0x0000000710e00000| Untracked 
| 121|0x0000000711000000, 0x0000000711000000, 0x0000000711200000|  0%| F|  |TAMS 0x0000000711000000| PB 0x0000000711000000| Untracked 
| 122|0x0000000711200000, 0x0000000711200000, 0x0000000711400000|  0%| F|  |TAMS 0x0000000711200000| PB 0x0000000711200000| Untracked 
| 123|0x0000000711400000, 0x0000000711400000, 0x0000000711600000|  0%| F|  |TAMS 0x0000000711400000| PB 0x0000000711400000| Untracked 
| 124|0x0000000711600000, 0x0000000711600000, 0x0000000711800000|  0%| F|  |TAMS 0x0000000711600000| PB 0x0000000711600000| Untracked 
| 125|0x0000000711800000, 0x0000000711800000, 0x0000000711a00000|  0%| F|  |TAMS 0x0000000711800000| PB 0x0000000711800000| Untracked 
| 126|0x0000000711a00000, 0x0000000711bd05f8, 0x0000000711c00000| 90%| E|  |TAMS 0x0000000711a00000| PB 0x0000000711a00000| Complete 
| 127|0x0000000711c00000, 0x0000000711e00000, 0x0000000711e00000|100%| E|CS|TAMS 0x0000000711c00000| PB 0x0000000711c00000| Complete 

Card table byte_map: [0x000001dff6290000,0x000001dff6a90000] _byte_map_base: 0x000001dff2a81000

Marking Bits: (CMBitMap*) 0x000001dfed71ed80
 Bits: [0x000001dff7290000, 0x000001dffb218000)

Polling page: 0x000001dfeb6b0000

Metaspace:

Usage:
  Non-class:    729.05 KB used.
      Class:     91.12 KB used.
       Both:    820.18 KB used.

Virtual space:
  Non-class space:       64.00 MB reserved,     768.00 KB (  1%) committed,  1 nodes.
      Class space:        1.00 GB reserved,     128.00 KB ( <1%) committed,  1 nodes.
             Both:        1.06 GB reserved,     896.00 KB ( <1%) committed. 

Chunk freelists:
   Non-Class:  3.78 MB
       Class:  3.69 MB
        Both:  7.47 MB

MaxMetaspaceSize: unlimited
CompressedClassSpaceSize: 1.00 GB
Initial GC threshold: 21.00 MB
Current GC threshold: 21.00 MB
CDS: on
MetaspaceReclaimPolicy: balanced
 - commit_granule_bytes: 65536.
 - commit_granule_words: 8192.
 - virtual_space_node_default_size: 8388608.
 - enlarge_chunks_in_place: 1.
 - new_chunks_are_fully_committed: 0.
 - uncommit_free_chunks: 1.
 - use_allocation_guard: 0.


Internal statistics:

num_allocs_failed_limit: 0.
num_arena_births: 12.
num_arena_deaths: 0.
num_vsnodes_births: 2.
num_vsnodes_deaths: 0.
num_space_committed: 14.
num_space_uncommitted: 0.
num_chunks_returned_to_freelist: 0.
num_chunks_taken_from_freelist: 28.
num_chunk_merges: 0.
num_chunk_splits: 16.
num_chunks_enlarged: 14.
num_inconsistent_stats: 0.

CodeHeap 'non-profiled nmethods': size=120000Kb used=82Kb max_used=82Kb free=119917Kb
 bounds [0x000001df87ad0000, 0x000001df87d40000, 0x000001df8f000000]
CodeHeap 'profiled nmethods': size=120000Kb used=323Kb max_used=323Kb free=119676Kb
 bounds [0x000001df80000000, 0x000001df80270000, 0x000001df87530000]
CodeHeap 'non-nmethods': size=5760Kb used=1369Kb max_used=1369Kb free=4391Kb
 bounds [0x000001df87530000, 0x000001df877a0000, 0x000001df87ad0000]
 total_blobs=682 nmethods=263 adapters=330
 compilation: enabled
              stopped_count=0, restarted_count=0
 full_count=0

Compilation events (20 events):
Event: 0.172 Thread 0x000001dffdc9ae20 nmethod 248 0x000001df8004d090 code [0x000001df8004d240, 0x000001df8004d4f0]
Event: 0.172 Thread 0x000001dffdc9ae20  250       3       java.util.WeakHashMap::maskNull (12 bytes)
Event: 0.172 Thread 0x000001dffdc9ae20 nmethod 250 0x000001df8004d610 code [0x000001df8004d7a0, 0x000001df8004d8e8]
Event: 0.172 Thread 0x000001dffdc9ae20  251       1       java.lang.NamedPackage::module (5 bytes)
Event: 0.172 Thread 0x000001dffdc9ae20 nmethod 251 0x000001df87ae3110 code [0x000001df87ae3280, 0x000001df87ae3350]
Event: 0.174 Thread 0x000001dffdc9ae20  252       3       java.lang.CharacterDataLatin1::toLowerCase (39 bytes)
Event: 0.174 Thread 0x000001dffdc9ae20 nmethod 252 0x000001df8004d990 code [0x000001df8004db20, 0x000001df8004dd68]
Event: 0.175 Thread 0x000001dffdc97940 nmethod 249 0x000001df87ae3410 code [0x000001df87ae3580, 0x000001df87ae3740]
Event: 0.175 Thread 0x000001dffdc9ae20  254       3       java.lang.Class::getClassLoader (28 bytes)
Event: 0.175 Thread 0x000001dffdc9ae20 nmethod 254 0x000001df8004de90 code [0x000001df8004e040, 0x000001df8004e2a8]
Event: 0.175 Thread 0x000001dffdc9ae20  256       3       java.lang.invoke.MemberName::allFlagsSet (16 bytes)
Event: 0.176 Thread 0x000001dffdc9ae20 nmethod 256 0x000001df8004e390 code [0x000001df8004e520, 0x000001df8004e690]
Event: 0.176 Thread 0x000001dffdc9ae20  257       1       java.lang.invoke.MethodType$ConcurrentWeakInternSet$WeakEntry::hashCode (5 bytes)
Event: 0.176 Thread 0x000001dffdc9ae20 nmethod 257 0x000001df87ae4190 code [0x000001df87ae4300, 0x000001df87ae43c8]
Event: 0.176 Thread 0x000001dffdc9ae20  260       3       java.lang.invoke.MethodType::makeImpl (109 bytes)
Event: 0.176 Thread 0x000001dffdc9ae20 nmethod 260 0x000001df8004e710 code [0x000001df8004e9a0, 0x000001df8004f7c0]
Event: 0.176 Thread 0x000001dffdc9ae20  261       3       java.lang.invoke.MethodType::<init> (15 bytes)
Event: 0.177 Thread 0x000001dffdc9ae20 nmethod 261 0x000001df8004fc10 code [0x000001df8004fda0, 0x000001df8004ffd8]
Event: 0.177 Thread 0x000001dffdc9ae20  262       3       java.lang.invoke.MethodType$ConcurrentWeakInternSet::get (47 bytes)
Event: 0.177 Thread 0x000001dffdc9ae20 nmethod 262 0x000001df80050090 code [0x000001df800502a0, 0x000001df80050a88]

GC Heap History (0 events):
No events

Dll operation events (7 events):
Event: 0.010 Loaded shared library C:\Program Files\Java\jdk-20\bin\java.dll
Event: 0.021 Loaded shared library C:\Program Files\Java\jdk-20\bin\jsvml.dll
Event: 0.068 Loaded shared library C:\Program Files\Java\jdk-20\bin\net.dll
Event: 0.070 Loaded shared library C:\Program Files\Java\jdk-20\bin\nio.dll
Event: 0.096 Loaded shared library C:\Program Files\Java\jdk-20\bin\zip.dll
Event: 0.152 Loaded shared library C:\Program Files\Java\jdk-20\bin\jimage.dll
Event: 0.182 Loaded shared library C:\Program Files\Java\jdk-20\bin\extnet.dll

Deoptimization events (20 events):
Event: 0.089 Thread 0x000001dfeb5fbfb0 DEOPT PACKING pc=0x000001df800191fc sp=0x00000022ffcfa070
Event: 0.089 Thread 0x000001dfeb5fbfb0 DEOPT UNPACKING pc=0x000001df8759a4c2 sp=0x00000022ffcf9500 mode 0
Event: 0.089 Thread 0x000001dfeb5fbfb0 DEOPT PACKING pc=0x000001df800191fc sp=0x00000022ffcfa070
Event: 0.089 Thread 0x000001dfeb5fbfb0 DEOPT UNPACKING pc=0x000001df8759a4c2 sp=0x00000022ffcf9500 mode 0
Event: 0.089 Thread 0x000001dfeb5fbfb0 DEOPT PACKING pc=0x000001df800191fc sp=0x00000022ffcfa070
Event: 0.089 Thread 0x000001dfeb5fbfb0 DEOPT UNPACKING pc=0x000001df8759a4c2 sp=0x00000022ffcf9500 mode 0
Event: 0.089 Thread 0x000001dfeb5fbfb0 DEOPT PACKING pc=0x000001df800191fc sp=0x00000022ffcfa070
Event: 0.089 Thread 0x000001dfeb5fbfb0 DEOPT UNPACKING pc=0x000001df8759a4c2 sp=0x00000022ffcf9500 mode 0
Event: 0.089 Thread 0x000001dfeb5fbfb0 DEOPT PACKING pc=0x000001df800191fc sp=0x00000022ffcfa070
Event: 0.089 Thread 0x000001dfeb5fbfb0 DEOPT UNPACKING pc=0x000001df8759a4c2 sp=0x00000022ffcf9500 mode 0
Event: 0.090 Thread 0x000001dfeb5fbfb0 DEOPT PACKING pc=0x000001df800191fc sp=0x00000022ffcfa070
Event: 0.090 Thread 0x000001dfeb5fbfb0 DEOPT UNPACKING pc=0x000001df8759a4c2 sp=0x00000022ffcf9500 mode 0
Event: 0.090 Thread 0x000001dfeb5fbfb0 DEOPT PACKING pc=0x000001df800191fc sp=0x00000022ffcfa070
Event: 0.090 Thread 0x000001dfeb5fbfb0 DEOPT UNPACKING pc=0x000001df8759a4c2 sp=0x00000022ffcf9500 mode 0
Event: 0.090 Thread 0x000001dfeb5fbfb0 DEOPT PACKING pc=0x000001df800191fc sp=0x00000022ffcfa070
Event: 0.090 Thread 0x000001dfeb5fbfb0 DEOPT UNPACKING pc=0x000001df8759a4c2 sp=0x00000022ffcf9500 mode 0
Event: 0.090 Thread 0x000001dfeb5fbfb0 DEOPT PACKING pc=0x000001df800191fc sp=0x00000022ffcfa070
Event: 0.090 Thread 0x000001dfeb5fbfb0 DEOPT UNPACKING pc=0x000001df8759a4c2 sp=0x00000022ffcf9500 mode 0
Event: 0.090 Thread 0x000001dfeb5fbfb0 DEOPT PACKING pc=0x000001df800191fc sp=0x00000022ffcfa070
Event: 0.090 Thread 0x000001dfeb5fbfb0 DEOPT UNPACKING pc=0x000001df8759a4c2 sp=0x00000022ffcf9500 mode 0

Classes loaded (20 events):
Event: 0.179 Loading class sun/nio/ch/Net$1
Event: 0.179 Loading class java/net/ProtocolFamily
Event: 0.179 Loading class java/net/ProtocolFamily done
Event: 0.179 Loading class sun/nio/ch/Net$1 done
Event: 0.181 Loading class sun/net/ext/ExtendedSocketOptions
Event: 0.181 Loading class sun/net/ext/ExtendedSocketOptions done
Event: 0.181 Loading class jdk/net/ExtendedSocketOptions
Event: 0.181 Loading class jdk/net/ExtendedSocketOptions done
Event: 0.181 Loading class jdk/net/ExtendedSocketOptions$ExtSocketOption
Event: 0.181 Loading class java/net/SocketOption
Event: 0.181 Loading class java/net/SocketOption done
Event: 0.181 Loading class jdk/net/ExtendedSocketOptions$ExtSocketOption done
Event: 0.181 Loading class jdk/net/UnixDomainPrincipal
Event: 0.181 Loading class jdk/net/UnixDomainPrincipal done
Event: 0.181 Loading class jdk/net/ExtendedSocketOptions$PlatformSocketOptions
Event: 0.181 Loading class jdk/net/ExtendedSocketOptions$PlatformSocketOptions done
Event: 0.181 Loading class jdk/net/ExtendedSocketOptions$PlatformSocketOptions$1
Event: 0.181 Loading class jdk/net/ExtendedSocketOptions$PlatformSocketOptions$1 done
Event: 0.181 Loading class jdk/net/WindowsSocketOptions
Event: 0.181 Loading class jdk/net/WindowsSocketOptions done

Classes unloaded (0 events):
No events

Classes redefined (0 events):
No events

Internal exceptions (1 events):
Event: 0.158 Thread 0x000001dfeb5fbfb0 Exception <a 'java/lang/NoSuchMethodError'{0x0000000711b59ac8}: 'int java.lang.invoke.DirectMethodHandle$Holder.invokeStaticInit(java.lang.Object, java.lang.Object)'> (0x0000000711b59ac8) 
thrown [s\open\src\hotspot\share\interpreter\linkResolver.cpp, line 773]

VM Operations (4 events):
Event: 0.097 Executing VM operation: HandshakeAllThreads
Event: 0.098 Executing VM operation: HandshakeAllThreads done
Event: 0.180 Executing VM operation: HandshakeAllThreads
Event: 0.180 Executing VM operation: HandshakeAllThreads done

Events (12 events):
Event: 0.022 Thread 0x000001dfeb5fbfb0 Thread added: 0x000001dfeb5fbfb0
Event: 0.037 Thread 0x000001dffdc83620 Thread added: 0x000001dffdc83620
Event: 0.037 Thread 0x000001dffdc87920 Thread added: 0x000001dffdc87920
Event: 0.037 Thread 0x000001dffdc8a5e0 Thread added: 0x000001dffdc8a5e0
Event: 0.037 Thread 0x000001dffdc8ac30 Thread added: 0x000001dffdc8ac30
Event: 0.037 Thread 0x000001dffdc8bf10 Thread added: 0x000001dffdc8bf10
Event: 0.037 Thread 0x000001dffdc92500 Thread added: 0x000001dffdc92500
Event: 0.038 Thread 0x000001dffdc97940 Thread added: 0x000001dffdc97940
Event: 0.038 Thread 0x000001dffdc9ae20 Thread added: 0x000001dffdc9ae20
Event: 0.058 Thread 0x000001dffdef0fc0 Thread added: 0x000001dffdef0fc0
Event: 0.062 Thread 0x000001dffdf0c7b0 Thread added: 0x000001dffdf0c7b0
Event: 0.086 Thread 0x000001dffdf3a140 Thread added: 0x000001dffdf3a140


Dynamic libraries:
0x00007ff70f5f0000 - 0x00007ff70f600000 	C:\Program Files\Java\jdk-20\bin\javaw.exe
0x00007ffd53270000 - 0x00007ffd53487000 	C:\WINDOWS\SYSTEM32\ntdll.dll
0x00007ffd52170000 - 0x00007ffd52234000 	C:\WINDOWS\System32\KERNEL32.DLL
0x00007ffd505b0000 - 0x00007ffd50956000 	C:\WINDOWS\System32\KERNELBASE.dll
0x00007ffd50960000 - 0x00007ffd50a71000 	C:\WINDOWS\System32\ucrtbase.dll
0x00007ffd21320000 - 0x00007ffd21339000 	C:\Program Files\Java\jdk-20\bin\jli.dll
0x00007ffd21340000 - 0x00007ffd2135b000 	C:\Program Files\Java\jdk-20\bin\VCRUNTIME140.dll
0x00007ffd53090000 - 0x00007ffd53143000 	C:\WINDOWS\System32\ADVAPI32.dll
0x00007ffd52be0000 - 0x00007ffd52c87000 	C:\WINDOWS\System32\msvcrt.dll
0x00007ffd51a40000 - 0x00007ffd51ae8000 	C:\WINDOWS\System32\sechost.dll
0x00007ffd50bf0000 - 0x00007ffd50c18000 	C:\WINDOWS\System32\bcrypt.dll
0x00007ffd510d0000 - 0x00007ffd511e7000 	C:\WINDOWS\System32\RPCRT4.dll
0x00007ffd52c90000 - 0x00007ffd52e3e000 	C:\WINDOWS\System32\USER32.dll
0x00007ffd50d60000 - 0x00007ffd50d86000 	C:\WINDOWS\System32\win32u.dll
0x00007ffd4f7b0000 - 0x00007ffd4fa43000 	C:\WINDOWS\WinSxS\amd64_microsoft.windows.common-controls_6595b64144ccf1df_6.0.22621.2506_none_270c5ae97388e100\COMCTL32.dll
0x00007ffd522a0000 - 0x00007ffd522c9000 	C:\WINDOWS\System32\GDI32.dll
0x00007ffd50d90000 - 0x00007ffd50ea8000 	C:\WINDOWS\System32\gdi32full.dll
0x00007ffd50eb0000 - 0x00007ffd50f4a000 	C:\WINDOWS\System32\msvcp_win.dll
0x00007ffd4c9c0000 - 0x00007ffd4c9ca000 	C:\WINDOWS\SYSTEM32\VERSION.dll
0x00007ffd511f0000 - 0x00007ffd51221000 	C:\WINDOWS\System32\IMM32.DLL
0x00007ffd396f0000 - 0x00007ffd396fc000 	C:\Program Files\Java\jdk-20\bin\vcruntime140_1.dll
0x00007ffcdeeb0000 - 0x00007ffcdef3e000 	C:\Program Files\Java\jdk-20\bin\msvcp140.dll
0x00007ffcddc00000 - 0x00007ffcde897000 	C:\Program Files\Java\jdk-20\bin\server\jvm.dll
0x00007ffd23280000 - 0x00007ffd23289000 	C:\WINDOWS\SYSTEM32\WSOCK32.dll
0x00007ffd45440000 - 0x00007ffd45474000 	C:\WINDOWS\SYSTEM32\WINMM.dll
0x00007ffd51d60000 - 0x00007ffd51dd1000 	C:\WINDOWS\System32\WS2_32.dll
0x00007ffd4e6e0000 - 0x00007ffd4e6f8000 	C:\WINDOWS\SYSTEM32\kernel.appcore.dll
0x00007ffd21310000 - 0x00007ffd2131a000 	C:\Program Files\Java\jdk-20\bin\jimage.dll
0x00007ffd4fe40000 - 0x00007ffd50073000 	C:\WINDOWS\SYSTEM32\DBGHELP.DLL
0x00007ffd51de0000 - 0x00007ffd52169000 	C:\WINDOWS\System32\combase.dll
0x00007ffd53150000 - 0x00007ffd53227000 	C:\WINDOWS\System32\OLEAUT32.dll
0x00007ffd4fd20000 - 0x00007ffd4fd52000 	C:\WINDOWS\SYSTEM32\dbgcore.DLL
0x00007ffd50c20000 - 0x00007ffd50c9a000 	C:\WINDOWS\System32\bcryptPrimitives.dll
0x00007ffd212e0000 - 0x00007ffd21306000 	C:\Program Files\Java\jdk-20\bin\java.dll
0x00007ffcdedd0000 - 0x00007ffcdeea7000 	C:\Program Files\Java\jdk-20\bin\jsvml.dll
0x00007ffd522d0000 - 0x00007ffd52b2b000 	C:\WINDOWS\System32\SHELL32.dll
0x00007ffd4d600000 - 0x00007ffd4def6000 	C:\WINDOWS\SYSTEM32\windows.storage.dll
0x00007ffd4d4c0000 - 0x00007ffd4d5fe000 	C:\WINDOWS\SYSTEM32\wintypes.dll
0x00007ffd50fd0000 - 0x00007ffd510c3000 	C:\WINDOWS\System32\SHCORE.dll
0x00007ffd51ca0000 - 0x00007ffd51cfe000 	C:\WINDOWS\System32\shlwapi.dll
0x00007ffd504e0000 - 0x00007ffd50506000 	C:\WINDOWS\SYSTEM32\profapi.dll
0x00007ffd210f0000 - 0x00007ffd21103000 	C:\Program Files\Java\jdk-20\bin\net.dll
0x00007ffd44ca0000 - 0x00007ffd44dd7000 	C:\WINDOWS\SYSTEM32\WINHTTP.dll
0x00007ffd4f340000 - 0x00007ffd4f3a9000 	C:\WINDOWS\system32\mswsock.dll
0x00007ffd210d0000 - 0x00007ffd210e6000 	C:\Program Files\Java\jdk-20\bin\nio.dll
0x00007ffd210b0000 - 0x00007ffd210c8000 	C:\Program Files\Java\jdk-20\bin\zip.dll
0x00007ffd22700000 - 0x00007ffd22707000 	C:\Program Files\Java\jdk-20\bin\extnet.dll

dbghelp: loaded successfully - version: 4.0.5 - missing functions: none
symbol engine: initialized successfully - sym options: 0x614 - pdb path: .;C:\Program Files\Java\jdk-20\bin;C:\WINDOWS\SYSTEM32;C:\WINDOWS\WinSxS\amd64_microsoft.windows.common-controls_6595b64144ccf1df_6.0.22621.2506_none_270c5ae97388e100;C:\Program Files\Java\jdk-20\bin\server

VM Arguments:
jvm_args: -Dfile.encoding=UTF-8 -XX:+ShowCodeDetailsInExceptionMessages 
java_command: ScrollPerticularElement
java_class_path (initial): C:\Users\DELL\eclipse-workspace\Automation newbatch\bin;C:\Users\DELL\eclipse-workspace\Automation newbatch\jar\selenium-server-4.14.1.jar
Launcher Type: SUN_STANDARD

[Global flags]
     intx CICompilerCount                          = 4                                         {product} {ergonomic}
     uint ConcGCThreads                            = 2                                         {product} {ergonomic}
     uint G1ConcRefinementThreads                  = 8                                         {product} {ergonomic}
   size_t G1HeapRegionSize                         = 2097152                                   {product} {ergonomic}
    uintx GCDrainStackTargetSize                   = 64                                        {product} {ergonomic}
   size_t InitialHeapSize                          = 268435456                                 {product} {ergonomic}
   size_t MarkStackSize                            = 4194304                                   {product} {ergonomic}
   size_t MaxHeapSize                              = 4263510016                                {product} {ergonomic}
   size_t MaxNewSize                               = 2556428288                                {product} {ergonomic}
   size_t MinHeapDeltaBytes                        = 2097152                                   {product} {ergonomic}
   size_t MinHeapSize                              = 8388608                                   {product} {ergonomic}
    uintx NonNMethodCodeHeapSize                   = 5839372                                {pd product} {ergonomic}
    uintx NonProfiledCodeHeapSize                  = 122909434                              {pd product} {ergonomic}
    uintx ProfiledCodeHeapSize                     = 122909434                              {pd product} {ergonomic}
    uintx ReservedCodeCacheSize                    = 251658240                              {pd product} {ergonomic}
     bool SegmentedCodeCache                       = true                                      {product} {ergonomic}
     bool ShowCodeDetailsInExceptionMessages       = true                                   {manageable} {command line}
   size_t SoftMaxHeapSize                          = 4263510016                             {manageable} {ergonomic}
     bool UseCompressedClassPointers               = true                           {product lp64_product} {ergonomic}
     bool UseCompressedOops                        = true                           {product lp64_product} {ergonomic}
     bool UseG1GC                                  = true                                      {product} {ergonomic}
     bool UseLargePagesIndividualAllocation        = false                                  {pd product} {ergonomic}

Logging:
Log output configuration:
 #0: stdout all=warning uptime,level,tags foldmultilines=false
 #1: stderr all=off uptime,level,tags foldmultilines=false

Environment Variables:
PATH=C:\Program Files (x86)\VMware\VMware Player\bin\;C:\Program Files\Common Files\Oracle\Java\javapath;D:\oracle\product\10.2.0\db_4\bin;D:\oracle\product\10.2.0\db_3\bin;D:\oracle\product\10.2.0\db_2\bin;C:\WINDOWS\system32;C:\WINDOWS;C:\WINDOWS\System32\Wbem;C:\WINDOWS\System32\WindowsPowerShell\v1.0\;C:\WINDOWS\System32\OpenSSH\;C:\Program Files\Java\jdk-20\bin;C:\Program Files\nodejs\;C:\Users\DELL\AppData\Local\Android\Sdk\platform-tools;C:\Program Files\PuTTY\;C:\Users\DELL\AppData\Local\Microsoft\WindowsApps;C:\Users\DELL\AppData\Roaming\npm;C:\Users\DELL\AppData\Local\Programs\Fiddler
USERNAME=DELL
OS=Windows_NT
PROCESSOR_IDENTIFIER=Intel64 Family 6 Model 142 Stepping 10, GenuineIntel
TMP=C:\Users\DELL\AppData\Local\Temp
TEMP=C:\Users\DELL\AppData\Local\Temp




---------------  S Y S T E M  ---------------

OS:
 Windows 11 , 64 bit Build 22621 (10.0.22621.3085)
OS uptime: 3 days 9:03 hours

CPU: total 8 (initial active 8) (4 cores per cpu, 2 threads per core) family 6 model 142 stepping 10 microcode 0xf0, cx8, cmov, fxsr, ht, mmx, 3dnowpref, sse, sse2, sse3, ssse3, sse4.1, sse4.2, popcnt, lzcnt, tsc, tscinvbit, avx, avx2, aes, erms, clmul, bmi1, bmi2, rtm, adx, fma, vzeroupper, clflush, clflushopt, rdtscp, f16c

Memory: 4k page, system-wide physical 16262M (6256M free)
TotalPageFile size 28950M (AvailPageFile size 5M)
current process WorkingSet (physical memory assigned to process): 39M, peak: 39M
current process commit charge ("private bytes"): 341M, peak: 341M

vm_info: Java HotSpot(TM) 64-Bit Server VM (20+36-2344) for windows-amd64 JRE (20+36-2344), built on 2023-02-10T19:30:15Z by "mach5one" with MS VC++ 17.1 (VS2022)

END.
