#
# There is insufficient memory for the Java Runtime Environment to continue.
# Native memory allocation (mmap) failed to map 268435456 bytes for G1 virtual space
# Possible reasons:
#   The system is out of physical RAM or swap space
#   The process is running with CompressedOops enabled, and the Java Heap may be blocking the growth of the native heap
# Possible solutions:
#   Reduce memory load on the system
#   Increase physical memory or swap space
#   Check if swap backing store is full
#   Decrease Java heap size (-Xmx/-Xms)
#   Decrease number of Java threads
#   Decrease Java thread stack sizes (-Xss)
#   Set larger code cache with -XX:ReservedCodeCacheSize=
#   JVM is running with Zero Based Compressed Oops mode in which the Java heap is
#     placed in the first 32GB address space. The Java Heap base address is the
#     maximum limit for the native heap growth. Please use -XX:HeapBaseMinAddress
#     to set the Java Heap base and to place the Java Heap above 32GB virtual address.
# This output file may be truncated or incomplete.
#
#  Out of Memory Error (os_windows.cpp:3528), pid=24736, tid=4192
#
# JRE version:  (20.0+36) (build )
# Java VM: Java HotSpot(TM) 64-Bit Server VM (20+36-2344, mixed mode, sharing, tiered, compressed oops, compressed class ptrs, g1 gc, windows-amd64)
# No core dump will be written. Minidumps are not enabled by default on client versions of Windows
#

---------------  S U M M A R Y ------------

Command Line: -Dfile.encoding=UTF-8 -XX:+ShowCodeDetailsInExceptionMessages ScrollPerticularElement

Host: Intel(R) Core(TM) i7-8650U CPU @ 1.90GHz, 8 cores, 15G,  Windows 11 , 64 bit Build 22621 (10.0.22621.3085)
Time: Fri Mar 15 20:44:03 2024 India Standard Time elapsed time: 0.020717 seconds (0d 0h 0m 0s)

---------------  T H R E A D  ---------------

Current thread (0x000001d66011f020):  JavaThread "Unknown thread" [_thread_in_vm, id=4192, stack(0x000000d5de900000,0x000000d5dea00000)]

Stack: [0x000000d5de900000,0x000000d5dea00000]
Native frames: (J=compiled Java code, j=interpreted, Vv=VM code, C=native code)
V  [jvm.dll+0x6bb95a]
V  [jvm.dll+0x8483aa]
V  [jvm.dll+0x849fa5]
V  [jvm.dll+0x84a6a3]
V  [jvm.dll+0x280b0f]
V  [jvm.dll+0x6b86e9]
V  [jvm.dll+0x6ad2da]
V  [jvm.dll+0x35adf5]
V  [jvm.dll+0x363016]
V  [jvm.dll+0x3b3b3e]
V  [jvm.dll+0x3b3dc5]
V  [jvm.dll+0x32b50a]
V  [jvm.dll+0x32c32b]
V  [jvm.dll+0x81106f]
V  [jvm.dll+0x3c0d91]
V  [jvm.dll+0x7fcd93]
V  [jvm.dll+0x44c76f]
V  [jvm.dll+0x44e0e1]
C  [jli.dll+0x5287]
C  [ucrtbase.dll+0x29363]
C  [KERNEL32.DLL+0x1257d]
C  [ntdll.dll+0x5aa58]


---------------  P R O C E S S  ---------------

Threads class SMR info:
_java_thread_list=0x00007ffcde75a098, length=0, elements={
}

Java Threads: ( => current thread )

Other Threads:
  0x000001d660193b90 WorkerThread "GC Thread#0" [stack: 0x000000d5dea00000,0x000000d5deb00000] [id=23764]
  0x000001d6601a48b0 ConcurrentGCThread "G1 Main Marker" [stack: 0x000000d5deb00000,0x000000d5dec00000] [id=17032]
  0x000001d6601a5480 WorkerThread "G1 Conc#0" [stack: 0x000000d5dec00000,0x000000d5ded00000] [id=20500]

[error occurred during error reporting (printing all threads), id 0xc0000005, EXCEPTION_ACCESS_VIOLATION (0xc0000005) at pc=0x00007ffcddf3eb47]
VM state: not at safepoint (not fully initialized)

VM Mutex/Monitor currently owned by a thread:  ([mutex/lock_event])
[0x000001d66011a500] Heap_lock - owner thread: 0x000001d66011f020

Heap address: 0x0000000701e00000, size: 4066 MB, Compressed Oops mode: Zero based, Oop shift amount: 3

CDS archive(s) mapped at: [0x0000000000000000-0x0000000000000000-0x0000000000000000), size 0, SharedBaseAddress: 0x0000000800000000, ArchiveRelocationMode: 0.
Narrow klass base: 0x0000000000000000, Narrow klass shift: 0, Narrow klass range: 0x0

GC Precious Log:
 CardTable entry size: 512
 Card Set container configuration: InlinePtr #cards 4 size 8 Array Of Cards #cards 16 size 48 Howl #buckets 8 coarsen threshold 3686 Howl Bitmap #cards 512 size 80 coarsen threshold 460 Card regions per heap region 1 cards per card region 4096

Heap:
 garbage-first heap   total 0K, used 0K [0x0000000701e00000, 0x0000000800000000)
  region size 2048K, 0 young (0K), 0 survivors (0K)

[error occurred during error reporting (printing heap information), id 0xc0000005, EXCEPTION_ACCESS_VIOLATION (0xc0000005) at pc=0x00007ffcde313c59]
GC Heap History (0 events):
No events

Dll operation events (1 events):
Event: 0.008 Loaded shared library C:\Program Files\Java\jdk-20\bin\java.dll

Deoptimization events (0 events):
No events

Classes loaded (0 events):
No events

Classes unloaded (0 events):
No events

Classes redefined (0 events):
No events

Internal exceptions (0 events):
No events

VM Operations (0 events):
No events

Events (0 events):
No events


Dynamic libraries:
0x00007ff70f5f0000 - 0x00007ff70f600000 	C:\Program Files\Java\jdk-20\bin\javaw.exe
0x00007ffd53270000 - 0x00007ffd53487000 	C:\WINDOWS\SYSTEM32\ntdll.dll
0x00007ffd52170000 - 0x00007ffd52234000 	C:\WINDOWS\System32\KERNEL32.DLL
0x00007ffd505b0000 - 0x00007ffd50956000 	C:\WINDOWS\System32\KERNELBASE.dll
0x00007ffd50960000 - 0x00007ffd50a71000 	C:\WINDOWS\System32\ucrtbase.dll
0x00007ffd21340000 - 0x00007ffd2135b000 	C:\Program Files\Java\jdk-20\bin\VCRUNTIME140.dll
0x00007ffd21320000 - 0x00007ffd21339000 	C:\Program Files\Java\jdk-20\bin\jli.dll
0x00007ffd53090000 - 0x00007ffd53143000 	C:\WINDOWS\System32\ADVAPI32.dll
0x00007ffd52be0000 - 0x00007ffd52c87000 	C:\WINDOWS\System32\msvcrt.dll
0x00007ffd51a40000 - 0x00007ffd51ae8000 	C:\WINDOWS\System32\sechost.dll
0x00007ffd50bf0000 - 0x00007ffd50c18000 	C:\WINDOWS\System32\bcrypt.dll
0x00007ffd510d0000 - 0x00007ffd511e7000 	C:\WINDOWS\System32\RPCRT4.dll
0x00007ffd52c90000 - 0x00007ffd52e3e000 	C:\WINDOWS\System32\USER32.dll
0x00007ffd50d60000 - 0x00007ffd50d86000 	C:\WINDOWS\System32\win32u.dll
0x00007ffd4f7b0000 - 0x00007ffd4fa43000 	C:\WINDOWS\WinSxS\amd64_microsoft.windows.common-controls_6595b64144ccf1df_6.0.22621.2506_none_270c5ae97388e100\COMCTL32.dll
0x00007ffd522a0000 - 0x00007ffd522c9000 	C:\WINDOWS\System32\GDI32.dll
0x00007ffd50d90000 - 0x00007ffd50ea8000 	C:\WINDOWS\System32\gdi32full.dll
0x00007ffd50eb0000 - 0x00007ffd50f4a000 	C:\WINDOWS\System32\msvcp_win.dll
0x00007ffd4c9c0000 - 0x00007ffd4c9ca000 	C:\WINDOWS\SYSTEM32\VERSION.dll
0x00007ffd511f0000 - 0x00007ffd51221000 	C:\WINDOWS\System32\IMM32.DLL
0x00007ffd396f0000 - 0x00007ffd396fc000 	C:\Program Files\Java\jdk-20\bin\vcruntime140_1.dll
0x00007ffcdeeb0000 - 0x00007ffcdef3e000 	C:\Program Files\Java\jdk-20\bin\msvcp140.dll
0x00007ffcddc00000 - 0x00007ffcde897000 	C:\Program Files\Java\jdk-20\bin\server\jvm.dll
0x00007ffd23280000 - 0x00007ffd23289000 	C:\WINDOWS\SYSTEM32\WSOCK32.dll
0x00007ffd45440000 - 0x00007ffd45474000 	C:\WINDOWS\SYSTEM32\WINMM.dll
0x00007ffd51d60000 - 0x00007ffd51dd1000 	C:\WINDOWS\System32\WS2_32.dll
0x00007ffd4e6e0000 - 0x00007ffd4e6f8000 	C:\WINDOWS\SYSTEM32\kernel.appcore.dll
0x00007ffd21310000 - 0x00007ffd2131a000 	C:\Program Files\Java\jdk-20\bin\jimage.dll
0x00007ffd4fe40000 - 0x00007ffd50073000 	C:\WINDOWS\SYSTEM32\DBGHELP.DLL
0x00007ffd51de0000 - 0x00007ffd52169000 	C:\WINDOWS\System32\combase.dll
0x00007ffd53150000 - 0x00007ffd53227000 	C:\WINDOWS\System32\OLEAUT32.dll
0x00007ffd4fd20000 - 0x00007ffd4fd52000 	C:\WINDOWS\SYSTEM32\dbgcore.DLL
0x00007ffd50c20000 - 0x00007ffd50c9a000 	C:\WINDOWS\System32\bcryptPrimitives.dll
0x00007ffd212e0000 - 0x00007ffd21306000 	C:\Program Files\Java\jdk-20\bin\java.dll

dbghelp: loaded successfully - version: 4.0.5 - missing functions: none
symbol engine: initialized successfully - sym options: 0x614 - pdb path: .;C:\Program Files\Java\jdk-20\bin;C:\WINDOWS\SYSTEM32;C:\WINDOWS\WinSxS\amd64_microsoft.windows.common-controls_6595b64144ccf1df_6.0.22621.2506_none_270c5ae97388e100;C:\Program Files\Java\jdk-20\bin\server

VM Arguments:
jvm_args: -Dfile.encoding=UTF-8 -XX:+ShowCodeDetailsInExceptionMessages 
java_command: ScrollPerticularElement
java_class_path (initial): C:\Users\DELL\eclipse-workspace\Automation newbatch\bin;C:\Users\DELL\eclipse-workspace\Automation newbatch\jar\selenium-server-4.14.1.jar
Launcher Type: SUN_STANDARD

[Global flags]
     intx CICompilerCount                          = 4                                         {product} {ergonomic}
     uint ConcGCThreads                            = 2                                         {product} {ergonomic}
     uint G1ConcRefinementThreads                  = 8                                         {product} {ergonomic}
   size_t G1HeapRegionSize                         = 2097152                                   {product} {ergonomic}
    uintx GCDrainStackTargetSize                   = 64                                        {product} {ergonomic}
   size_t InitialHeapSize                          = 268435456                                 {product} {ergonomic}
   size_t MarkStackSize                            = 4194304                                   {product} {ergonomic}
   size_t MaxHeapSize                              = 4263510016                                {product} {ergonomic}
   size_t MinHeapDeltaBytes                        = 2097152                                   {product} {ergonomic}
   size_t MinHeapSize                              = 8388608                                   {product} {ergonomic}
    uintx NonNMethodCodeHeapSize                   = 5839372                                {pd product} {ergonomic}
    uintx NonProfiledCodeHeapSize                  = 122909434                              {pd product} {ergonomic}
    uintx ProfiledCodeHeapSize                     = 122909434                              {pd product} {ergonomic}
    uintx ReservedCodeCacheSize                    = 251658240                              {pd product} {ergonomic}
     bool SegmentedCodeCache                       = true                                      {product} {ergonomic}
     bool ShowCodeDetailsInExceptionMessages       = true                                   {manageable} {command line}
   size_t SoftMaxHeapSize                          = 4263510016                             {manageable} {ergonomic}
     bool UseCompressedClassPointers               = true                           {product lp64_product} {ergonomic}
     bool UseCompressedOops                        = true                           {product lp64_product} {ergonomic}
     bool UseG1GC                                  = true                                      {product} {ergonomic}
     bool UseLargePagesIndividualAllocation        = false                                  {pd product} {ergonomic}

Logging:
Log output configuration:
 #0: stdout all=warning uptime,level,tags foldmultilines=false
 #1: stderr all=off uptime,level,tags foldmultilines=false

Environment Variables:
PATH=C:\Program Files (x86)\VMware\VMware Player\bin\;C:\Program Files\Common Files\Oracle\Java\javapath;D:\oracle\product\10.2.0\db_4\bin;D:\oracle\product\10.2.0\db_3\bin;D:\oracle\product\10.2.0\db_2\bin;C:\WINDOWS\system32;C:\WINDOWS;C:\WINDOWS\System32\Wbem;C:\WINDOWS\System32\WindowsPowerShell\v1.0\;C:\WINDOWS\System32\OpenSSH\;C:\Program Files\Java\jdk-20\bin;C:\Program Files\nodejs\;C:\Users\DELL\AppData\Local\Android\Sdk\platform-tools;C:\Program Files\PuTTY\;C:\Users\DELL\AppData\Local\Microsoft\WindowsApps;C:\Users\DELL\AppData\Roaming\npm;C:\Users\DELL\AppData\Local\Programs\Fiddler
USERNAME=DELL
OS=Windows_NT
PROCESSOR_IDENTIFIER=Intel64 Family 6 Model 142 Stepping 10, GenuineIntel
TMP=C:\Users\DELL\AppData\Local\Temp
TEMP=C:\Users\DELL\AppData\Local\Temp




---------------  S Y S T E M  ---------------

OS:
 Windows 11 , 64 bit Build 22621 (10.0.22621.3085)
OS uptime: 3 days 8:41 hours

CPU: total 8 (initial active 8) (4 cores per cpu, 2 threads per core) family 6 model 142 stepping 10 microcode 0xf0, cx8, cmov, fxsr, ht, mmx, 3dnowpref, sse, sse2, sse3, ssse3, sse4.1, sse4.2, popcnt, lzcnt, tsc, tscinvbit, avx, avx2, aes, erms, clmul, bmi1, bmi2, rtm, adx, fma, vzeroupper, clflush, clflushopt, rdtscp, f16c

Memory: 4k page, system-wide physical 16262M (5328M free)
TotalPageFile size 28950M (AvailPageFile size 166M)
current process WorkingSet (physical memory assigned to process): 11M, peak: 11M
current process commit charge ("private bytes"): 60M, peak: 316M

vm_info: Java HotSpot(TM) 64-Bit Server VM (20+36-2344) for windows-amd64 JRE (20+36-2344), built on 2023-02-10T19:30:15Z by "mach5one" with MS VC++ 17.1 (VS2022)

END.
