#
# There is insufficient memory for the Java Runtime Environment to continue.
# Native memory allocation (malloc) failed to allocate 72176 bytes for Chunk::new
# Possible reasons:
#   The system is out of physical RAM or swap space
#   The process is running with CompressedOops enabled, and the Java Heap may be blocking the growth of the native heap
# Possible solutions:
#   Reduce memory load on the system
#   Increase physical memory or swap space
#   Check if swap backing store is full
#   Decrease Java heap size (-Xmx/-Xms)
#   Decrease number of Java threads
#   Decrease Java thread stack sizes (-Xss)
#   Set larger code cache with -XX:ReservedCodeCacheSize=
#   JVM is running with Zero Based Compressed Oops mode in which the Java heap is
#     placed in the first 32GB address space. The Java Heap base address is the
#     maximum limit for the native heap growth. Please use -XX:HeapBaseMinAddress
#     to set the Java Heap base and to place the Java Heap above 32GB virtual address.
# This output file may be truncated or incomplete.
#
#  Out of Memory Error (arena.cpp:184), pid=26660, tid=23120
#
# JRE version: Java(TM) SE Runtime Environment (20.0+36) (build 20+36-2344)
# Java VM: Java HotSpot(TM) 64-Bit Server VM (20+36-2344, mixed mode, sharing, tiered, compressed oops, compressed class ptrs, g1 gc, windows-amd64)
# No core dump will be written. Minidumps are not enabled by default on client versions of Windows
#

---------------  S U M M A R Y ------------

Command Line: -Dfile.encoding=UTF-8 -XX:+ShowCodeDetailsInExceptionMessages AlertWithOkCancelButton

Host: Intel(R) Core(TM) i7-8650U CPU @ 1.90GHz, 8 cores, 15G,  Windows 11 , 64 bit Build 22621 (10.0.22621.3085)
Time: Wed Mar  6 22:35:59 2024 India Standard Time elapsed time: 8030.038351 seconds (0d 2h 13m 50s)

---------------  T H R E A D  ---------------

Current thread (0x00000265fe8f2fb0):  JavaThread "C2 CompilerThread0" daemon [_thread_in_native, id=23120, stack(0x000000da58100000,0x000000da58200000)]


Current CompileTask:
C2:8030038 1796       4       sun.nio.ch.SelectorImpl::select (35 bytes)

Stack: [0x000000da58100000,0x000000da58200000]
Native frames: (J=compiled Java code, j=interpreted, Vv=VM code, C=native code)
V  [jvm.dll+0x6bb95a]
V  [jvm.dll+0x8483aa]
V  [jvm.dll+0x849fa5]
V  [jvm.dll+0x84a6a3]
V  [jvm.dll+0x280b0f]
V  [jvm.dll+0xc2b11]
V  [jvm.dll+0xc2e35]
V  [jvm.dll+0x3bb17c]
V  [jvm.dll+0x1e68bb]
V  [jvm.dll+0x24b3ab]
V  [jvm.dll+0x24a651]
V  [jvm.dll+0x1ce491]
V  [jvm.dll+0x259e1b]
V  [jvm.dll+0x2584f0]
V  [jvm.dll+0x3f2895]
V  [jvm.dll+0x7f4906]
V  [jvm.dll+0x6ba5cb]
C  [ucrtbase.dll+0x29363]
C  [KERNEL32.DLL+0x1257d]
C  [ntdll.dll+0x5aa58]


---------------  P R O C E S S  ---------------

Threads class SMR info:
_java_thread_list=0x00000265ec350b60, length=16, elements={
0x00000265fe8d96d0, 0x00000265fe8db120, 0x00000265fe8dc6e0, 0x00000265fe8e1230,
0x00000265fe8e3b80, 0x00000265fe8e44c0, 0x00000265fe8f2fb0, 0x00000265fe8fd560,
0x00000265feb58060, 0x00000265feb5a080, 0x00000265ff74baa0, 0x00000265ff781030,
0x00000265ff781580, 0x00000265ff795010, 0x00000265ff7bcc50, 0x00000265ff7ba720
}

Java Threads: ( => current thread )
  0x00000265fe8d96d0 JavaThread "Reference Handler" daemon [_thread_blocked, id=15152, stack(0x000000da57b00000,0x000000da57c00000)]
  0x00000265fe8db120 JavaThread "Finalizer" daemon [_thread_blocked, id=35324, stack(0x000000da57c00000,0x000000da57d00000)]
  0x00000265fe8dc6e0 JavaThread "Signal Dispatcher" daemon [_thread_blocked, id=21656, stack(0x000000da57d00000,0x000000da57e00000)]
  0x00000265fe8e1230 JavaThread "Attach Listener" daemon [_thread_blocked, id=32616, stack(0x000000da57e00000,0x000000da57f00000)]
  0x00000265fe8e3b80 JavaThread "Service Thread" daemon [_thread_blocked, id=28616, stack(0x000000da57f00000,0x000000da58000000)]
  0x00000265fe8e44c0 JavaThread "Monitor Deflation Thread" daemon [_thread_blocked, id=19928, stack(0x000000da58000000,0x000000da58100000)]
=>0x00000265fe8f2fb0 JavaThread "C2 CompilerThread0" daemon [_thread_in_native, id=23120, stack(0x000000da58100000,0x000000da58200000)]
  0x00000265fe8fd560 JavaThread "C1 CompilerThread0" daemon [_thread_blocked, id=16360, stack(0x000000da58200000,0x000000da58300000)]
  0x00000265feb58060 JavaThread "Notification Thread" daemon [_thread_blocked, id=23808, stack(0x000000da58300000,0x000000da58400000)]
  0x00000265feb5a080 JavaThread "Common-Cleaner" daemon [_thread_blocked, id=10712, stack(0x000000da58500000,0x000000da58600000)]
  0x00000265ff74baa0 JavaThread "HttpClient-1-SelectorManager" daemon [_thread_in_native, id=26784, stack(0x000000da58700000,0x000000da58800000)]
  0x00000265ff781030 JavaThread "Thread-3" [_thread_in_native, id=27504, stack(0x000000da58800000,0x000000da58900000)]
  0x00000265ff781580 JavaThread "Driver Service Executor" daemon [_thread_blocked, id=31680, stack(0x000000da58900000,0x000000da58a00000)]
  0x00000265ff795010 JavaThread "Driver Service Executor" daemon [_thread_blocked, id=12052, stack(0x000000da58a00000,0x000000da58b00000)]
  0x00000265ff7bcc50 JavaThread "HttpClient-2-SelectorManager" daemon [_thread_in_native, id=19864, stack(0x000000da59800000,0x000000da59900000)]
  0x00000265ff7ba720 JavaThread "DestroyJavaVM" [_thread_blocked, id=29620, stack(0x000000da57400000,0x000000da57500000)]

Other Threads:
  0x00000265fe8b93b0 VMThread "VM Thread" [stack: 0x000000da57a00000,0x000000da57b00000] [id=34000]
  0x00000265feb58dc0 WatcherThread "VM Periodic Task Thread" [stack: 0x000000da58400000,0x000000da58500000] [id=28708]
  0x00000265ec3be0c0 WorkerThread "GC Thread#0" [stack: 0x000000da57500000,0x000000da57600000] [id=35164]
  0x00000265ff7cebb0 WorkerThread "GC Thread#1" [stack: 0x000000da58e00000,0x000000da58f00000] [id=26724]
  0x00000265ff7cee80 WorkerThread "GC Thread#2" [stack: 0x000000da58f00000,0x000000da59000000] [id=33468]
  0x00000265ff8189e0 WorkerThread "GC Thread#3" [stack: 0x000000da59000000,0x000000da59100000] [id=23156]
  0x00000265ff818440 WorkerThread "GC Thread#4" [stack: 0x000000da59100000,0x000000da59200000] [id=14516]
  0x00000265ff817900 WorkerThread "GC Thread#5" [stack: 0x000000da59200000,0x000000da59300000] [id=17120]
  0x00000265ff817090 WorkerThread "GC Thread#6" [stack: 0x000000da59300000,0x000000da59400000] [id=33056]
  0x00000265ff817bd0 WorkerThread "GC Thread#7" [stack: 0x000000da59400000,0x000000da59500000] [id=30696]
  0x00000265ec3cede0 ConcurrentGCThread "G1 Main Marker" [stack: 0x000000da57600000,0x000000da57700000] [id=22288]
  0x00000265ec3d0150 WorkerThread "G1 Conc#0" [stack: 0x000000da57700000,0x000000da57800000] [id=33696]
  0x00000265ec40e830 ConcurrentGCThread "G1 Refine#0" [stack: 0x000000da57800000,0x000000da57900000] [id=31032]
  0x00000265fe7634b0 ConcurrentGCThread "G1 Service" [stack: 0x000000da57900000,0x000000da57a00000] [id=31876]

Threads with active compile tasks:
C2 CompilerThread0  8030115 1796       4       sun.nio.ch.SelectorImpl::select (35 bytes)

VM state: not at safepoint (normal execution)

VM Mutex/Monitor currently owned by a thread: None

Heap address: 0x0000000701e00000, size: 4066 MB, Compressed Oops mode: Zero based, Oop shift amount: 3

CDS archive(s) mapped at: [0x0000000800000000-0x0000000800c60000-0x0000000800c60000), size 12976128, SharedBaseAddress: 0x0000000800000000, ArchiveRelocationMode: 0.
Compressed class space mapped at: 0x0000000801000000-0x0000000841000000, reserved size: 1073741824
Narrow klass base: 0x0000000800000000, Narrow klass shift: 0, Narrow klass range: 0x100000000

GC Precious Log:
 CardTable entry size: 512
 Card Set container configuration: InlinePtr #cards 4 size 8 Array Of Cards #cards 16 size 48 Howl #buckets 8 coarsen threshold 3686 Howl Bitmap #cards 512 size 80 coarsen threshold 460 Card regions per heap region 1 cards per card region 4096
 CPUs: 8 total, 8 available
 Memory: 16262M
 Large Page Support: Disabled
 NUMA Support: Disabled
 Compressed Oops: Enabled (Zero based)
 Heap Region Size: 2M
 Heap Min Capacity: 8M
 Heap Initial Capacity: 256M
 Heap Max Capacity: 4066M
 Pre-touch: Disabled
 Parallel Workers: 8
 Concurrent Workers: 2
 Concurrent Refinement Workers: 8
 Periodic GC: Disabled

Heap:
 garbage-first heap   total 262144K, used 20535K [0x0000000701e00000, 0x0000000800000000)
  region size 2048K, 9 young (18432K), 2 survivors (4096K)
 Metaspace       used 13488K, committed 13824K, reserved 1114112K
  class space    used 1628K, committed 1792K, reserved 1048576K

Heap Regions: E=young(eden), S=young(survivor), O=old, HS=humongous(starts), HC=humongous(continues), CS=collection set, F=free, OA=open archive, CA=closed archive, TAMS=top-at-mark-start, PB=parsable bottom
|   0|0x0000000701e00000, 0x0000000702000000, 0x0000000702000000|100%|HS|  |TAMS 0x0000000701e00000| PB 0x0000000701e00000| Complete 
|   1|0x0000000702000000, 0x0000000702200000, 0x0000000702200000|100%|HC|  |TAMS 0x0000000702000000| PB 0x0000000702000000| Complete 
|   2|0x0000000702200000, 0x000000070220dc00, 0x0000000702400000|  2%| O|  |TAMS 0x0000000702200000| PB 0x0000000702200000| Untracked 
|   3|0x0000000702400000, 0x0000000702400000, 0x0000000702600000|  0%| F|  |TAMS 0x0000000702400000| PB 0x0000000702400000| Untracked 
|   4|0x0000000702600000, 0x0000000702600000, 0x0000000702800000|  0%| F|  |TAMS 0x0000000702600000| PB 0x0000000702600000| Untracked 
|   5|0x0000000702800000, 0x0000000702800000, 0x0000000702a00000|  0%| F|  |TAMS 0x0000000702800000| PB 0x0000000702800000| Untracked 
|   6|0x0000000702a00000, 0x0000000702a00000, 0x0000000702c00000|  0%| F|  |TAMS 0x0000000702a00000| PB 0x0000000702a00000| Untracked 
|   7|0x0000000702c00000, 0x0000000702c00000, 0x0000000702e00000|  0%| F|  |TAMS 0x0000000702c00000| PB 0x0000000702c00000| Untracked 
|   8|0x0000000702e00000, 0x0000000702e00000, 0x0000000703000000|  0%| F|  |TAMS 0x0000000702e00000| PB 0x0000000702e00000| Untracked 
|   9|0x0000000703000000, 0x0000000703000000, 0x0000000703200000|  0%| F|  |TAMS 0x0000000703000000| PB 0x0000000703000000| Untracked 
|  10|0x0000000703200000, 0x0000000703200000, 0x0000000703400000|  0%| F|  |TAMS 0x0000000703200000| PB 0x0000000703200000| Untracked 
|  11|0x0000000703400000, 0x0000000703400000, 0x0000000703600000|  0%| F|  |TAMS 0x0000000703400000| PB 0x0000000703400000| Untracked 
|  12|0x0000000703600000, 0x0000000703600000, 0x0000000703800000|  0%| F|  |TAMS 0x0000000703600000| PB 0x0000000703600000| Untracked 
|  13|0x0000000703800000, 0x0000000703800000, 0x0000000703a00000|  0%| F|  |TAMS 0x0000000703800000| PB 0x0000000703800000| Untracked 
|  14|0x0000000703a00000, 0x0000000703a00000, 0x0000000703c00000|  0%| F|  |TAMS 0x0000000703a00000| PB 0x0000000703a00000| Untracked 
|  15|0x0000000703c00000, 0x0000000703c00000, 0x0000000703e00000|  0%| F|  |TAMS 0x0000000703c00000| PB 0x0000000703c00000| Untracked 
|  16|0x0000000703e00000, 0x0000000703e00000, 0x0000000704000000|  0%| F|  |TAMS 0x0000000703e00000| PB 0x0000000703e00000| Untracked 
|  17|0x0000000704000000, 0x0000000704000000, 0x0000000704200000|  0%| F|  |TAMS 0x0000000704000000| PB 0x0000000704000000| Untracked 
|  18|0x0000000704200000, 0x0000000704200000, 0x0000000704400000|  0%| F|  |TAMS 0x0000000704200000| PB 0x0000000704200000| Untracked 
|  19|0x0000000704400000, 0x0000000704400000, 0x0000000704600000|  0%| F|  |TAMS 0x0000000704400000| PB 0x0000000704400000| Untracked 
|  20|0x0000000704600000, 0x0000000704600000, 0x0000000704800000|  0%| F|  |TAMS 0x0000000704600000| PB 0x0000000704600000| Untracked 
|  21|0x0000000704800000, 0x0000000704800000, 0x0000000704a00000|  0%| F|  |TAMS 0x0000000704800000| PB 0x0000000704800000| Untracked 
|  22|0x0000000704a00000, 0x0000000704a00000, 0x0000000704c00000|  0%| F|  |TAMS 0x0000000704a00000| PB 0x0000000704a00000| Untracked 
|  23|0x0000000704c00000, 0x0000000704c00000, 0x0000000704e00000|  0%| F|  |TAMS 0x0000000704c00000| PB 0x0000000704c00000| Untracked 
|  24|0x0000000704e00000, 0x0000000704e00000, 0x0000000705000000|  0%| F|  |TAMS 0x0000000704e00000| PB 0x0000000704e00000| Untracked 
|  25|0x0000000705000000, 0x0000000705000000, 0x0000000705200000|  0%| F|  |TAMS 0x0000000705000000| PB 0x0000000705000000| Untracked 
|  26|0x0000000705200000, 0x0000000705200000, 0x0000000705400000|  0%| F|  |TAMS 0x0000000705200000| PB 0x0000000705200000| Untracked 
|  27|0x0000000705400000, 0x0000000705400000, 0x0000000705600000|  0%| F|  |TAMS 0x0000000705400000| PB 0x0000000705400000| Untracked 
|  28|0x0000000705600000, 0x0000000705600000, 0x0000000705800000|  0%| F|  |TAMS 0x0000000705600000| PB 0x0000000705600000| Untracked 
|  29|0x0000000705800000, 0x0000000705800000, 0x0000000705a00000|  0%| F|  |TAMS 0x0000000705800000| PB 0x0000000705800000| Untracked 
|  30|0x0000000705a00000, 0x0000000705a00000, 0x0000000705c00000|  0%| F|  |TAMS 0x0000000705a00000| PB 0x0000000705a00000| Untracked 
|  31|0x0000000705c00000, 0x0000000705c00000, 0x0000000705e00000|  0%| F|  |TAMS 0x0000000705c00000| PB 0x0000000705c00000| Untracked 
|  32|0x0000000705e00000, 0x0000000705e00000, 0x0000000706000000|  0%| F|  |TAMS 0x0000000705e00000| PB 0x0000000705e00000| Untracked 
|  33|0x0000000706000000, 0x0000000706000000, 0x0000000706200000|  0%| F|  |TAMS 0x0000000706000000| PB 0x0000000706000000| Untracked 
|  34|0x0000000706200000, 0x0000000706200000, 0x0000000706400000|  0%| F|  |TAMS 0x0000000706200000| PB 0x0000000706200000| Untracked 
|  35|0x0000000706400000, 0x0000000706400000, 0x0000000706600000|  0%| F|  |TAMS 0x0000000706400000| PB 0x0000000706400000| Untracked 
|  36|0x0000000706600000, 0x0000000706600000, 0x0000000706800000|  0%| F|  |TAMS 0x0000000706600000| PB 0x0000000706600000| Untracked 
|  37|0x0000000706800000, 0x0000000706800000, 0x0000000706a00000|  0%| F|  |TAMS 0x0000000706800000| PB 0x0000000706800000| Untracked 
|  38|0x0000000706a00000, 0x0000000706a00000, 0x0000000706c00000|  0%| F|  |TAMS 0x0000000706a00000| PB 0x0000000706a00000| Untracked 
|  39|0x0000000706c00000, 0x0000000706c00000, 0x0000000706e00000|  0%| F|  |TAMS 0x0000000706c00000| PB 0x0000000706c00000| Untracked 
|  40|0x0000000706e00000, 0x0000000706e00000, 0x0000000707000000|  0%| F|  |TAMS 0x0000000706e00000| PB 0x0000000706e00000| Untracked 
|  41|0x0000000707000000, 0x0000000707000000, 0x0000000707200000|  0%| F|  |TAMS 0x0000000707000000| PB 0x0000000707000000| Untracked 
|  42|0x0000000707200000, 0x0000000707200000, 0x0000000707400000|  0%| F|  |TAMS 0x0000000707200000| PB 0x0000000707200000| Untracked 
|  43|0x0000000707400000, 0x0000000707400000, 0x0000000707600000|  0%| F|  |TAMS 0x0000000707400000| PB 0x0000000707400000| Untracked 
|  44|0x0000000707600000, 0x0000000707600000, 0x0000000707800000|  0%| F|  |TAMS 0x0000000707600000| PB 0x0000000707600000| Untracked 
|  45|0x0000000707800000, 0x0000000707800000, 0x0000000707a00000|  0%| F|  |TAMS 0x0000000707800000| PB 0x0000000707800000| Untracked 
|  46|0x0000000707a00000, 0x0000000707a00000, 0x0000000707c00000|  0%| F|  |TAMS 0x0000000707a00000| PB 0x0000000707a00000| Untracked 
|  47|0x0000000707c00000, 0x0000000707c00000, 0x0000000707e00000|  0%| F|  |TAMS 0x0000000707c00000| PB 0x0000000707c00000| Untracked 
|  48|0x0000000707e00000, 0x0000000707e00000, 0x0000000708000000|  0%| F|  |TAMS 0x0000000707e00000| PB 0x0000000707e00000| Untracked 
|  49|0x0000000708000000, 0x0000000708000000, 0x0000000708200000|  0%| F|  |TAMS 0x0000000708000000| PB 0x0000000708000000| Untracked 
|  50|0x0000000708200000, 0x0000000708200000, 0x0000000708400000|  0%| F|  |TAMS 0x0000000708200000| PB 0x0000000708200000| Untracked 
|  51|0x0000000708400000, 0x0000000708400000, 0x0000000708600000|  0%| F|  |TAMS 0x0000000708400000| PB 0x0000000708400000| Untracked 
|  52|0x0000000708600000, 0x0000000708600000, 0x0000000708800000|  0%| F|  |TAMS 0x0000000708600000| PB 0x0000000708600000| Untracked 
|  53|0x0000000708800000, 0x0000000708800000, 0x0000000708a00000|  0%| F|  |TAMS 0x0000000708800000| PB 0x0000000708800000| Untracked 
|  54|0x0000000708a00000, 0x0000000708a00000, 0x0000000708c00000|  0%| F|  |TAMS 0x0000000708a00000| PB 0x0000000708a00000| Untracked 
|  55|0x0000000708c00000, 0x0000000708c00000, 0x0000000708e00000|  0%| F|  |TAMS 0x0000000708c00000| PB 0x0000000708c00000| Untracked 
|  56|0x0000000708e00000, 0x0000000708e00000, 0x0000000709000000|  0%| F|  |TAMS 0x0000000708e00000| PB 0x0000000708e00000| Untracked 
|  57|0x0000000709000000, 0x0000000709000000, 0x0000000709200000|  0%| F|  |TAMS 0x0000000709000000| PB 0x0000000709000000| Untracked 
|  58|0x0000000709200000, 0x0000000709200000, 0x0000000709400000|  0%| F|  |TAMS 0x0000000709200000| PB 0x0000000709200000| Untracked 
|  59|0x0000000709400000, 0x0000000709400000, 0x0000000709600000|  0%| F|  |TAMS 0x0000000709400000| PB 0x0000000709400000| Untracked 
|  60|0x0000000709600000, 0x0000000709600000, 0x0000000709800000|  0%| F|  |TAMS 0x0000000709600000| PB 0x0000000709600000| Untracked 
|  61|0x0000000709800000, 0x0000000709800000, 0x0000000709a00000|  0%| F|  |TAMS 0x0000000709800000| PB 0x0000000709800000| Untracked 
|  62|0x0000000709a00000, 0x0000000709a00000, 0x0000000709c00000|  0%| F|  |TAMS 0x0000000709a00000| PB 0x0000000709a00000| Untracked 
|  63|0x0000000709c00000, 0x0000000709c00000, 0x0000000709e00000|  0%| F|  |TAMS 0x0000000709c00000| PB 0x0000000709c00000| Untracked 
|  64|0x0000000709e00000, 0x0000000709e00000, 0x000000070a000000|  0%| F|  |TAMS 0x0000000709e00000| PB 0x0000000709e00000| Untracked 
|  65|0x000000070a000000, 0x000000070a000000, 0x000000070a200000|  0%| F|  |TAMS 0x000000070a000000| PB 0x000000070a000000| Untracked 
|  66|0x000000070a200000, 0x000000070a200000, 0x000000070a400000|  0%| F|  |TAMS 0x000000070a200000| PB 0x000000070a200000| Untracked 
|  67|0x000000070a400000, 0x000000070a400000, 0x000000070a600000|  0%| F|  |TAMS 0x000000070a400000| PB 0x000000070a400000| Untracked 
|  68|0x000000070a600000, 0x000000070a600000, 0x000000070a800000|  0%| F|  |TAMS 0x000000070a600000| PB 0x000000070a600000| Untracked 
|  69|0x000000070a800000, 0x000000070a800000, 0x000000070aa00000|  0%| F|  |TAMS 0x000000070a800000| PB 0x000000070a800000| Untracked 
|  70|0x000000070aa00000, 0x000000070aa00000, 0x000000070ac00000|  0%| F|  |TAMS 0x000000070aa00000| PB 0x000000070aa00000| Untracked 
|  71|0x000000070ac00000, 0x000000070ac00000, 0x000000070ae00000|  0%| F|  |TAMS 0x000000070ac00000| PB 0x000000070ac00000| Untracked 
|  72|0x000000070ae00000, 0x000000070ae00000, 0x000000070b000000|  0%| F|  |TAMS 0x000000070ae00000| PB 0x000000070ae00000| Untracked 
|  73|0x000000070b000000, 0x000000070b000000, 0x000000070b200000|  0%| F|  |TAMS 0x000000070b000000| PB 0x000000070b000000| Untracked 
|  74|0x000000070b200000, 0x000000070b200000, 0x000000070b400000|  0%| F|  |TAMS 0x000000070b200000| PB 0x000000070b200000| Untracked 
|  75|0x000000070b400000, 0x000000070b400000, 0x000000070b600000|  0%| F|  |TAMS 0x000000070b400000| PB 0x000000070b400000| Untracked 
|  76|0x000000070b600000, 0x000000070b600000, 0x000000070b800000|  0%| F|  |TAMS 0x000000070b600000| PB 0x000000070b600000| Untracked 
|  77|0x000000070b800000, 0x000000070b800000, 0x000000070ba00000|  0%| F|  |TAMS 0x000000070b800000| PB 0x000000070b800000| Untracked 
|  78|0x000000070ba00000, 0x000000070ba00000, 0x000000070bc00000|  0%| F|  |TAMS 0x000000070ba00000| PB 0x000000070ba00000| Untracked 
|  79|0x000000070bc00000, 0x000000070bc00000, 0x000000070be00000|  0%| F|  |TAMS 0x000000070bc00000| PB 0x000000070bc00000| Untracked 
|  80|0x000000070be00000, 0x000000070be00000, 0x000000070c000000|  0%| F|  |TAMS 0x000000070be00000| PB 0x000000070be00000| Untracked 
|  81|0x000000070c000000, 0x000000070c000000, 0x000000070c200000|  0%| F|  |TAMS 0x000000070c000000| PB 0x000000070c000000| Untracked 
|  82|0x000000070c200000, 0x000000070c200000, 0x000000070c400000|  0%| F|  |TAMS 0x000000070c200000| PB 0x000000070c200000| Untracked 
|  83|0x000000070c400000, 0x000000070c400000, 0x000000070c600000|  0%| F|  |TAMS 0x000000070c400000| PB 0x000000070c400000| Untracked 
|  84|0x000000070c600000, 0x000000070c600000, 0x000000070c800000|  0%| F|  |TAMS 0x000000070c600000| PB 0x000000070c600000| Untracked 
|  85|0x000000070c800000, 0x000000070c800000, 0x000000070ca00000|  0%| F|  |TAMS 0x000000070c800000| PB 0x000000070c800000| Untracked 
|  86|0x000000070ca00000, 0x000000070ca00000, 0x000000070cc00000|  0%| F|  |TAMS 0x000000070ca00000| PB 0x000000070ca00000| Untracked 
|  87|0x000000070cc00000, 0x000000070cc00000, 0x000000070ce00000|  0%| F|  |TAMS 0x000000070cc00000| PB 0x000000070cc00000| Untracked 
|  88|0x000000070ce00000, 0x000000070ce00000, 0x000000070d000000|  0%| F|  |TAMS 0x000000070ce00000| PB 0x000000070ce00000| Untracked 
|  89|0x000000070d000000, 0x000000070d000000, 0x000000070d200000|  0%| F|  |TAMS 0x000000070d000000| PB 0x000000070d000000| Untracked 
|  90|0x000000070d200000, 0x000000070d200000, 0x000000070d400000|  0%| F|  |TAMS 0x000000070d200000| PB 0x000000070d200000| Untracked 
|  91|0x000000070d400000, 0x000000070d400000, 0x000000070d600000|  0%| F|  |TAMS 0x000000070d400000| PB 0x000000070d400000| Untracked 
|  92|0x000000070d600000, 0x000000070d600000, 0x000000070d800000|  0%| F|  |TAMS 0x000000070d600000| PB 0x000000070d600000| Untracked 
|  93|0x000000070d800000, 0x000000070d800000, 0x000000070da00000|  0%| F|  |TAMS 0x000000070d800000| PB 0x000000070d800000| Untracked 
|  94|0x000000070da00000, 0x000000070da00000, 0x000000070dc00000|  0%| F|  |TAMS 0x000000070da00000| PB 0x000000070da00000| Untracked 
|  95|0x000000070dc00000, 0x000000070dc00000, 0x000000070de00000|  0%| F|  |TAMS 0x000000070dc00000| PB 0x000000070dc00000| Untracked 
|  96|0x000000070de00000, 0x000000070de00000, 0x000000070e000000|  0%| F|  |TAMS 0x000000070de00000| PB 0x000000070de00000| Untracked 
|  97|0x000000070e000000, 0x000000070e000000, 0x000000070e200000|  0%| F|  |TAMS 0x000000070e000000| PB 0x000000070e000000| Untracked 
|  98|0x000000070e200000, 0x000000070e200000, 0x000000070e400000|  0%| F|  |TAMS 0x000000070e200000| PB 0x000000070e200000| Untracked 
|  99|0x000000070e400000, 0x000000070e400000, 0x000000070e600000|  0%| F|  |TAMS 0x000000070e400000| PB 0x000000070e400000| Untracked 
| 100|0x000000070e600000, 0x000000070e600000, 0x000000070e800000|  0%| F|  |TAMS 0x000000070e600000| PB 0x000000070e600000| Untracked 
| 101|0x000000070e800000, 0x000000070e800000, 0x000000070ea00000|  0%| F|  |TAMS 0x000000070e800000| PB 0x000000070e800000| Untracked 
| 102|0x000000070ea00000, 0x000000070ea00000, 0x000000070ec00000|  0%| F|  |TAMS 0x000000070ea00000| PB 0x000000070ea00000| Untracked 
| 103|0x000000070ec00000, 0x000000070ec00000, 0x000000070ee00000|  0%| F|  |TAMS 0x000000070ec00000| PB 0x000000070ec00000| Untracked 
| 104|0x000000070ee00000, 0x000000070ee00000, 0x000000070f000000|  0%| F|  |TAMS 0x000000070ee00000| PB 0x000000070ee00000| Untracked 
| 105|0x000000070f000000, 0x000000070f000000, 0x000000070f200000|  0%| F|  |TAMS 0x000000070f000000| PB 0x000000070f000000| Untracked 
| 106|0x000000070f200000, 0x000000070f200000, 0x000000070f400000|  0%| F|  |TAMS 0x000000070f200000| PB 0x000000070f200000| Untracked 
| 107|0x000000070f400000, 0x000000070f400000, 0x000000070f600000|  0%| F|  |TAMS 0x000000070f400000| PB 0x000000070f400000| Untracked 
| 108|0x000000070f600000, 0x000000070f600000, 0x000000070f800000|  0%| F|  |TAMS 0x000000070f600000| PB 0x000000070f600000| Untracked 
| 109|0x000000070f800000, 0x000000070f800000, 0x000000070fa00000|  0%| F|  |TAMS 0x000000070f800000| PB 0x000000070f800000| Untracked 
| 110|0x000000070fa00000, 0x000000070fa00000, 0x000000070fc00000|  0%| F|  |TAMS 0x000000070fa00000| PB 0x000000070fa00000| Untracked 
| 111|0x000000070fc00000, 0x000000070fc00000, 0x000000070fe00000|  0%| F|  |TAMS 0x000000070fc00000| PB 0x000000070fc00000| Untracked 
| 112|0x000000070fe00000, 0x000000070fe00000, 0x0000000710000000|  0%| F|  |TAMS 0x000000070fe00000| PB 0x000000070fe00000| Untracked 
| 113|0x0000000710000000, 0x0000000710000000, 0x0000000710200000|  0%| F|  |TAMS 0x0000000710000000| PB 0x0000000710000000| Untracked 
| 114|0x0000000710200000, 0x0000000710200000, 0x0000000710400000|  0%| F|  |TAMS 0x0000000710200000| PB 0x0000000710200000| Untracked 
| 115|0x0000000710400000, 0x0000000710600000, 0x0000000710600000|100%| S|CS|TAMS 0x0000000710400000| PB 0x0000000710400000| Complete 
| 116|0x0000000710600000, 0x0000000710800000, 0x0000000710800000|100%| S|CS|TAMS 0x0000000710600000| PB 0x0000000710600000| Complete 
| 117|0x0000000710800000, 0x0000000710800000, 0x0000000710a00000|  0%| F|  |TAMS 0x0000000710800000| PB 0x0000000710800000| Untracked 
| 118|0x0000000710a00000, 0x0000000710a00000, 0x0000000710c00000|  0%| F|  |TAMS 0x0000000710a00000| PB 0x0000000710a00000| Untracked 
| 119|0x0000000710c00000, 0x0000000710c00000, 0x0000000710e00000|  0%| F|  |TAMS 0x0000000710c00000| PB 0x0000000710c00000| Untracked 
| 120|0x0000000710e00000, 0x0000000710e00000, 0x0000000711000000|  0%| F|  |TAMS 0x0000000710e00000| PB 0x0000000710e00000| Untracked 
| 121|0x0000000711000000, 0x000000071105af90, 0x0000000711200000| 17%| E|  |TAMS 0x0000000711000000| PB 0x0000000711000000| Complete 
| 122|0x0000000711200000, 0x0000000711400000, 0x0000000711400000|100%| E|CS|TAMS 0x0000000711200000| PB 0x0000000711200000| Complete 
| 123|0x0000000711400000, 0x0000000711600000, 0x0000000711600000|100%| E|CS|TAMS 0x0000000711400000| PB 0x0000000711400000| Complete 
| 124|0x0000000711600000, 0x0000000711800000, 0x0000000711800000|100%| E|CS|TAMS 0x0000000711600000| PB 0x0000000711600000| Complete 
| 125|0x0000000711800000, 0x0000000711a00000, 0x0000000711a00000|100%| E|CS|TAMS 0x0000000711800000| PB 0x0000000711800000| Complete 
| 126|0x0000000711a00000, 0x0000000711c00000, 0x0000000711c00000|100%| E|CS|TAMS 0x0000000711a00000| PB 0x0000000711a00000| Complete 
| 127|0x0000000711c00000, 0x0000000711e00000, 0x0000000711e00000|100%| E|CS|TAMS 0x0000000711c00000| PB 0x0000000711c00000| Complete 

Card table byte_map: [0x00000265f6e60000,0x00000265f7660000] _byte_map_base: 0x00000265f3651000

Marking Bits: (CMBitMap*) 0x00000265ec3be6f0
 Bits: [0x00000265f7e60000, 0x00000265fbde8000)

Polling page: 0x00000265ec410000

Metaspace:

Usage:
  Non-class:     11.58 MB used.
      Class:      1.59 MB used.
       Both:     13.17 MB used.

Virtual space:
  Non-class space:       64.00 MB reserved,      11.75 MB ( 18%) committed,  1 nodes.
      Class space:        1.00 GB reserved,       1.75 MB ( <1%) committed,  1 nodes.
             Both:        1.06 GB reserved,      13.50 MB (  1%) committed. 

Chunk freelists:
   Non-Class:  290.00 KB
       Class:  2.19 MB
        Both:  2.47 MB

MaxMetaspaceSize: unlimited
CompressedClassSpaceSize: 1.00 GB
Initial GC threshold: 21.00 MB
Current GC threshold: 21.00 MB
CDS: on
MetaspaceReclaimPolicy: balanced
 - commit_granule_bytes: 65536.
 - commit_granule_words: 8192.
 - virtual_space_node_default_size: 8388608.
 - enlarge_chunks_in_place: 1.
 - new_chunks_are_fully_committed: 0.
 - uncommit_free_chunks: 1.
 - use_allocation_guard: 0.


Internal statistics:

num_allocs_failed_limit: 0.
num_arena_births: 264.
num_arena_deaths: 0.
num_vsnodes_births: 2.
num_vsnodes_deaths: 0.
num_space_committed: 216.
num_space_uncommitted: 0.
num_chunks_returned_to_freelist: 0.
num_chunks_taken_from_freelist: 574.
num_chunk_merges: 0.
num_chunk_splits: 355.
num_chunks_enlarged: 235.
num_inconsistent_stats: 0.

CodeHeap 'non-profiled nmethods': size=120000Kb used=559Kb max_used=559Kb free=119440Kb
 bounds [0x0000026587ad0000, 0x0000026587d40000, 0x000002658f000000]
CodeHeap 'profiled nmethods': size=120000Kb used=3311Kb max_used=3311Kb free=116689Kb
 bounds [0x0000026580000000, 0x0000026580340000, 0x0000026587530000]
CodeHeap 'non-nmethods': size=5760Kb used=1524Kb max_used=1584Kb free=4235Kb
 bounds [0x0000026587530000, 0x00000265877a0000, 0x0000026587ad0000]
 total_blobs=2341 nmethods=1795 adapters=457
 compilation: enabled
              stopped_count=0, restarted_count=0
 full_count=0

Compilation events (20 events):
Event: 5581.810 Thread 0x00000265fe8fd560 nmethod 1786 0x0000026580339210 code [0x00000265803393a0, 0x0000026580339610]
Event: 5581.810 Thread 0x00000265fe8fd560 1787       3       jdk.internal.misc.InnocuousThread::eraseThreadLocals (23 bytes)
Event: 5581.810 Thread 0x00000265fe8fd560 nmethod 1787 0x0000026580339710 code [0x00000265803398a0, 0x0000026580339aa0]
Event: 5581.810 Thread 0x00000265fe8fd560 1788   !   3       java.lang.ref.ReferenceQueue::remove (61 bytes)
Event: 5581.812 Thread 0x00000265fe8fd560 nmethod 1788 0x0000026580339b10 code [0x0000026580339d60, 0x000002658033a918]
Event: 5581.812 Thread 0x00000265fe8fd560 1789       3       java.lang.ref.ReferenceQueue::remove0 (64 bytes)
Event: 5581.812 Thread 0x00000265fe8fd560 nmethod 1789 0x000002658033ad10 code [0x000002658033af00, 0x000002658033b388]
Event: 7261.990 Thread 0x00000265fe8fd560 1790       3       java.util.concurrent.locks.AbstractQueuedSynchronizer$ConditionObject::canReacquire (38 bytes)
Event: 7261.991 Thread 0x00000265fe8fd560 nmethod 1790 0x000002658033b510 code [0x000002658033b6c0, 0x000002658033ba68]
Event: 7990.901 Thread 0x00000265fe8f2fb0 1791       4       java.util.HashMap::clear (50 bytes)
Event: 7990.903 Thread 0x00000265fe8f2fb0 nmethod 1791 0x0000026587b5ae90 code [0x0000026587b5b000, 0x0000026587b5b0c0]
Event: 8002.934 Thread 0x00000265fe8f2fb0 1792       4       sun.nio.ch.SelectorImpl::selectedKeys (9 bytes)
Event: 8002.936 Thread 0x00000265fe8f2fb0 nmethod 1792 0x0000026587b5b190 code [0x0000026587b5b300, 0x0000026587b5b3b0]
Event: 8016.910 Thread 0x00000265fe8f2fb0 1793       4       sun.nio.ch.Util$2::clear (10 bytes)
Event: 8016.913 Thread 0x00000265fe8f2fb0 nmethod 1793 0x0000026587b5b490 code [0x0000026587b5b600, 0x0000026587b5b730]
Event: 8019.913 Thread 0x00000265fe8f2fb0 1794       4       sun.nio.ch.WEPollSelectorImpl::processEvents (152 bytes)
Event: 8019.914 Thread 0x00000265fe8f2fb0 nmethod 1794 0x0000026587b5b890 code [0x0000026587b5ba00, 0x0000026587b5bab0]
Event: 8029.996 Thread 0x00000265fe8f2fb0 1795       4       jdk.internal.net.http.ConnectionPool::purgeExpiredConnectionsAndReturnNextDeadline (20 bytes)
Event: 8029.998 Thread 0x00000265fe8f2fb0 nmethod 1795 0x0000026587b5bb90 code [0x0000026587b5bd00, 0x0000026587b5bdb8]
Event: 8029.999 Thread 0x00000265fe8f2fb0 1796       4       sun.nio.ch.SelectorImpl::select (35 bytes)

GC Heap History (2 events):
Event: 1.042 GC heap before
{Heap before GC invocations=0 (full 0):
 garbage-first heap   total 262144K, used 26624K [0x0000000701e00000, 0x0000000800000000)
  region size 2048K, 11 young (22528K), 0 survivors (0K)
 Metaspace       used 9782K, committed 10048K, reserved 1114112K
  class space    used 1150K, committed 1280K, reserved 1048576K
}
Event: 1.046 GC heap after
{Heap after GC invocations=1 (full 0):
 garbage-first heap   total 262144K, used 8247K [0x0000000701e00000, 0x0000000800000000)
  region size 2048K, 2 young (4096K), 2 survivors (4096K)
 Metaspace       used 9782K, committed 10048K, reserved 1114112K
  class space    used 1150K, committed 1280K, reserved 1048576K
}

Dll operation events (8 events):
Event: 0.007 Loaded shared library C:\Program Files\Java\jdk-20\bin\java.dll
Event: 0.018 Loaded shared library C:\Program Files\Java\jdk-20\bin\jsvml.dll
Event: 0.047 Loaded shared library C:\Program Files\Java\jdk-20\bin\net.dll
Event: 0.048 Loaded shared library C:\Program Files\Java\jdk-20\bin\nio.dll
Event: 0.065 Loaded shared library C:\Program Files\Java\jdk-20\bin\zip.dll
Event: 0.107 Loaded shared library C:\Program Files\Java\jdk-20\bin\jimage.dll
Event: 0.127 Loaded shared library C:\Program Files\Java\jdk-20\bin\extnet.dll
Event: 0.868 Loaded shared library C:\Program Files\Java\jdk-20\bin\sunmscapi.dll

Deoptimization events (20 events):
Event: 1.829 Thread 0x00000265ec350ab0 Uncommon trap: trap_request=0xffffffde fr.pc=0x0000026587b3b188 relative=0x00000000000003e8
Event: 1.829 Thread 0x00000265ec350ab0 Uncommon trap: reason=class_check action=maybe_recompile pc=0x0000026587b3b188 method=java.lang.String.<init>(Ljava/lang/AbstractStringBuilder;Ljava/lang/Void;)V @ 10 c2
Event: 1.829 Thread 0x00000265ec350ab0 DEOPT PACKING pc=0x0000026587b3b188 sp=0x000000da574fe6b0
Event: 1.829 Thread 0x00000265ec350ab0 DEOPT UNPACKING pc=0x0000026587599d22 sp=0x000000da574fe668 mode 2
Event: 1.829 Thread 0x00000265ec350ab0 Uncommon trap: trap_request=0xffffffde fr.pc=0x0000026587b3b188 relative=0x00000000000003e8
Event: 1.829 Thread 0x00000265ec350ab0 Uncommon trap: reason=class_check action=maybe_recompile pc=0x0000026587b3b188 method=java.lang.String.<init>(Ljava/lang/AbstractStringBuilder;Ljava/lang/Void;)V @ 10 c2
Event: 1.829 Thread 0x00000265ec350ab0 DEOPT PACKING pc=0x0000026587b3b188 sp=0x000000da574fe6b0
Event: 1.829 Thread 0x00000265ec350ab0 DEOPT UNPACKING pc=0x0000026587599d22 sp=0x000000da574fe668 mode 2
Event: 1.829 Thread 0x00000265ec350ab0 Uncommon trap: trap_request=0xffffffde fr.pc=0x0000026587b3b188 relative=0x00000000000003e8
Event: 1.829 Thread 0x00000265ec350ab0 Uncommon trap: reason=class_check action=maybe_recompile pc=0x0000026587b3b188 method=java.lang.String.<init>(Ljava/lang/AbstractStringBuilder;Ljava/lang/Void;)V @ 10 c2
Event: 1.829 Thread 0x00000265ec350ab0 DEOPT PACKING pc=0x0000026587b3b188 sp=0x000000da574fe6b0
Event: 1.829 Thread 0x00000265ec350ab0 DEOPT UNPACKING pc=0x0000026587599d22 sp=0x000000da574fe668 mode 2
Event: 1.829 Thread 0x00000265ec350ab0 Uncommon trap: trap_request=0xffffffde fr.pc=0x0000026587b3b188 relative=0x00000000000003e8
Event: 1.829 Thread 0x00000265ec350ab0 Uncommon trap: reason=class_check action=maybe_recompile pc=0x0000026587b3b188 method=java.lang.String.<init>(Ljava/lang/AbstractStringBuilder;Ljava/lang/Void;)V @ 10 c2
Event: 1.829 Thread 0x00000265ec350ab0 DEOPT PACKING pc=0x0000026587b3b188 sp=0x000000da574fe850
Event: 1.829 Thread 0x00000265ec350ab0 DEOPT UNPACKING pc=0x0000026587599d22 sp=0x000000da574fe808 mode 2
Event: 61.794 Thread 0x00000265ff7bc1b0 Uncommon trap: trap_request=0xffffff54 fr.pc=0x0000026587b4f994 relative=0x0000000000004054
Event: 61.794 Thread 0x00000265ff7bc1b0 Uncommon trap: reason=speculate_null_assert action=make_not_entrant pc=0x0000026587b4f994 method=java.lang.invoke.MethodType$ConcurrentWeakInternSet.add(Ljava/lang/Object;)Ljava/lang/Object; @ 47 c2
Event: 61.794 Thread 0x00000265ff7bc1b0 DEOPT PACKING pc=0x0000026587b4f994 sp=0x000000da59afdf40
Event: 61.794 Thread 0x00000265ff7bc1b0 DEOPT UNPACKING pc=0x0000026587599d22 sp=0x000000da59afdee8 mode 2

Classes loaded (20 events):
Event: 1.830 Loading class sun/util/logging/resources/logging_en_IN
Event: 1.830 Loading class sun/util/logging/resources/logging_en_IN done
Event: 1.830 Loading class java/util/Formatter$DateTime
Event: 1.830 Loading class java/util/Formatter$DateTime done
Event: 1.831 Loading class java/time/ZonedDateTime$1
Event: 1.831 Loading class java/time/ZonedDateTime$1 done
Event: 5.443 Loading class java/lang/ArrayIndexOutOfBoundsException
Event: 5.443 Loading class java/lang/ArrayIndexOutOfBoundsException done
Event: 5.444 Loading class java/util/ServiceConfigurationError
Event: 5.444 Loading class java/util/ServiceConfigurationError done
Event: 7.470 Loading class java/io/UnsupportedEncodingException
Event: 7.470 Loading class java/io/UnsupportedEncodingException done
Event: 7.470 Loading class java/net/URLEncoder
Event: 7.470 Loading class java/net/URLEncoder done
Event: 7.470 Loading class java/util/BitSet
Event: 7.470 Loading class java/util/BitSet done
Event: 7.471 Loading class java/io/CharArrayWriter
Event: 7.471 Loading class java/io/CharArrayWriter done
Event: 35.872 Loading class java/nio/StringCharBuffer
Event: 35.872 Loading class java/nio/StringCharBuffer done

Classes unloaded (0 events):
No events

Classes redefined (0 events):
No events

Internal exceptions (20 events):
Event: 0.747 Thread 0x00000265ec350ab0 Exception <a 'java/lang/NoSuchMethodError'{0x0000000711276d80}: 'long java.lang.invoke.DirectMethodHandle$Holder.invokeSpecial(java.lang.Object, java.lang.Object)'> (0x0000000711276d80) 
thrown [s\open\src\hotspot\share\interpreter\linkResolver.cpp, line 773]
Event: 0.748 Thread 0x00000265ec350ab0 Exception <a 'java/lang/NoSuchMethodError'{0x000000071127da48}: 'java.lang.Object java.lang.invoke.Invokers$Holder.invokeExact_MT(java.lang.Object, java.lang.Object, java.lang.Object, java.lang.Object, java.lang.Object, java.lang.Object)'> (0x000000071127da48) 
thrown [s\open\src\hotspot\share\interpreter\linkResolver.cpp, line 773]
Event: 0.779 Thread 0x00000265ec350ab0 Exception <a 'sun/nio/fs/WindowsException'{0x000000071135bd68}> (0x000000071135bd68) 
thrown [s\open\src\hotspot\share\prims\jni.cpp, line 519]
Event: 0.816 Thread 0x00000265ec350ab0 Exception <a 'java/lang/NoSuchMethodError'{0x0000000711122ba8}: 'void java.lang.invoke.DirectMethodHandle$Holder.invokeVirtual(java.lang.Object, java.lang.Object)'> (0x0000000711122ba8) 
thrown [s\open\src\hotspot\share\interpreter\linkResolver.cpp, line 773]
Event: 0.911 Thread 0x00000265ec350ab0 Exception <a 'java/lang/NoSuchMethodError'{0x0000000710a09f00}: 'java.lang.Object java.lang.invoke.DirectMethodHandle$Holder.invokeInterface(java.lang.Object, java.lang.Object, java.lang.Object)'> (0x0000000710a09f00) 
thrown [s\open\src\hotspot\share\interpreter\linkResolver.cpp, line 773]
Event: 0.912 Thread 0x00000265ec350ab0 Exception <a 'java/lang/IncompatibleClassChangeError'{0x0000000710a0d2e8}: Found class java.lang.Object, but interface was expected> (0x0000000710a0d2e8) 
thrown [s\open\src\hotspot\share\interpreter\linkResolver.cpp, line 840]
Event: 0.914 Thread 0x00000265ec350ab0 Exception <a 'java/lang/NoSuchMethodError'{0x0000000710a15648}: 'int java.lang.invoke.DirectMethodHandle$Holder.invokeSpecialIFC(java.lang.Object, java.lang.Object, java.lang.Object, java.lang.Object)'> (0x0000000710a15648) 
thrown [s\open\src\hotspot\share\interpreter\linkResolver.cpp, line 773]
Event: 0.918 Thread 0x00000265ec350ab0 Exception <a 'java/lang/NoSuchMethodError'{0x0000000710a44348}: 'java.lang.Object java.lang.invoke.DirectMethodHandle$Holder.invokeVirtual(java.lang.Object, java.lang.Object, java.lang.Object, java.lang.Object)'> (0x0000000710a44348) 
thrown [s\open\src\hotspot\share\interpreter\linkResolver.cpp, line 773]
Event: 0.933 Thread 0x00000265ff7a76e0 Exception <a 'java/net/ConnectException'{0x0000000710b5b4f8}: Connection refused: no further information> (0x0000000710b5b4f8) 
thrown [s\open\src\hotspot\share\prims\jni.cpp, line 538]
Event: 0.945 Thread 0x00000265ff7a76e0 Exception <a 'java/net/ConnectException'{0x0000000710b5c5f8}: Connection refused: no further information> (0x0000000710b5c5f8) 
thrown [s\open\src\hotspot\share\prims\jni.cpp, line 538]
Event: 0.987 Thread 0x00000265ec350ab0 Exception <a 'java/lang/NoSuchMethodError'{0x0000000710bdeb70}: 'java.lang.Object java.lang.invoke.DirectMethodHandle$Holder.invokeInterface(java.lang.Object, java.lang.Object)'> (0x0000000710bdeb70) 
thrown [s\open\src\hotspot\share\interpreter\linkResolver.cpp, line 773]
Event: 1.015 Thread 0x00000265ec350ab0 Exception <a 'java/lang/NoSuchMethodError'{0x00000007108c1c28}: 'java.lang.Object java.lang.invoke.DirectMethodHandle$Holder.newInvokeSpecial(java.lang.Object, java.lang.Object, int, int)'> (0x00000007108c1c28) 
thrown [s\open\src\hotspot\share\interpreter\linkResolver.cpp, line 773]
Event: 1.016 Thread 0x00000265ec350ab0 Exception <a 'java/lang/NoSuchMethodError'{0x00000007108cbe90}: 'void java.lang.invoke.DirectMethodHandle$Holder.invokeStatic(java.lang.Object, java.lang.Object, int)'> (0x00000007108cbe90) 
thrown [s\open\src\hotspot\share\interpreter\linkResolver.cpp, line 773]
Event: 1.031 Thread 0x00000265ec350ab0 Exception <a 'java/lang/NoSuchMethodError'{0x00000007109921d8}: 'java.lang.Object java.lang.invoke.DirectMethodHandle$Holder.newInvokeSpecial(java.lang.Object, java.lang.Object, java.lang.Object, java.lang.Object, java.lang.Object)'> (0x00000007109921d8) 
thrown [s\open\src\hotspot\share\interpreter\linkResolver.cpp, line 773]
Event: 1.109 Thread 0x00000265ff7bac70 Exception <a 'java/lang/NoSuchMethodError'{0x0000000711b28bb8}: 'java.lang.Object java.lang.invoke.DirectMethodHandle$Holder.invokeSpecial(java.lang.Object, java.lang.Object, java.lang.Object, java.lang.Object, int)'> (0x0000000711b28bb8) 
thrown [s\open\src\hotspot\share\interpreter\linkResolver.cpp, line 773]
Event: 1.109 Thread 0x00000265ff7bac70 Exception <a 'java/lang/NoSuchMethodError'{0x0000000711b2c500}: 'java.lang.Object java.lang.invoke.Invokers$Holder.linkToTargetMethod(java.lang.Object, java.lang.Object, int, java.lang.Object)'> (0x0000000711b2c500) 
thrown [s\open\src\hotspot\share\interpreter\linkResolver.cpp, line 773]
Event: 1.123 Thread 0x00000265ff7bac70 Exception <a 'java/lang/NoSuchMethodError'{0x0000000711b77468}: 'void java.lang.invoke.DirectMethodHandle$Holder.invokeSpecial(java.lang.Object, java.lang.Object, java.lang.Object, java.lang.Object, java.lang.Object)'> (0x0000000711b77468) 
thrown [s\open\src\hotspot\share\interpreter\linkResolver.cpp, line 773]
Event: 1.694 Thread 0x00000265ff7bac70 Exception <a 'java/lang/NoSuchMethodError'{0x0000000711885280}: 'void java.lang.invoke.DirectMethodHandle$Holder.invokeSpecial(java.lang.Object, java.lang.Object, java.lang.Object, java.lang.Object, java.lang.Object, java.lang.Object, java.lang.Object)'> (0x0000000711885280) 
thrown [s\open\src\hotspot\share\interpreter\linkResolver.cpp, line 773]
Event: 1.744 Thread 0x00000265ec350ab0 Exception <a 'java/lang/NoSuchMethodError'{0x00000007119fe968}: 'java.lang.Object java.lang.invoke.DirectMethodHandle$Holder.invokeSpecialIFC(java.lang.Object, java.lang.Object, java.lang.Object)'> (0x00000007119fe968) 
thrown [s\open\src\hotspot\share\interpreter\linkResolver.cpp, line 773]
Event: 1.829 Thread 0x00000265ec350ab0 Exception <a 'java/lang/ClassNotFoundException'{0x000000071157b450}: sun/util/logging/resources/spi/loggingProvider> (0x000000071157b450) 
thrown [s\open\src\hotspot\share\classfile\systemDictionary.cpp, line 305]

VM Operations (20 events):
Event: 1.683 Executing VM operation: HandshakeAllThreads
Event: 1.683 Executing VM operation: HandshakeAllThreads done
Event: 2.684 Executing VM operation: Cleanup
Event: 2.685 Executing VM operation: Cleanup done
Event: 4.699 Executing VM operation: Cleanup
Event: 4.699 Executing VM operation: Cleanup done
Event: 5.714 Executing VM operation: Cleanup
Event: 5.714 Executing VM operation: Cleanup done
Event: 7.744 Executing VM operation: Cleanup
Event: 7.744 Executing VM operation: Cleanup done
Event: 62.219 Executing VM operation: Cleanup
Event: 62.219 Executing VM operation: Cleanup done
Event: 2153.839 Executing VM operation: Cleanup
Event: 2153.839 Executing VM operation: Cleanup done
Event: 3970.975 Executing VM operation: Cleanup
Event: 3970.975 Executing VM operation: Cleanup done
Event: 5642.680 Executing VM operation: Cleanup
Event: 5642.680 Executing VM operation: Cleanup done
Event: 7993.541 Executing VM operation: Cleanup
Event: 7993.541 Executing VM operation: Cleanup done

Events (20 events):
Event: 1.095 Thread 0x00000265ff7bac70 Thread added: 0x00000265ff7bac70
Event: 1.137 Thread 0x00000265ff7bb1c0 Thread added: 0x00000265ff7bb1c0
Event: 1.137 Thread 0x00000265ff7bb710 Thread added: 0x00000265ff7bb710
Event: 1.780 Thread 0x00000265ff7bcc50 Thread added: 0x00000265ff7bcc50
Event: 1.781 Thread 0x00000265ff7bbc60 Thread added: 0x00000265ff7bbc60
Event: 1.782 Thread 0x00000265ff7bc1b0 Thread added: 0x00000265ff7bc1b0
Event: 1.782 Thread 0x00000265ff7b9730 Thread added: 0x00000265ff7b9730
Event: 1.823 Thread 0x00000265fe8fcfd0 Thread added: 0x00000265fe8fcfd0
Event: 3.841 Thread 0x00000265fe8fcfd0 Thread exited: 0x00000265fe8fcfd0
Event: 5.993 Thread 0x00000265ff7ba720 Thread exited: 0x00000265ff7ba720
Event: 7.520 Thread 0x00000265ec350ab0 Thread exited: 0x00000265ec350ab0
Event: 7.520 Thread 0x00000265ff7ba720 Thread added: 0x00000265ff7ba720
Event: 60.996 Thread 0x00000265ff7a76e0 Thread exited: 0x00000265ff7a76e0
Event: 61.794 Thread 0x00000265ff7bbc60 Thread exited: 0x00000265ff7bbc60
Event: 61.795 Thread 0x00000265ff7bc1b0 Thread exited: 0x00000265ff7bc1b0
Event: 67.487 Thread 0x00000265ff7bb710 Thread exited: 0x00000265ff7bb710
Event: 67.533 Thread 0x00000265ff18c790 Thread exited: 0x00000265ff18c790
Event: 67.533 Thread 0x00000265ff7bac70 Thread exited: 0x00000265ff7bac70
Event: 67.533 Thread 0x00000265ff7bb1c0 Thread exited: 0x00000265ff7bb1c0
Event: 95.891 Thread 0x00000265ff7b9730 Thread exited: 0x00000265ff7b9730


Dynamic libraries:
0x00007ff6ab5f0000 - 0x00007ff6ab600000 	C:\Program Files\Java\jdk-20\bin\javaw.exe
0x00007ffef1950000 - 0x00007ffef1b67000 	C:\WINDOWS\SYSTEM32\ntdll.dll
0x00007ffef0ea0000 - 0x00007ffef0f64000 	C:\WINDOWS\System32\KERNEL32.DLL
0x00007ffeeede0000 - 0x00007ffeef186000 	C:\WINDOWS\System32\KERNELBASE.dll
0x00007ffeeecc0000 - 0x00007ffeeedd1000 	C:\WINDOWS\System32\ucrtbase.dll
0x00007ffebb680000 - 0x00007ffebb69b000 	C:\Program Files\Java\jdk-20\bin\VCRUNTIME140.dll
0x00007ffed06d0000 - 0x00007ffed06e9000 	C:\Program Files\Java\jdk-20\bin\jli.dll
0x00007ffef1460000 - 0x00007ffef1513000 	C:\WINDOWS\System32\ADVAPI32.dll
0x00007ffef0a20000 - 0x00007ffef0ac7000 	C:\WINDOWS\System32\msvcrt.dll
0x00007ffeef6d0000 - 0x00007ffeef778000 	C:\WINDOWS\System32\sechost.dll
0x00007ffeeec90000 - 0x00007ffeeecb8000 	C:\WINDOWS\System32\bcrypt.dll
0x00007ffef0570000 - 0x00007ffef0687000 	C:\WINDOWS\System32\RPCRT4.dll
0x00007ffef07f0000 - 0x00007ffef099e000 	C:\WINDOWS\System32\USER32.dll
0x00007ffedd220000 - 0x00007ffedd4b3000 	C:\WINDOWS\WinSxS\amd64_microsoft.windows.common-controls_6595b64144ccf1df_6.0.22621.2506_none_270c5ae97388e100\COMCTL32.dll
0x00007ffeef4e0000 - 0x00007ffeef506000 	C:\WINDOWS\System32\win32u.dll
0x00007ffeef6a0000 - 0x00007ffeef6c9000 	C:\WINDOWS\System32\GDI32.dll
0x00007ffeef190000 - 0x00007ffeef2a8000 	C:\WINDOWS\System32\gdi32full.dll
0x00007ffeef590000 - 0x00007ffeef62a000 	C:\WINDOWS\System32\msvcp_win.dll
0x00007ffee2770000 - 0x00007ffee277a000 	C:\WINDOWS\SYSTEM32\VERSION.dll
0x00007ffef0bc0000 - 0x00007ffef0bf1000 	C:\WINDOWS\System32\IMM32.DLL
0x00007ffee4d20000 - 0x00007ffee4d2c000 	C:\Program Files\Java\jdk-20\bin\vcruntime140_1.dll
0x00007ffebb5f0000 - 0x00007ffebb67e000 	C:\Program Files\Java\jdk-20\bin\msvcp140.dll
0x00007ffe80380000 - 0x00007ffe81017000 	C:\Program Files\Java\jdk-20\bin\server\jvm.dll
0x00007ffed06c0000 - 0x00007ffed06c9000 	C:\WINDOWS\SYSTEM32\WSOCK32.dll
0x00007ffee4ce0000 - 0x00007ffee4d14000 	C:\WINDOWS\SYSTEM32\WINMM.dll
0x00007ffef0770000 - 0x00007ffef07e1000 	C:\WINDOWS\System32\WS2_32.dll
0x00007ffeedcd0000 - 0x00007ffeedce8000 	C:\WINDOWS\SYSTEM32\kernel.appcore.dll
0x00007ffec6c90000 - 0x00007ffec6c9a000 	C:\Program Files\Java\jdk-20\bin\jimage.dll
0x00007ffeebed0000 - 0x00007ffeec103000 	C:\WINDOWS\SYSTEM32\DBGHELP.DLL
0x00007ffef1580000 - 0x00007ffef1909000 	C:\WINDOWS\System32\combase.dll
0x00007ffef0690000 - 0x00007ffef0767000 	C:\WINDOWS\System32\OLEAUT32.dll
0x00007ffee3580000 - 0x00007ffee35b2000 	C:\WINDOWS\SYSTEM32\dbgcore.DLL
0x00007ffeef510000 - 0x00007ffeef58a000 	C:\WINDOWS\System32\bcryptPrimitives.dll
0x00007ffebb5c0000 - 0x00007ffebb5e6000 	C:\Program Files\Java\jdk-20\bin\java.dll
0x00007ffebc210000 - 0x00007ffebc2e7000 	C:\Program Files\Java\jdk-20\bin\jsvml.dll
0x00007ffeef780000 - 0x00007ffeeffdb000 	C:\WINDOWS\System32\SHELL32.dll
0x00007ffeecbf0000 - 0x00007ffeed4e6000 	C:\WINDOWS\SYSTEM32\windows.storage.dll
0x00007ffeec950000 - 0x00007ffeeca8e000 	C:\WINDOWS\SYSTEM32\wintypes.dll
0x00007ffef0f80000 - 0x00007ffef1073000 	C:\WINDOWS\System32\SHCORE.dll
0x00007ffef0460000 - 0x00007ffef04be000 	C:\WINDOWS\System32\shlwapi.dll
0x00007ffeeebc0000 - 0x00007ffeeebe6000 	C:\WINDOWS\SYSTEM32\profapi.dll
0x00007ffebc1f0000 - 0x00007ffebc203000 	C:\Program Files\Java\jdk-20\bin\net.dll
0x00007ffee4b60000 - 0x00007ffee4c97000 	C:\WINDOWS\SYSTEM32\WINHTTP.dll
0x00007ffeee150000 - 0x00007ffeee1b9000 	C:\WINDOWS\system32\mswsock.dll
0x00007ffebc1d0000 - 0x00007ffebc1e6000 	C:\Program Files\Java\jdk-20\bin\nio.dll
0x00007ffebc1b0000 - 0x00007ffebc1c8000 	C:\Program Files\Java\jdk-20\bin\zip.dll
0x00007ffebbf70000 - 0x00007ffebbf77000 	C:\Program Files\Java\jdk-20\bin\extnet.dll
0x00007ffeed7c0000 - 0x00007ffeed8b9000 	C:\WINDOWS\SYSTEM32\DNSAPI.dll
0x00007ffeed750000 - 0x00007ffeed77d000 	C:\WINDOWS\SYSTEM32\IPHLPAPI.DLL
0x00007ffef0bb0000 - 0x00007ffef0bb9000 	C:\WINDOWS\System32\NSI.dll
0x00007ffee1ad0000 - 0x00007ffee1ada000 	C:\Windows\System32\rasadhlp.dll
0x00007ffee3b90000 - 0x00007ffee3c13000 	C:\WINDOWS\System32\fwpuclnt.dll
0x00007ffeee3a0000 - 0x00007ffeee3bb000 	C:\WINDOWS\SYSTEM32\CRYPTSP.dll
0x00007ffeedc30000 - 0x00007ffeedc65000 	C:\WINDOWS\system32\rsaenh.dll
0x00007ffeee240000 - 0x00007ffeee26c000 	C:\WINDOWS\SYSTEM32\USERENV.dll
0x00007ffeee3c0000 - 0x00007ffeee3cc000 	C:\WINDOWS\SYSTEM32\CRYPTBASE.dll
0x00007ffee49a0000 - 0x00007ffee49b9000 	C:\WINDOWS\SYSTEM32\dhcpcsvc6.DLL
0x00007ffee4960000 - 0x00007ffee497f000 	C:\WINDOWS\SYSTEM32\dhcpcsvc.DLL
0x00007ffeebac0000 - 0x00007ffeebb57000 	C:\WINDOWS\system32\apphelp.dll
0x00007ffebb9c0000 - 0x00007ffebb9ce000 	C:\Program Files\Java\jdk-20\bin\sunmscapi.dll
0x00007ffeef370000 - 0x00007ffeef4d6000 	C:\WINDOWS\System32\CRYPT32.dll
0x00007ffeee560000 - 0x00007ffeee58e000 	C:\WINDOWS\SYSTEM32\ncrypt.dll
0x00007ffeee520000 - 0x00007ffeee557000 	C:\WINDOWS\SYSTEM32\NTASN1.dll
0x00007ffee5e30000 - 0x00007ffee5e38000 	C:\WINDOWS\system32\wshunix.dll

dbghelp: loaded successfully - version: 4.0.5 - missing functions: none
symbol engine: initialized successfully - sym options: 0x614 - pdb path: .;C:\Program Files\Java\jdk-20\bin;C:\WINDOWS\SYSTEM32;C:\WINDOWS\WinSxS\amd64_microsoft.windows.common-controls_6595b64144ccf1df_6.0.22621.2506_none_270c5ae97388e100;C:\Program Files\Java\jdk-20\bin\server

VM Arguments:
jvm_args: -Dfile.encoding=UTF-8 -XX:+ShowCodeDetailsInExceptionMessages 
java_command: AlertWithOkCancelButton
java_class_path (initial): C:\Users\DELL\eclipse-workspace\Automation newbatch\bin;C:\Users\DELL\eclipse-workspace\Automation newbatch\jar\selenium-server-4.14.1.jar
Launcher Type: SUN_STANDARD

[Global flags]
     intx CICompilerCount                          = 4                                         {product} {ergonomic}
     uint ConcGCThreads                            = 2                                         {product} {ergonomic}
     uint G1ConcRefinementThreads                  = 8                                         {product} {ergonomic}
   size_t G1HeapRegionSize                         = 2097152                                   {product} {ergonomic}
    uintx GCDrainStackTargetSize                   = 64                                        {product} {ergonomic}
   size_t InitialHeapSize                          = 268435456                                 {product} {ergonomic}
   size_t MarkStackSize                            = 4194304                                   {product} {ergonomic}
   size_t MaxHeapSize                              = 4263510016                                {product} {ergonomic}
   size_t MaxNewSize                               = 2556428288                                {product} {ergonomic}
   size_t MinHeapDeltaBytes                        = 2097152                                   {product} {ergonomic}
   size_t MinHeapSize                              = 8388608                                   {product} {ergonomic}
    uintx NonNMethodCodeHeapSize                   = 5839372                                {pd product} {ergonomic}
    uintx NonProfiledCodeHeapSize                  = 122909434                              {pd product} {ergonomic}
    uintx ProfiledCodeHeapSize                     = 122909434                              {pd product} {ergonomic}
    uintx ReservedCodeCacheSize                    = 251658240                              {pd product} {ergonomic}
     bool SegmentedCodeCache                       = true                                      {product} {ergonomic}
     bool ShowCodeDetailsInExceptionMessages       = true                                   {manageable} {command line}
   size_t SoftMaxHeapSize                          = 4263510016                             {manageable} {ergonomic}
     bool UseCompressedClassPointers               = true                           {product lp64_product} {ergonomic}
     bool UseCompressedOops                        = true                           {product lp64_product} {ergonomic}
     bool UseG1GC                                  = true                                      {product} {ergonomic}
     bool UseLargePagesIndividualAllocation        = false                                  {pd product} {ergonomic}

Logging:
Log output configuration:
 #0: stdout all=warning uptime,level,tags foldmultilines=false
 #1: stderr all=off uptime,level,tags foldmultilines=false

Environment Variables:
PATH=C:\Program Files (x86)\VMware\VMware Player\bin\;C:\Program Files\Common Files\Oracle\Java\javapath;D:\oracle\product\10.2.0\db_4\bin;D:\oracle\product\10.2.0\db_3\bin;D:\oracle\product\10.2.0\db_2\bin;C:\WINDOWS\system32;C:\WINDOWS;C:\WINDOWS\System32\Wbem;C:\WINDOWS\System32\WindowsPowerShell\v1.0\;C:\WINDOWS\System32\OpenSSH\;C:\Program Files\Java\jdk-20\bin;C:\Program Files\nodejs\;C:\Users\DELL\AppData\Local\Android\Sdk\platform-tools;C:\Program Files\PuTTY\;C:\Users\DELL\AppData\Local\Microsoft\WindowsApps;C:\Users\DELL\AppData\Roaming\npm;C:\Users\DELL\AppData\Local\Programs\Fiddler
USERNAME=DELL
OS=Windows_NT
PROCESSOR_IDENTIFIER=Intel64 Family 6 Model 142 Stepping 10, GenuineIntel
TMP=C:\Users\DELL\AppData\Local\Temp
TEMP=C:\Users\DELL\AppData\Local\Temp




---------------  S Y S T E M  ---------------

OS:
 Windows 11 , 64 bit Build 22621 (10.0.22621.3085)
OS uptime: 8 days 6:04 hours

CPU: total 8 (initial active 8) (4 cores per cpu, 2 threads per core) family 6 model 142 stepping 10 microcode 0xf0, cx8, cmov, fxsr, ht, mmx, 3dnowpref, sse, sse2, sse3, ssse3, sse4.1, sse4.2, popcnt, lzcnt, tsc, tscinvbit, avx, avx2, aes, erms, clmul, bmi1, bmi2, rtm, adx, fma, vzeroupper, clflush, clflushopt, rdtscp, f16c

Memory: 4k page, system-wide physical 16262M (5928M free)
TotalPageFile size 28950M (AvailPageFile size 4M)
current process WorkingSet (physical memory assigned to process): 89M, peak: 103M
current process commit charge ("private bytes"): 363M, peak: 375M

vm_info: Java HotSpot(TM) 64-Bit Server VM (20+36-2344) for windows-amd64 JRE (20+36-2344), built on 2023-02-10T19:30:15Z by "mach5one" with MS VC++ 17.1 (VS2022)

END.
