#
# There is insufficient memory for the Java Runtime Environment to continue.
# Native memory allocation (malloc) failed to allocate 1404976 bytes for Chunk::new
# Possible reasons:
#   The system is out of physical RAM or swap space
#   The process is running with CompressedOops enabled, and the Java Heap may be blocking the growth of the native heap
# Possible solutions:
#   Reduce memory load on the system
#   Increase physical memory or swap space
#   Check if swap backing store is full
#   Decrease Java heap size (-Xmx/-Xms)
#   Decrease number of Java threads
#   Decrease Java thread stack sizes (-Xss)
#   Set larger code cache with -XX:ReservedCodeCacheSize=
#   JVM is running with Zero Based Compressed Oops mode in which the Java heap is
#     placed in the first 32GB address space. The Java Heap base address is the
#     maximum limit for the native heap growth. Please use -XX:HeapBaseMinAddress
#     to set the Java Heap base and to place the Java Heap above 32GB virtual address.
# This output file may be truncated or incomplete.
#
#  Out of Memory Error (arena.cpp:184), pid=27732, tid=21824
#
# JRE version: Java(TM) SE Runtime Environment (20.0+36) (build 20+36-2344)
# Java VM: Java HotSpot(TM) 64-Bit Server VM (20+36-2344, mixed mode, sharing, tiered, compressed oops, compressed class ptrs, g1 gc, windows-amd64)
# No core dump will be written. Minidumps are not enabled by default on client versions of Windows
#

---------------  S U M M A R Y ------------

Command Line: -Dfile.encoding=UTF-8 -XX:+ShowCodeDetailsInExceptionMessages ScrollPerticularElement

Host: Intel(R) Core(TM) i7-8650U CPU @ 1.90GHz, 8 cores, 15G,  Windows 11 , 64 bit Build 22621 (10.0.22621.3085)
Time: Fri Mar 15 20:44:16 2024 India Standard Time elapsed time: 2.503630 seconds (0d 0h 0m 2s)

---------------  T H R E A D  ---------------

Current thread (0x0000025373e05420):  JavaThread "C2 CompilerThread1" daemon [_thread_in_native, id=21824, stack(0x000000be49000000,0x000000be49100000)]


Current CompileTask:
C2:   2503 1630       4       java.lang.invoke.MethodType::makeImpl (109 bytes)

Stack: [0x000000be49000000,0x000000be49100000]
Native frames: (J=compiled Java code, j=interpreted, Vv=VM code, C=native code)
V  [jvm.dll+0x6bb95a]
V  [jvm.dll+0x8483aa]
V  [jvm.dll+0x849fa5]
V  [jvm.dll+0x84a6a3]
V  [jvm.dll+0x280b0f]
V  [jvm.dll+0xc2b11]
V  [jvm.dll+0xc2e35]
V  [jvm.dll+0x3bb142]
V  [jvm.dll+0x3857f5]
V  [jvm.dll+0x384c6a]
V  [jvm.dll+0x24b259]
V  [jvm.dll+0x24a651]
V  [jvm.dll+0x1ce491]
V  [jvm.dll+0x259e1b]
V  [jvm.dll+0x2584f0]
V  [jvm.dll+0x3f2895]
V  [jvm.dll+0x7f4906]
V  [jvm.dll+0x6ba5cb]
C  [ucrtbase.dll+0x29363]
C  [KERNEL32.DLL+0x1257d]
C  [ntdll.dll+0x5aa58]


---------------  P R O C E S S  ---------------

Threads class SMR info:
_java_thread_list=0x0000025379080990, length=26, elements={
0x000002535481c620, 0x0000025373dea4c0, 0x0000025373debe10, 0x0000025373def1e0,
0x0000025373defb20, 0x0000025373df0460, 0x0000025373df0ed0, 0x0000025373e01310,
0x0000025373e03de0, 0x0000025378123310, 0x0000025378135580, 0x00000253787ab420,
0x000002537885dc60, 0x000002537898e020, 0x000002537898e570, 0x000002537898eac0,
0x000002537899cc50, 0x000002537899c1b0, 0x000002537899a720, 0x000002537899b1c0,
0x000002537899d6f0, 0x000002537899d1a0, 0x000002537899dc40, 0x000002537899c700,
0x000002537899b710, 0x0000025373e05420
}

Java Threads: ( => current thread )
  0x000002535481c620 JavaThread "Forwarding get on session 13afaf97759c76b262bfd8e49d4bd3cd to remote" [_thread_blocked, id=14380, stack(0x000000be46800000,0x000000be46900000)]
  0x0000025373dea4c0 JavaThread "Reference Handler" daemon [_thread_blocked, id=27120, stack(0x000000be46f00000,0x000000be47000000)]
  0x0000025373debe10 JavaThread "Finalizer" daemon [_thread_blocked, id=25304, stack(0x000000be47000000,0x000000be47100000)]
  0x0000025373def1e0 JavaThread "Signal Dispatcher" daemon [_thread_blocked, id=19352, stack(0x000000be47100000,0x000000be47200000)]
  0x0000025373defb20 JavaThread "Attach Listener" daemon [_thread_blocked, id=26548, stack(0x000000be47200000,0x000000be47300000)]
  0x0000025373df0460 JavaThread "Service Thread" daemon [_thread_blocked, id=28112, stack(0x000000be47300000,0x000000be47400000)]
  0x0000025373df0ed0 JavaThread "Monitor Deflation Thread" daemon [_thread_blocked, id=22652, stack(0x000000be47400000,0x000000be47500000)]
  0x0000025373e01310 JavaThread "C2 CompilerThread0" daemon [_thread_blocked, id=2504, stack(0x000000be47500000,0x000000be47600000)]
  0x0000025373e03de0 JavaThread "C1 CompilerThread0" daemon [_thread_blocked, id=22552, stack(0x000000be47600000,0x000000be47700000)]
  0x0000025378123310 JavaThread "Notification Thread" daemon [_thread_blocked, id=9912, stack(0x000000be47700000,0x000000be47800000)]
  0x0000025378135580 JavaThread "Common-Cleaner" daemon [_thread_blocked, id=24184, stack(0x000000be47900000,0x000000be47a00000)]
  0x00000253787ab420 JavaThread "ForkJoinPool.commonPool-worker-1" daemon [_thread_blocked, id=10068, stack(0x000000be47a00000,0x000000be47b00000)]
  0x000002537885dc60 JavaThread "HttpClient-1-SelectorManager" daemon [_thread_in_native, id=22240, stack(0x000000be47b00000,0x000000be47c00000)]
  0x000002537898e020 JavaThread "Thread-3" [_thread_in_native, id=17804, stack(0x000000be47c00000,0x000000be47d00000)]
  0x000002537898e570 JavaThread "Driver Service Executor" daemon [_thread_blocked, id=21596, stack(0x000000be47d00000,0x000000be47e00000)]
  0x000002537898eac0 JavaThread "Driver Service Executor" daemon [_thread_in_native, id=22872, stack(0x000000be47e00000,0x000000be47f00000)]
  0x000002537899cc50 JavaThread "UrlChecker-2" daemon [_thread_blocked, id=23068, stack(0x000000be47f00000,0x000000be48000000)]
  0x000002537899c1b0 JavaThread "Keep-Alive-Timer" daemon [_thread_blocked, id=14264, stack(0x000000be48100000,0x000000be48200000)]
  0x000002537899a720 JavaThread "pool-1-thread-1" [_thread_blocked, id=28340, stack(0x000000be48900000,0x000000be48a00000)]
  0x000002537899b1c0 JavaThread "pool-1-thread-2" [_thread_blocked, id=15348, stack(0x000000be48a00000,0x000000be48b00000)]
  0x000002537899d6f0 JavaThread "pool-1-thread-3" [_thread_blocked, id=16032, stack(0x000000be48b00000,0x000000be48c00000)]
  0x000002537899d1a0 JavaThread "HttpClient-2-SelectorManager" daemon [_thread_in_native, id=20832, stack(0x000000be48c00000,0x000000be48d00000)]
  0x000002537899dc40 JavaThread "pool-2-thread-1" [_thread_blocked, id=28192, stack(0x000000be48d00000,0x000000be48e00000)]
  0x000002537899c700 JavaThread "pool-2-thread-2" [_thread_blocked, id=21292, stack(0x000000be48e00000,0x000000be48f00000)]
  0x000002537899b710 JavaThread "pool-2-thread-3" [_thread_blocked, id=25144, stack(0x000000be48f00000,0x000000be49000000)]
=>0x0000025373e05420 JavaThread "C2 CompilerThread1" daemon [_thread_in_native, id=21824, stack(0x000000be49000000,0x000000be49100000)]

Other Threads:
  0x0000025373dca930 VMThread "VM Thread" [stack: 0x000000be46e00000,0x000000be46f00000] [id=28128]
  0x000002537812e0c0 WatcherThread "VM Periodic Task Thread" [stack: 0x000000be47800000,0x000000be47900000] [id=22312]
  0x00000253548907a0 WorkerThread "GC Thread#0" [stack: 0x000000be46900000,0x000000be46a00000] [id=23772]
  0x0000025378e77ad0 WorkerThread "GC Thread#1" [stack: 0x000000be48200000,0x000000be48300000] [id=25776]
  0x00000253789a9c30 WorkerThread "GC Thread#2" [stack: 0x000000be48300000,0x000000be48400000] [id=20464]
  0x0000025378ce6a30 WorkerThread "GC Thread#3" [stack: 0x000000be48400000,0x000000be48500000] [id=27044]
  0x0000025378ce6d00 WorkerThread "GC Thread#4" [stack: 0x000000be48500000,0x000000be48600000] [id=24508]
  0x0000025378ce7570 WorkerThread "GC Thread#5" [stack: 0x000000be48600000,0x000000be48700000] [id=22192]
  0x0000025378ce6fd0 WorkerThread "GC Thread#6" [stack: 0x000000be48700000,0x000000be48800000] [id=17020]
  0x0000025378ce5950 WorkerThread "GC Thread#7" [stack: 0x000000be48800000,0x000000be48900000] [id=25192]
  0x00000253548a13c0 ConcurrentGCThread "G1 Main Marker" [stack: 0x000000be46a00000,0x000000be46b00000] [id=19780]
  0x00000253548a2630 WorkerThread "G1 Conc#0" [stack: 0x000000be46b00000,0x000000be46c00000] [id=26468]
  0x00000253548de650 ConcurrentGCThread "G1 Refine#0" [stack: 0x000000be46c00000,0x000000be46d00000] [id=16828]
  0x0000025373c772c0 ConcurrentGCThread "G1 Service" [stack: 0x000000be46d00000,0x000000be46e00000] [id=25492]

Threads with active compile tasks:
C2 CompilerThread1     2529 1630       4       java.lang.invoke.MethodType::makeImpl (109 bytes)

VM state: not at safepoint (normal execution)

VM Mutex/Monitor currently owned by a thread: None

Heap address: 0x0000000701e00000, size: 4066 MB, Compressed Oops mode: Zero based, Oop shift amount: 3

CDS archive(s) mapped at: [0x0000000800000000-0x0000000800c60000-0x0000000800c60000), size 12976128, SharedBaseAddress: 0x0000000800000000, ArchiveRelocationMode: 0.
Compressed class space mapped at: 0x0000000801000000-0x0000000841000000, reserved size: 1073741824
Narrow klass base: 0x0000000800000000, Narrow klass shift: 0, Narrow klass range: 0x100000000

GC Precious Log:
 CardTable entry size: 512
 Card Set container configuration: InlinePtr #cards 4 size 8 Array Of Cards #cards 16 size 48 Howl #buckets 8 coarsen threshold 3686 Howl Bitmap #cards 512 size 80 coarsen threshold 460 Card regions per heap region 1 cards per card region 4096
 CPUs: 8 total, 8 available
 Memory: 16262M
 Large Page Support: Disabled
 NUMA Support: Disabled
 Compressed Oops: Enabled (Zero based)
 Heap Region Size: 2M
 Heap Min Capacity: 8M
 Heap Initial Capacity: 256M
 Heap Max Capacity: 4066M
 Pre-touch: Disabled
 Parallel Workers: 8
 Concurrent Workers: 2
 Concurrent Refinement Workers: 8
 Periodic GC: Disabled

Heap:
 garbage-first heap   total 262144K, used 16409K [0x0000000701e00000, 0x0000000800000000)
  region size 2048K, 7 young (14336K), 2 survivors (4096K)
 Metaspace       used 13335K, committed 13568K, reserved 1114112K
  class space    used 1613K, committed 1728K, reserved 1048576K

Heap Regions: E=young(eden), S=young(survivor), O=old, HS=humongous(starts), HC=humongous(continues), CS=collection set, F=free, OA=open archive, CA=closed archive, TAMS=top-at-mark-start, PB=parsable bottom
|   0|0x0000000701e00000, 0x0000000702000000, 0x0000000702000000|100%|HS|  |TAMS 0x0000000701e00000| PB 0x0000000701e00000| Complete 
|   1|0x0000000702000000, 0x0000000702200000, 0x0000000702200000|100%|HC|  |TAMS 0x0000000702000000| PB 0x0000000702000000| Complete 
|   2|0x0000000702200000, 0x0000000702206600, 0x0000000702400000|  1%| O|  |TAMS 0x0000000702200000| PB 0x0000000702200000| Untracked 
|   3|0x0000000702400000, 0x0000000702400000, 0x0000000702600000|  0%| F|  |TAMS 0x0000000702400000| PB 0x0000000702400000| Untracked 
|   4|0x0000000702600000, 0x0000000702600000, 0x0000000702800000|  0%| F|  |TAMS 0x0000000702600000| PB 0x0000000702600000| Untracked 
|   5|0x0000000702800000, 0x0000000702800000, 0x0000000702a00000|  0%| F|  |TAMS 0x0000000702800000| PB 0x0000000702800000| Untracked 
|   6|0x0000000702a00000, 0x0000000702a00000, 0x0000000702c00000|  0%| F|  |TAMS 0x0000000702a00000| PB 0x0000000702a00000| Untracked 
|   7|0x0000000702c00000, 0x0000000702c00000, 0x0000000702e00000|  0%| F|  |TAMS 0x0000000702c00000| PB 0x0000000702c00000| Untracked 
|   8|0x0000000702e00000, 0x0000000702e00000, 0x0000000703000000|  0%| F|  |TAMS 0x0000000702e00000| PB 0x0000000702e00000| Untracked 
|   9|0x0000000703000000, 0x0000000703000000, 0x0000000703200000|  0%| F|  |TAMS 0x0000000703000000| PB 0x0000000703000000| Untracked 
|  10|0x0000000703200000, 0x0000000703200000, 0x0000000703400000|  0%| F|  |TAMS 0x0000000703200000| PB 0x0000000703200000| Untracked 
|  11|0x0000000703400000, 0x0000000703400000, 0x0000000703600000|  0%| F|  |TAMS 0x0000000703400000| PB 0x0000000703400000| Untracked 
|  12|0x0000000703600000, 0x0000000703600000, 0x0000000703800000|  0%| F|  |TAMS 0x0000000703600000| PB 0x0000000703600000| Untracked 
|  13|0x0000000703800000, 0x0000000703800000, 0x0000000703a00000|  0%| F|  |TAMS 0x0000000703800000| PB 0x0000000703800000| Untracked 
|  14|0x0000000703a00000, 0x0000000703a00000, 0x0000000703c00000|  0%| F|  |TAMS 0x0000000703a00000| PB 0x0000000703a00000| Untracked 
|  15|0x0000000703c00000, 0x0000000703c00000, 0x0000000703e00000|  0%| F|  |TAMS 0x0000000703c00000| PB 0x0000000703c00000| Untracked 
|  16|0x0000000703e00000, 0x0000000703e00000, 0x0000000704000000|  0%| F|  |TAMS 0x0000000703e00000| PB 0x0000000703e00000| Untracked 
|  17|0x0000000704000000, 0x0000000704000000, 0x0000000704200000|  0%| F|  |TAMS 0x0000000704000000| PB 0x0000000704000000| Untracked 
|  18|0x0000000704200000, 0x0000000704200000, 0x0000000704400000|  0%| F|  |TAMS 0x0000000704200000| PB 0x0000000704200000| Untracked 
|  19|0x0000000704400000, 0x0000000704400000, 0x0000000704600000|  0%| F|  |TAMS 0x0000000704400000| PB 0x0000000704400000| Untracked 
|  20|0x0000000704600000, 0x0000000704600000, 0x0000000704800000|  0%| F|  |TAMS 0x0000000704600000| PB 0x0000000704600000| Untracked 
|  21|0x0000000704800000, 0x0000000704800000, 0x0000000704a00000|  0%| F|  |TAMS 0x0000000704800000| PB 0x0000000704800000| Untracked 
|  22|0x0000000704a00000, 0x0000000704a00000, 0x0000000704c00000|  0%| F|  |TAMS 0x0000000704a00000| PB 0x0000000704a00000| Untracked 
|  23|0x0000000704c00000, 0x0000000704c00000, 0x0000000704e00000|  0%| F|  |TAMS 0x0000000704c00000| PB 0x0000000704c00000| Untracked 
|  24|0x0000000704e00000, 0x0000000704e00000, 0x0000000705000000|  0%| F|  |TAMS 0x0000000704e00000| PB 0x0000000704e00000| Untracked 
|  25|0x0000000705000000, 0x0000000705000000, 0x0000000705200000|  0%| F|  |TAMS 0x0000000705000000| PB 0x0000000705000000| Untracked 
|  26|0x0000000705200000, 0x0000000705200000, 0x0000000705400000|  0%| F|  |TAMS 0x0000000705200000| PB 0x0000000705200000| Untracked 
|  27|0x0000000705400000, 0x0000000705400000, 0x0000000705600000|  0%| F|  |TAMS 0x0000000705400000| PB 0x0000000705400000| Untracked 
|  28|0x0000000705600000, 0x0000000705600000, 0x0000000705800000|  0%| F|  |TAMS 0x0000000705600000| PB 0x0000000705600000| Untracked 
|  29|0x0000000705800000, 0x0000000705800000, 0x0000000705a00000|  0%| F|  |TAMS 0x0000000705800000| PB 0x0000000705800000| Untracked 
|  30|0x0000000705a00000, 0x0000000705a00000, 0x0000000705c00000|  0%| F|  |TAMS 0x0000000705a00000| PB 0x0000000705a00000| Untracked 
|  31|0x0000000705c00000, 0x0000000705c00000, 0x0000000705e00000|  0%| F|  |TAMS 0x0000000705c00000| PB 0x0000000705c00000| Untracked 
|  32|0x0000000705e00000, 0x0000000705e00000, 0x0000000706000000|  0%| F|  |TAMS 0x0000000705e00000| PB 0x0000000705e00000| Untracked 
|  33|0x0000000706000000, 0x0000000706000000, 0x0000000706200000|  0%| F|  |TAMS 0x0000000706000000| PB 0x0000000706000000| Untracked 
|  34|0x0000000706200000, 0x0000000706200000, 0x0000000706400000|  0%| F|  |TAMS 0x0000000706200000| PB 0x0000000706200000| Untracked 
|  35|0x0000000706400000, 0x0000000706400000, 0x0000000706600000|  0%| F|  |TAMS 0x0000000706400000| PB 0x0000000706400000| Untracked 
|  36|0x0000000706600000, 0x0000000706600000, 0x0000000706800000|  0%| F|  |TAMS 0x0000000706600000| PB 0x0000000706600000| Untracked 
|  37|0x0000000706800000, 0x0000000706800000, 0x0000000706a00000|  0%| F|  |TAMS 0x0000000706800000| PB 0x0000000706800000| Untracked 
|  38|0x0000000706a00000, 0x0000000706a00000, 0x0000000706c00000|  0%| F|  |TAMS 0x0000000706a00000| PB 0x0000000706a00000| Untracked 
|  39|0x0000000706c00000, 0x0000000706c00000, 0x0000000706e00000|  0%| F|  |TAMS 0x0000000706c00000| PB 0x0000000706c00000| Untracked 
|  40|0x0000000706e00000, 0x0000000706e00000, 0x0000000707000000|  0%| F|  |TAMS 0x0000000706e00000| PB 0x0000000706e00000| Untracked 
|  41|0x0000000707000000, 0x0000000707000000, 0x0000000707200000|  0%| F|  |TAMS 0x0000000707000000| PB 0x0000000707000000| Untracked 
|  42|0x0000000707200000, 0x0000000707200000, 0x0000000707400000|  0%| F|  |TAMS 0x0000000707200000| PB 0x0000000707200000| Untracked 
|  43|0x0000000707400000, 0x0000000707400000, 0x0000000707600000|  0%| F|  |TAMS 0x0000000707400000| PB 0x0000000707400000| Untracked 
|  44|0x0000000707600000, 0x0000000707600000, 0x0000000707800000|  0%| F|  |TAMS 0x0000000707600000| PB 0x0000000707600000| Untracked 
|  45|0x0000000707800000, 0x0000000707800000, 0x0000000707a00000|  0%| F|  |TAMS 0x0000000707800000| PB 0x0000000707800000| Untracked 
|  46|0x0000000707a00000, 0x0000000707a00000, 0x0000000707c00000|  0%| F|  |TAMS 0x0000000707a00000| PB 0x0000000707a00000| Untracked 
|  47|0x0000000707c00000, 0x0000000707c00000, 0x0000000707e00000|  0%| F|  |TAMS 0x0000000707c00000| PB 0x0000000707c00000| Untracked 
|  48|0x0000000707e00000, 0x0000000707e00000, 0x0000000708000000|  0%| F|  |TAMS 0x0000000707e00000| PB 0x0000000707e00000| Untracked 
|  49|0x0000000708000000, 0x0000000708000000, 0x0000000708200000|  0%| F|  |TAMS 0x0000000708000000| PB 0x0000000708000000| Untracked 
|  50|0x0000000708200000, 0x0000000708200000, 0x0000000708400000|  0%| F|  |TAMS 0x0000000708200000| PB 0x0000000708200000| Untracked 
|  51|0x0000000708400000, 0x0000000708400000, 0x0000000708600000|  0%| F|  |TAMS 0x0000000708400000| PB 0x0000000708400000| Untracked 
|  52|0x0000000708600000, 0x0000000708600000, 0x0000000708800000|  0%| F|  |TAMS 0x0000000708600000| PB 0x0000000708600000| Untracked 
|  53|0x0000000708800000, 0x0000000708800000, 0x0000000708a00000|  0%| F|  |TAMS 0x0000000708800000| PB 0x0000000708800000| Untracked 
|  54|0x0000000708a00000, 0x0000000708a00000, 0x0000000708c00000|  0%| F|  |TAMS 0x0000000708a00000| PB 0x0000000708a00000| Untracked 
|  55|0x0000000708c00000, 0x0000000708c00000, 0x0000000708e00000|  0%| F|  |TAMS 0x0000000708c00000| PB 0x0000000708c00000| Untracked 
|  56|0x0000000708e00000, 0x0000000708e00000, 0x0000000709000000|  0%| F|  |TAMS 0x0000000708e00000| PB 0x0000000708e00000| Untracked 
|  57|0x0000000709000000, 0x0000000709000000, 0x0000000709200000|  0%| F|  |TAMS 0x0000000709000000| PB 0x0000000709000000| Untracked 
|  58|0x0000000709200000, 0x0000000709200000, 0x0000000709400000|  0%| F|  |TAMS 0x0000000709200000| PB 0x0000000709200000| Untracked 
|  59|0x0000000709400000, 0x0000000709400000, 0x0000000709600000|  0%| F|  |TAMS 0x0000000709400000| PB 0x0000000709400000| Untracked 
|  60|0x0000000709600000, 0x0000000709600000, 0x0000000709800000|  0%| F|  |TAMS 0x0000000709600000| PB 0x0000000709600000| Untracked 
|  61|0x0000000709800000, 0x0000000709800000, 0x0000000709a00000|  0%| F|  |TAMS 0x0000000709800000| PB 0x0000000709800000| Untracked 
|  62|0x0000000709a00000, 0x0000000709a00000, 0x0000000709c00000|  0%| F|  |TAMS 0x0000000709a00000| PB 0x0000000709a00000| Untracked 
|  63|0x0000000709c00000, 0x0000000709c00000, 0x0000000709e00000|  0%| F|  |TAMS 0x0000000709c00000| PB 0x0000000709c00000| Untracked 
|  64|0x0000000709e00000, 0x0000000709e00000, 0x000000070a000000|  0%| F|  |TAMS 0x0000000709e00000| PB 0x0000000709e00000| Untracked 
|  65|0x000000070a000000, 0x000000070a000000, 0x000000070a200000|  0%| F|  |TAMS 0x000000070a000000| PB 0x000000070a000000| Untracked 
|  66|0x000000070a200000, 0x000000070a200000, 0x000000070a400000|  0%| F|  |TAMS 0x000000070a200000| PB 0x000000070a200000| Untracked 
|  67|0x000000070a400000, 0x000000070a400000, 0x000000070a600000|  0%| F|  |TAMS 0x000000070a400000| PB 0x000000070a400000| Untracked 
|  68|0x000000070a600000, 0x000000070a600000, 0x000000070a800000|  0%| F|  |TAMS 0x000000070a600000| PB 0x000000070a600000| Untracked 
|  69|0x000000070a800000, 0x000000070a800000, 0x000000070aa00000|  0%| F|  |TAMS 0x000000070a800000| PB 0x000000070a800000| Untracked 
|  70|0x000000070aa00000, 0x000000070aa00000, 0x000000070ac00000|  0%| F|  |TAMS 0x000000070aa00000| PB 0x000000070aa00000| Untracked 
|  71|0x000000070ac00000, 0x000000070ac00000, 0x000000070ae00000|  0%| F|  |TAMS 0x000000070ac00000| PB 0x000000070ac00000| Untracked 
|  72|0x000000070ae00000, 0x000000070ae00000, 0x000000070b000000|  0%| F|  |TAMS 0x000000070ae00000| PB 0x000000070ae00000| Untracked 
|  73|0x000000070b000000, 0x000000070b000000, 0x000000070b200000|  0%| F|  |TAMS 0x000000070b000000| PB 0x000000070b000000| Untracked 
|  74|0x000000070b200000, 0x000000070b200000, 0x000000070b400000|  0%| F|  |TAMS 0x000000070b200000| PB 0x000000070b200000| Untracked 
|  75|0x000000070b400000, 0x000000070b400000, 0x000000070b600000|  0%| F|  |TAMS 0x000000070b400000| PB 0x000000070b400000| Untracked 
|  76|0x000000070b600000, 0x000000070b600000, 0x000000070b800000|  0%| F|  |TAMS 0x000000070b600000| PB 0x000000070b600000| Untracked 
|  77|0x000000070b800000, 0x000000070b800000, 0x000000070ba00000|  0%| F|  |TAMS 0x000000070b800000| PB 0x000000070b800000| Untracked 
|  78|0x000000070ba00000, 0x000000070ba00000, 0x000000070bc00000|  0%| F|  |TAMS 0x000000070ba00000| PB 0x000000070ba00000| Untracked 
|  79|0x000000070bc00000, 0x000000070bc00000, 0x000000070be00000|  0%| F|  |TAMS 0x000000070bc00000| PB 0x000000070bc00000| Untracked 
|  80|0x000000070be00000, 0x000000070be00000, 0x000000070c000000|  0%| F|  |TAMS 0x000000070be00000| PB 0x000000070be00000| Untracked 
|  81|0x000000070c000000, 0x000000070c000000, 0x000000070c200000|  0%| F|  |TAMS 0x000000070c000000| PB 0x000000070c000000| Untracked 
|  82|0x000000070c200000, 0x000000070c200000, 0x000000070c400000|  0%| F|  |TAMS 0x000000070c200000| PB 0x000000070c200000| Untracked 
|  83|0x000000070c400000, 0x000000070c400000, 0x000000070c600000|  0%| F|  |TAMS 0x000000070c400000| PB 0x000000070c400000| Untracked 
|  84|0x000000070c600000, 0x000000070c600000, 0x000000070c800000|  0%| F|  |TAMS 0x000000070c600000| PB 0x000000070c600000| Untracked 
|  85|0x000000070c800000, 0x000000070c800000, 0x000000070ca00000|  0%| F|  |TAMS 0x000000070c800000| PB 0x000000070c800000| Untracked 
|  86|0x000000070ca00000, 0x000000070ca00000, 0x000000070cc00000|  0%| F|  |TAMS 0x000000070ca00000| PB 0x000000070ca00000| Untracked 
|  87|0x000000070cc00000, 0x000000070cc00000, 0x000000070ce00000|  0%| F|  |TAMS 0x000000070cc00000| PB 0x000000070cc00000| Untracked 
|  88|0x000000070ce00000, 0x000000070ce00000, 0x000000070d000000|  0%| F|  |TAMS 0x000000070ce00000| PB 0x000000070ce00000| Untracked 
|  89|0x000000070d000000, 0x000000070d000000, 0x000000070d200000|  0%| F|  |TAMS 0x000000070d000000| PB 0x000000070d000000| Untracked 
|  90|0x000000070d200000, 0x000000070d200000, 0x000000070d400000|  0%| F|  |TAMS 0x000000070d200000| PB 0x000000070d200000| Untracked 
|  91|0x000000070d400000, 0x000000070d400000, 0x000000070d600000|  0%| F|  |TAMS 0x000000070d400000| PB 0x000000070d400000| Untracked 
|  92|0x000000070d600000, 0x000000070d600000, 0x000000070d800000|  0%| F|  |TAMS 0x000000070d600000| PB 0x000000070d600000| Untracked 
|  93|0x000000070d800000, 0x000000070d800000, 0x000000070da00000|  0%| F|  |TAMS 0x000000070d800000| PB 0x000000070d800000| Untracked 
|  94|0x000000070da00000, 0x000000070da00000, 0x000000070dc00000|  0%| F|  |TAMS 0x000000070da00000| PB 0x000000070da00000| Untracked 
|  95|0x000000070dc00000, 0x000000070dc00000, 0x000000070de00000|  0%| F|  |TAMS 0x000000070dc00000| PB 0x000000070dc00000| Untracked 
|  96|0x000000070de00000, 0x000000070de00000, 0x000000070e000000|  0%| F|  |TAMS 0x000000070de00000| PB 0x000000070de00000| Untracked 
|  97|0x000000070e000000, 0x000000070e000000, 0x000000070e200000|  0%| F|  |TAMS 0x000000070e000000| PB 0x000000070e000000| Untracked 
|  98|0x000000070e200000, 0x000000070e200000, 0x000000070e400000|  0%| F|  |TAMS 0x000000070e200000| PB 0x000000070e200000| Untracked 
|  99|0x000000070e400000, 0x000000070e400000, 0x000000070e600000|  0%| F|  |TAMS 0x000000070e400000| PB 0x000000070e400000| Untracked 
| 100|0x000000070e600000, 0x000000070e600000, 0x000000070e800000|  0%| F|  |TAMS 0x000000070e600000| PB 0x000000070e600000| Untracked 
| 101|0x000000070e800000, 0x000000070e800000, 0x000000070ea00000|  0%| F|  |TAMS 0x000000070e800000| PB 0x000000070e800000| Untracked 
| 102|0x000000070ea00000, 0x000000070ea00000, 0x000000070ec00000|  0%| F|  |TAMS 0x000000070ea00000| PB 0x000000070ea00000| Untracked 
| 103|0x000000070ec00000, 0x000000070ec00000, 0x000000070ee00000|  0%| F|  |TAMS 0x000000070ec00000| PB 0x000000070ec00000| Untracked 
| 104|0x000000070ee00000, 0x000000070ee00000, 0x000000070f000000|  0%| F|  |TAMS 0x000000070ee00000| PB 0x000000070ee00000| Untracked 
| 105|0x000000070f000000, 0x000000070f000000, 0x000000070f200000|  0%| F|  |TAMS 0x000000070f000000| PB 0x000000070f000000| Untracked 
| 106|0x000000070f200000, 0x000000070f200000, 0x000000070f400000|  0%| F|  |TAMS 0x000000070f200000| PB 0x000000070f200000| Untracked 
| 107|0x000000070f400000, 0x000000070f400000, 0x000000070f600000|  0%| F|  |TAMS 0x000000070f400000| PB 0x000000070f400000| Untracked 
| 108|0x000000070f600000, 0x000000070f600000, 0x000000070f800000|  0%| F|  |TAMS 0x000000070f600000| PB 0x000000070f600000| Untracked 
| 109|0x000000070f800000, 0x000000070f800000, 0x000000070fa00000|  0%| F|  |TAMS 0x000000070f800000| PB 0x000000070f800000| Untracked 
| 110|0x000000070fa00000, 0x000000070fa00000, 0x000000070fc00000|  0%| F|  |TAMS 0x000000070fa00000| PB 0x000000070fa00000| Untracked 
| 111|0x000000070fc00000, 0x000000070fc00000, 0x000000070fe00000|  0%| F|  |TAMS 0x000000070fc00000| PB 0x000000070fc00000| Untracked 
| 112|0x000000070fe00000, 0x000000070fe00000, 0x0000000710000000|  0%| F|  |TAMS 0x000000070fe00000| PB 0x000000070fe00000| Untracked 
| 113|0x0000000710000000, 0x0000000710000000, 0x0000000710200000|  0%| F|  |TAMS 0x0000000710000000| PB 0x0000000710000000| Untracked 
| 114|0x0000000710200000, 0x0000000710200000, 0x0000000710400000|  0%| F|  |TAMS 0x0000000710200000| PB 0x0000000710200000| Untracked 
| 115|0x0000000710400000, 0x0000000710600000, 0x0000000710600000|100%| S|CS|TAMS 0x0000000710400000| PB 0x0000000710400000| Complete 
| 116|0x0000000710600000, 0x0000000710800000, 0x0000000710800000|100%| S|CS|TAMS 0x0000000710600000| PB 0x0000000710600000| Complete 
| 117|0x0000000710800000, 0x0000000710800000, 0x0000000710a00000|  0%| F|  |TAMS 0x0000000710800000| PB 0x0000000710800000| Untracked 
| 118|0x0000000710a00000, 0x0000000710a00000, 0x0000000710c00000|  0%| F|  |TAMS 0x0000000710a00000| PB 0x0000000710a00000| Untracked 
| 119|0x0000000710c00000, 0x0000000710c00000, 0x0000000710e00000|  0%| F|  |TAMS 0x0000000710c00000| PB 0x0000000710c00000| Untracked 
| 120|0x0000000710e00000, 0x0000000710e00000, 0x0000000711000000|  0%| F|  |TAMS 0x0000000710e00000| PB 0x0000000710e00000| Untracked 
| 121|0x0000000711000000, 0x0000000711000000, 0x0000000711200000|  0%| F|  |TAMS 0x0000000711000000| PB 0x0000000711000000| Untracked 
| 122|0x0000000711200000, 0x0000000711200000, 0x0000000711400000|  0%| F|  |TAMS 0x0000000711200000| PB 0x0000000711200000| Untracked 
| 123|0x0000000711400000, 0x00000007115c7988, 0x0000000711600000| 88%| E|  |TAMS 0x0000000711400000| PB 0x0000000711400000| Complete 
| 124|0x0000000711600000, 0x0000000711800000, 0x0000000711800000|100%| E|CS|TAMS 0x0000000711600000| PB 0x0000000711600000| Complete 
| 125|0x0000000711800000, 0x0000000711a00000, 0x0000000711a00000|100%| E|CS|TAMS 0x0000000711800000| PB 0x0000000711800000| Complete 
| 126|0x0000000711a00000, 0x0000000711c00000, 0x0000000711c00000|100%| E|CS|TAMS 0x0000000711a00000| PB 0x0000000711a00000| Complete 
| 127|0x0000000711c00000, 0x0000000711e00000, 0x0000000711e00000|100%| E|CS|TAMS 0x0000000711c00000| PB 0x0000000711c00000| Complete 

Card table byte_map: [0x000002536c400000,0x000002536cc00000] _byte_map_base: 0x0000025368bf1000

Marking Bits: (CMBitMap*) 0x0000025354890cd0
 Bits: [0x000002536d400000, 0x0000025371388000)

Polling page: 0x00000253527c0000

Metaspace:

Usage:
  Non-class:     11.45 MB used.
      Class:      1.58 MB used.
       Both:     13.02 MB used.

Virtual space:
  Non-class space:       64.00 MB reserved,      11.56 MB ( 18%) committed,  1 nodes.
      Class space:        1.00 GB reserved,       1.69 MB ( <1%) committed,  1 nodes.
             Both:        1.06 GB reserved,      13.25 MB (  1%) committed. 

Chunk freelists:
   Non-Class:  320.00 KB
       Class:  2.20 MB
        Both:  2.52 MB

MaxMetaspaceSize: unlimited
CompressedClassSpaceSize: 1.00 GB
Initial GC threshold: 21.00 MB
Current GC threshold: 21.00 MB
CDS: on
MetaspaceReclaimPolicy: balanced
 - commit_granule_bytes: 65536.
 - commit_granule_words: 8192.
 - virtual_space_node_default_size: 8388608.
 - enlarge_chunks_in_place: 1.
 - new_chunks_are_fully_committed: 0.
 - uncommit_free_chunks: 1.
 - use_allocation_guard: 0.


Internal statistics:

num_allocs_failed_limit: 0.
num_arena_births: 262.
num_arena_deaths: 0.
num_vsnodes_births: 2.
num_vsnodes_deaths: 0.
num_space_committed: 212.
num_space_uncommitted: 0.
num_chunks_returned_to_freelist: 0.
num_chunks_taken_from_freelist: 570.
num_chunk_merges: 0.
num_chunk_splits: 351.
num_chunks_enlarged: 232.
num_inconsistent_stats: 0.

CodeHeap 'non-profiled nmethods': size=120000Kb used=498Kb max_used=498Kb free=119501Kb
 bounds [0x00000253643a0000, 0x0000025364610000, 0x000002536b8d0000]
CodeHeap 'profiled nmethods': size=120000Kb used=3126Kb max_used=3126Kb free=116873Kb
 bounds [0x000002535c8d0000, 0x000002535cbe0000, 0x0000025363e00000]
CodeHeap 'non-nmethods': size=5760Kb used=1523Kb max_used=1539Kb free=4236Kb
 bounds [0x0000025363e00000, 0x0000025364070000, 0x00000253643a0000]
 total_blobs=2233 nmethods=1687 adapters=457
 compilation: enabled
              stopped_count=0, restarted_count=0
 full_count=0

Compilation events (20 events):
Event: 2.435 Thread 0x0000025373e03de0 nmethod 1678 0x000002535cbd9790 code [0x000002535cbd9960, 0x000002535cbd9e28]
Event: 2.435 Thread 0x0000025373e03de0 1679       3       java.util.zip.InflaterInputStream::<init> (70 bytes)
Event: 2.435 Thread 0x0000025373e03de0 nmethod 1679 0x000002535cbda010 code [0x000002535cbda200, 0x000002535cbda940]
Event: 2.435 Thread 0x0000025373e03de0 1680       3       java.util.zip.ZipFile$InflaterCleanupAction::<init> (15 bytes)
Event: 2.435 Thread 0x0000025373e03de0 nmethod 1680 0x000002535cbdab10 code [0x000002535cbdaca0, 0x000002535cbdaed8]
Event: 2.435 Thread 0x0000025373e03de0 1681       3       java.util.zip.ZipFile$InflaterCleanupAction::run (12 bytes)
Event: 2.435 Thread 0x0000025373e03de0 nmethod 1681 0x000002535cbdaf90 code [0x000002535cbdb120, 0x000002535cbdb270]
Event: 2.435 Thread 0x0000025373e03de0 1682   !   3       java.util.zip.ZipFile$CleanableResource::releaseInflater (53 bytes)
Event: 2.436 Thread 0x0000025373e03de0 nmethod 1682 0x000002535cbdb310 code [0x000002535cbdb4e0, 0x000002535cbdb918]
Event: 2.436 Thread 0x0000025373e03de0 1683   !   3       java.util.zip.Inflater::reset (64 bytes)
Event: 2.436 Thread 0x0000025373e01310 nmethod 1651 0x000002536441c510 code [0x000002536441c680, 0x000002536441c7a8]
Event: 2.436 Thread 0x0000025373e03de0 nmethod 1683 0x000002535cbdbb10 code [0x000002535cbdbcc0, 0x000002535cbdc048]
Event: 2.436 Thread 0x0000025373e03de0 1685       3       java.net.URI$Parser::at (23 bytes)
Event: 2.436 Thread 0x0000025373e03de0 nmethod 1685 0x000002535cbdc210 code [0x000002535cbdc400, 0x000002535cbdca48]
Event: 2.436 Thread 0x0000025373e03de0 1686       3       java.security.AccessController::doPrivileged (9 bytes)
Event: 2.437 Thread 0x0000025373e03de0 nmethod 1686 0x000002535cbdcd10 code [0x000002535cbdcec0, 0x000002535cbdd1f0]
Event: 2.437 Thread 0x0000025373e03de0 1687       3       java.util.ArrayList::toArray (12 bytes)
Event: 2.437 Thread 0x0000025373e03de0 nmethod 1687 0x000002535cbdd390 code [0x000002535cbdd520, 0x000002535cbdd700]
Event: 2.437 Thread 0x0000025373e03de0 1688       3       java.util.concurrent.atomic.AtomicLong::incrementAndGet (14 bytes)
Event: 2.437 Thread 0x0000025373e03de0 nmethod 1688 0x000002535cbdd810 code [0x000002535cbdd9a0, 0x000002535cbddac8]

GC Heap History (2 events):
Event: 1.419 GC heap before
{Heap before GC invocations=0 (full 0):
 garbage-first heap   total 262144K, used 26624K [0x0000000701e00000, 0x0000000800000000)
  region size 2048K, 11 young (22528K), 0 survivors (0K)
 Metaspace       used 9793K, committed 10112K, reserved 1114112K
  class space    used 1151K, committed 1280K, reserved 1048576K
}
Event: 1.423 GC heap after
{Heap after GC invocations=1 (full 0):
 garbage-first heap   total 262144K, used 8217K [0x0000000701e00000, 0x0000000800000000)
  region size 2048K, 2 young (4096K), 2 survivors (4096K)
 Metaspace       used 9793K, committed 10112K, reserved 1114112K
  class space    used 1151K, committed 1280K, reserved 1048576K
}

Dll operation events (8 events):
Event: 0.008 Loaded shared library C:\Program Files\Java\jdk-20\bin\java.dll
Event: 0.018 Loaded shared library C:\Program Files\Java\jdk-20\bin\jsvml.dll
Event: 0.052 Loaded shared library C:\Program Files\Java\jdk-20\bin\net.dll
Event: 0.054 Loaded shared library C:\Program Files\Java\jdk-20\bin\nio.dll
Event: 0.080 Loaded shared library C:\Program Files\Java\jdk-20\bin\zip.dll
Event: 0.125 Loaded shared library C:\Program Files\Java\jdk-20\bin\jimage.dll
Event: 0.150 Loaded shared library C:\Program Files\Java\jdk-20\bin\extnet.dll
Event: 1.087 Loaded shared library C:\Program Files\Java\jdk-20\bin\sunmscapi.dll

Deoptimization events (20 events):
Event: 2.417 Thread 0x000002535481c620 Uncommon trap: trap_request=0xffffff45 fr.pc=0x00000253643e0054 relative=0x0000000000000054
Event: 2.417 Thread 0x000002535481c620 Uncommon trap: reason=unstable_if action=reinterpret pc=0x00000253643e0054 method=java.lang.CharacterData.of(I)Ljava/lang/CharacterData; @ 4 c2
Event: 2.417 Thread 0x000002535481c620 DEOPT PACKING pc=0x00000253643e0054 sp=0x000000be468fdf20
Event: 2.417 Thread 0x000002535481c620 DEOPT UNPACKING pc=0x0000025363e69d22 sp=0x000000be468fdec0 mode 2
Event: 2.418 Thread 0x000002535481c620 Uncommon trap: trap_request=0xffffffde fr.pc=0x0000025364413408 relative=0x00000000000003e8
Event: 2.418 Thread 0x000002535481c620 Uncommon trap: reason=class_check action=maybe_recompile pc=0x0000025364413408 method=java.lang.String.<init>(Ljava/lang/AbstractStringBuilder;Ljava/lang/Void;)V @ 10 c2
Event: 2.418 Thread 0x000002535481c620 DEOPT PACKING pc=0x0000025364413408 sp=0x000000be468fe7e0
Event: 2.418 Thread 0x000002535481c620 DEOPT UNPACKING pc=0x0000025363e69d22 sp=0x000000be468fe798 mode 2
Event: 2.418 Thread 0x000002535481c620 Uncommon trap: trap_request=0xffffffde fr.pc=0x0000025364413408 relative=0x00000000000003e8
Event: 2.418 Thread 0x000002535481c620 Uncommon trap: reason=class_check action=maybe_recompile pc=0x0000025364413408 method=java.lang.String.<init>(Ljava/lang/AbstractStringBuilder;Ljava/lang/Void;)V @ 10 c2
Event: 2.418 Thread 0x000002535481c620 DEOPT PACKING pc=0x0000025364413408 sp=0x000000be468fe7e0
Event: 2.418 Thread 0x000002535481c620 DEOPT UNPACKING pc=0x0000025363e69d22 sp=0x000000be468fe798 mode 2
Event: 2.418 Thread 0x000002535481c620 Uncommon trap: trap_request=0xffffffde fr.pc=0x0000025364413408 relative=0x00000000000003e8
Event: 2.418 Thread 0x000002535481c620 Uncommon trap: reason=class_check action=maybe_recompile pc=0x0000025364413408 method=java.lang.String.<init>(Ljava/lang/AbstractStringBuilder;Ljava/lang/Void;)V @ 10 c2
Event: 2.418 Thread 0x000002535481c620 DEOPT PACKING pc=0x0000025364413408 sp=0x000000be468fe7e0
Event: 2.418 Thread 0x000002535481c620 DEOPT UNPACKING pc=0x0000025363e69d22 sp=0x000000be468fe798 mode 2
Event: 2.418 Thread 0x000002535481c620 Uncommon trap: trap_request=0xffffffde fr.pc=0x0000025364413408 relative=0x00000000000003e8
Event: 2.418 Thread 0x000002535481c620 Uncommon trap: reason=class_check action=maybe_recompile pc=0x0000025364413408 method=java.lang.String.<init>(Ljava/lang/AbstractStringBuilder;Ljava/lang/Void;)V @ 10 c2
Event: 2.418 Thread 0x000002535481c620 DEOPT PACKING pc=0x0000025364413408 sp=0x000000be468fe980
Event: 2.418 Thread 0x000002535481c620 DEOPT UNPACKING pc=0x0000025363e69d22 sp=0x000000be468fe938 mode 2

Classes loaded (20 events):
Event: 2.418 Loading class java/util/ResourceBundle$CacheKeyReference done
Event: 2.418 Loading class java/util/ResourceBundle$KeyElementReference done
Event: 2.419 Loading class java/util/ResourceBundle$3
Event: 2.419 Loading class java/util/ResourceBundle$3 done
Event: 2.419 Loading class sun/util/logging/resources/logging
Event: 2.419 Loading class sun/util/logging/resources/logging done
Event: 2.420 Loading class java/util/ResourceBundle$BundleReference
Event: 2.420 Loading class java/util/ResourceBundle$BundleReference done
Event: 2.420 Loading class sun/util/logging/resources/logging_en
Event: 2.420 Loading class sun/util/logging/resources/logging_en done
Event: 2.420 Loading class sun/util/logging/resources/logging_en
Event: 2.420 Loading class sun/util/logging/resources/logging_en done
Event: 2.420 Loading class sun/util/logging/resources/logging_en_IN
Event: 2.420 Loading class sun/util/logging/resources/logging_en_IN done
Event: 2.420 Loading class sun/util/logging/resources/logging_en_IN
Event: 2.420 Loading class sun/util/logging/resources/logging_en_IN done
Event: 2.420 Loading class java/util/Formatter$DateTime
Event: 2.420 Loading class java/util/Formatter$DateTime done
Event: 2.421 Loading class java/time/ZonedDateTime$1
Event: 2.421 Loading class java/time/ZonedDateTime$1 done

Classes unloaded (0 events):
No events

Classes redefined (0 events):
No events

Internal exceptions (20 events):
Event: 1.068 Thread 0x000002535481c620 Exception <a 'java/lang/NoSuchMethodError'{0x00000007112768b8}: 'long java.lang.invoke.DirectMethodHandle$Holder.invokeSpecial(java.lang.Object, java.lang.Object)'> (0x00000007112768b8) 
thrown [s\open\src\hotspot\share\interpreter\linkResolver.cpp, line 773]
Event: 1.069 Thread 0x000002535481c620 Exception <a 'java/lang/NoSuchMethodError'{0x000000071127d580}: 'java.lang.Object java.lang.invoke.Invokers$Holder.invokeExact_MT(java.lang.Object, java.lang.Object, java.lang.Object, java.lang.Object, java.lang.Object, java.lang.Object)'> (0x000000071127d580) 
thrown [s\open\src\hotspot\share\interpreter\linkResolver.cpp, line 773]
Event: 1.112 Thread 0x000002535481c620 Exception <a 'sun/nio/fs/WindowsException'{0x000000071137fe30}> (0x000000071137fe30) 
thrown [s\open\src\hotspot\share\prims\jni.cpp, line 519]
Event: 1.150 Thread 0x000002535481c620 Exception <a 'java/lang/NoSuchMethodError'{0x0000000711146f00}: 'void java.lang.invoke.DirectMethodHandle$Holder.invokeVirtual(java.lang.Object, java.lang.Object)'> (0x0000000711146f00) 
thrown [s\open\src\hotspot\share\interpreter\linkResolver.cpp, line 773]
Event: 1.241 Thread 0x000002535481c620 Exception <a 'java/lang/NoSuchMethodError'{0x0000000710a081f8}: 'java.lang.Object java.lang.invoke.DirectMethodHandle$Holder.invokeInterface(java.lang.Object, java.lang.Object, java.lang.Object)'> (0x0000000710a081f8) 
thrown [s\open\src\hotspot\share\interpreter\linkResolver.cpp, line 773]
Event: 1.242 Thread 0x000002535481c620 Exception <a 'java/lang/IncompatibleClassChangeError'{0x0000000710a0b5e0}: Found class java.lang.Object, but interface was expected> (0x0000000710a0b5e0) 
thrown [s\open\src\hotspot\share\interpreter\linkResolver.cpp, line 840]
Event: 1.244 Thread 0x000002535481c620 Exception <a 'java/lang/NoSuchMethodError'{0x0000000710a13940}: 'int java.lang.invoke.DirectMethodHandle$Holder.invokeSpecialIFC(java.lang.Object, java.lang.Object, java.lang.Object, java.lang.Object)'> (0x0000000710a13940) 
thrown [s\open\src\hotspot\share\interpreter\linkResolver.cpp, line 773]
Event: 1.250 Thread 0x000002535481c620 Exception <a 'java/lang/NoSuchMethodError'{0x0000000710a42640}: 'java.lang.Object java.lang.invoke.DirectMethodHandle$Holder.invokeVirtual(java.lang.Object, java.lang.Object, java.lang.Object, java.lang.Object)'> (0x0000000710a42640) 
thrown [s\open\src\hotspot\share\interpreter\linkResolver.cpp, line 773]
Event: 1.266 Thread 0x000002537899cc50 Exception <a 'java/net/ConnectException'{0x0000000710b5aa10}: Connection refused: no further information> (0x0000000710b5aa10) 
thrown [s\open\src\hotspot\share\prims\jni.cpp, line 538]
Event: 1.277 Thread 0x000002537899cc50 Exception <a 'java/net/ConnectException'{0x0000000710b5bb10}: Connection refused: no further information> (0x0000000710b5bb10) 
thrown [s\open\src\hotspot\share\prims\jni.cpp, line 538]
Event: 1.325 Thread 0x000002535481c620 Exception <a 'java/lang/NoSuchMethodError'{0x0000000710bdcdd0}: 'java.lang.Object java.lang.invoke.DirectMethodHandle$Holder.invokeInterface(java.lang.Object, java.lang.Object)'> (0x0000000710bdcdd0) 
thrown [s\open\src\hotspot\share\interpreter\linkResolver.cpp, line 773]
Event: 1.383 Thread 0x000002535481c620 Exception <a 'java/lang/NoSuchMethodError'{0x00000007108c0490}: 'java.lang.Object java.lang.invoke.DirectMethodHandle$Holder.newInvokeSpecial(java.lang.Object, java.lang.Object, int, int)'> (0x00000007108c0490) 
thrown [s\open\src\hotspot\share\interpreter\linkResolver.cpp, line 773]
Event: 1.384 Thread 0x000002535481c620 Exception <a 'java/lang/NoSuchMethodError'{0x00000007108ca6f8}: 'void java.lang.invoke.DirectMethodHandle$Holder.invokeStatic(java.lang.Object, java.lang.Object, int)'> (0x00000007108ca6f8) 
thrown [s\open\src\hotspot\share\interpreter\linkResolver.cpp, line 773]
Event: 1.408 Thread 0x000002535481c620 Exception <a 'java/lang/NoSuchMethodError'{0x000000071098f9a8}: 'java.lang.Object java.lang.invoke.DirectMethodHandle$Holder.newInvokeSpecial(java.lang.Object, java.lang.Object, java.lang.Object, java.lang.Object, java.lang.Object)'> (0x000000071098f9a8) 
thrown [s\open\src\hotspot\share\interpreter\linkResolver.cpp, line 773]
Event: 1.490 Thread 0x000002537899a720 Exception <a 'java/lang/NoSuchMethodError'{0x0000000711ad03a8}: 'java.lang.Object java.lang.invoke.DirectMethodHandle$Holder.invokeSpecial(java.lang.Object, java.lang.Object, java.lang.Object, java.lang.Object, int)'> (0x0000000711ad03a8) 
thrown [s\open\src\hotspot\share\interpreter\linkResolver.cpp, line 773]
Event: 1.490 Thread 0x000002537899a720 Exception <a 'java/lang/NoSuchMethodError'{0x0000000711ad3cf0}: 'java.lang.Object java.lang.invoke.Invokers$Holder.linkToTargetMethod(java.lang.Object, java.lang.Object, int, java.lang.Object)'> (0x0000000711ad3cf0) 
thrown [s\open\src\hotspot\share\interpreter\linkResolver.cpp, line 773]
Event: 1.505 Thread 0x000002537899a720 Exception <a 'java/lang/NoSuchMethodError'{0x0000000711b1ec40}: 'void java.lang.invoke.DirectMethodHandle$Holder.invokeSpecial(java.lang.Object, java.lang.Object, java.lang.Object, java.lang.Object, java.lang.Object)'> (0x0000000711b1ec40) 
thrown [s\open\src\hotspot\share\interpreter\linkResolver.cpp, line 773]
Event: 2.171 Thread 0x000002537899a720 Exception <a 'java/lang/NoSuchMethodError'{0x000000071182ec08}: 'void java.lang.invoke.DirectMethodHandle$Holder.invokeSpecial(java.lang.Object, java.lang.Object, java.lang.Object, java.lang.Object, java.lang.Object, java.lang.Object, java.lang.Object)'> (0x000000071182ec08) 
thrown [s\open\src\hotspot\share\interpreter\linkResolver.cpp, line 773]
Event: 2.270 Thread 0x000002535481c620 Exception <a 'java/lang/NoSuchMethodError'{0x00000007119c8b88}: 'java.lang.Object java.lang.invoke.DirectMethodHandle$Holder.invokeSpecialIFC(java.lang.Object, java.lang.Object, java.lang.Object)'> (0x00000007119c8b88) 
thrown [s\open\src\hotspot\share\interpreter\linkResolver.cpp, line 773]
Event: 2.419 Thread 0x000002535481c620 Exception <a 'java/lang/ClassNotFoundException'{0x0000000711524558}: sun/util/logging/resources/spi/loggingProvider> (0x0000000711524558) 
thrown [s\open\src\hotspot\share\classfile\systemDictionary.cpp, line 305]

VM Operations (20 events):
Event: 1.031 Executing VM operation: HandshakeAllThreads
Event: 1.031 Executing VM operation: HandshakeAllThreads done
Event: 1.031 Executing VM operation: Cleanup
Event: 1.031 Executing VM operation: Cleanup done
Event: 1.256 Executing VM operation: HandshakeAllThreads
Event: 1.256 Executing VM operation: HandshakeAllThreads done
Event: 1.315 Executing VM operation: HandshakeAllThreads
Event: 1.315 Executing VM operation: HandshakeAllThreads done
Event: 1.327 Executing VM operation: HandshakeAllThreads
Event: 1.327 Executing VM operation: HandshakeAllThreads done
Event: 1.399 Executing VM operation: HandshakeAllThreads
Event: 1.399 Executing VM operation: HandshakeAllThreads done
Event: 1.418 Executing VM operation: G1CollectForAllocation
Event: 1.423 Executing VM operation: G1CollectForAllocation done
Event: 2.149 Executing VM operation: HandshakeAllThreads
Event: 2.149 Executing VM operation: HandshakeAllThreads done
Event: 2.152 Executing VM operation: HandshakeAllThreads
Event: 2.152 Executing VM operation: HandshakeAllThreads done
Event: 2.411 Executing VM operation: HandshakeAllThreads
Event: 2.411 Executing VM operation: HandshakeAllThreads done

Events (20 events):
Event: 0.048 Thread 0x0000025378135580 Thread added: 0x0000025378135580
Event: 0.078 Thread 0x0000025373e032c0 Thread added: 0x0000025373e032c0
Event: 0.448 Thread 0x0000025373e032c0 Thread exited: 0x0000025373e032c0
Event: 0.459 Thread 0x0000025378764a80 Thread added: 0x0000025378764a80
Event: 0.950 Thread 0x0000025378764a80 Thread exited: 0x0000025378764a80
Event: 1.032 Thread 0x00000253787ab420 Thread added: 0x00000253787ab420
Event: 1.220 Thread 0x000002537885dc60 Thread added: 0x000002537885dc60
Event: 1.254 Thread 0x000002537898e020 Thread added: 0x000002537898e020
Event: 1.256 Thread 0x000002537898e570 Thread added: 0x000002537898e570
Event: 1.256 Thread 0x000002537898eac0 Thread added: 0x000002537898eac0
Event: 1.262 Thread 0x000002537899cc50 Thread added: 0x000002537899cc50
Event: 1.315 Thread 0x000002537899c1b0 Thread added: 0x000002537899c1b0
Event: 1.478 Thread 0x000002537899a720 Thread added: 0x000002537899a720
Event: 1.517 Thread 0x000002537899b1c0 Thread added: 0x000002537899b1c0
Event: 1.517 Thread 0x000002537899d6f0 Thread added: 0x000002537899d6f0
Event: 2.342 Thread 0x000002537899d1a0 Thread added: 0x000002537899d1a0
Event: 2.344 Thread 0x000002537899dc40 Thread added: 0x000002537899dc40
Event: 2.346 Thread 0x000002537899c700 Thread added: 0x000002537899c700
Event: 2.347 Thread 0x000002537899b710 Thread added: 0x000002537899b710
Event: 2.350 Thread 0x0000025373e05420 Thread added: 0x0000025373e05420


Dynamic libraries:
0x00007ff70f5f0000 - 0x00007ff70f600000 	C:\Program Files\Java\jdk-20\bin\javaw.exe
0x00007ffd53270000 - 0x00007ffd53487000 	C:\WINDOWS\SYSTEM32\ntdll.dll
0x00007ffd52170000 - 0x00007ffd52234000 	C:\WINDOWS\System32\KERNEL32.DLL
0x00007ffd505b0000 - 0x00007ffd50956000 	C:\WINDOWS\System32\KERNELBASE.dll
0x00007ffd50960000 - 0x00007ffd50a71000 	C:\WINDOWS\System32\ucrtbase.dll
0x00007ffd21340000 - 0x00007ffd2135b000 	C:\Program Files\Java\jdk-20\bin\VCRUNTIME140.dll
0x00007ffd21320000 - 0x00007ffd21339000 	C:\Program Files\Java\jdk-20\bin\jli.dll
0x00007ffd53090000 - 0x00007ffd53143000 	C:\WINDOWS\System32\ADVAPI32.dll
0x00007ffd52be0000 - 0x00007ffd52c87000 	C:\WINDOWS\System32\msvcrt.dll
0x00007ffd51a40000 - 0x00007ffd51ae8000 	C:\WINDOWS\System32\sechost.dll
0x00007ffd50bf0000 - 0x00007ffd50c18000 	C:\WINDOWS\System32\bcrypt.dll
0x00007ffd510d0000 - 0x00007ffd511e7000 	C:\WINDOWS\System32\RPCRT4.dll
0x00007ffd52c90000 - 0x00007ffd52e3e000 	C:\WINDOWS\System32\USER32.dll
0x00007ffd50d60000 - 0x00007ffd50d86000 	C:\WINDOWS\System32\win32u.dll
0x00007ffd4f7b0000 - 0x00007ffd4fa43000 	C:\WINDOWS\WinSxS\amd64_microsoft.windows.common-controls_6595b64144ccf1df_6.0.22621.2506_none_270c5ae97388e100\COMCTL32.dll
0x00007ffd522a0000 - 0x00007ffd522c9000 	C:\WINDOWS\System32\GDI32.dll
0x00007ffd50d90000 - 0x00007ffd50ea8000 	C:\WINDOWS\System32\gdi32full.dll
0x00007ffd50eb0000 - 0x00007ffd50f4a000 	C:\WINDOWS\System32\msvcp_win.dll
0x00007ffd4c9c0000 - 0x00007ffd4c9ca000 	C:\WINDOWS\SYSTEM32\VERSION.dll
0x00007ffd511f0000 - 0x00007ffd51221000 	C:\WINDOWS\System32\IMM32.DLL
0x00007ffd396f0000 - 0x00007ffd396fc000 	C:\Program Files\Java\jdk-20\bin\vcruntime140_1.dll
0x00007ffcdeeb0000 - 0x00007ffcdef3e000 	C:\Program Files\Java\jdk-20\bin\msvcp140.dll
0x00007ffcddc00000 - 0x00007ffcde897000 	C:\Program Files\Java\jdk-20\bin\server\jvm.dll
0x00007ffd23280000 - 0x00007ffd23289000 	C:\WINDOWS\SYSTEM32\WSOCK32.dll
0x00007ffd45440000 - 0x00007ffd45474000 	C:\WINDOWS\SYSTEM32\WINMM.dll
0x00007ffd51d60000 - 0x00007ffd51dd1000 	C:\WINDOWS\System32\WS2_32.dll
0x00007ffd4e6e0000 - 0x00007ffd4e6f8000 	C:\WINDOWS\SYSTEM32\kernel.appcore.dll
0x00007ffd21310000 - 0x00007ffd2131a000 	C:\Program Files\Java\jdk-20\bin\jimage.dll
0x00007ffd4fe40000 - 0x00007ffd50073000 	C:\WINDOWS\SYSTEM32\DBGHELP.DLL
0x00007ffd51de0000 - 0x00007ffd52169000 	C:\WINDOWS\System32\combase.dll
0x00007ffd53150000 - 0x00007ffd53227000 	C:\WINDOWS\System32\OLEAUT32.dll
0x00007ffd4fd20000 - 0x00007ffd4fd52000 	C:\WINDOWS\SYSTEM32\dbgcore.DLL
0x00007ffd50c20000 - 0x00007ffd50c9a000 	C:\WINDOWS\System32\bcryptPrimitives.dll
0x00007ffd212e0000 - 0x00007ffd21306000 	C:\Program Files\Java\jdk-20\bin\java.dll
0x00007ffcdedd0000 - 0x00007ffcdeea7000 	C:\Program Files\Java\jdk-20\bin\jsvml.dll
0x00007ffd522d0000 - 0x00007ffd52b2b000 	C:\WINDOWS\System32\SHELL32.dll
0x00007ffd4d600000 - 0x00007ffd4def6000 	C:\WINDOWS\SYSTEM32\windows.storage.dll
0x00007ffd4d4c0000 - 0x00007ffd4d5fe000 	C:\WINDOWS\SYSTEM32\wintypes.dll
0x00007ffd50fd0000 - 0x00007ffd510c3000 	C:\WINDOWS\System32\SHCORE.dll
0x00007ffd51ca0000 - 0x00007ffd51cfe000 	C:\WINDOWS\System32\shlwapi.dll
0x00007ffd504e0000 - 0x00007ffd50506000 	C:\WINDOWS\SYSTEM32\profapi.dll
0x00007ffd210f0000 - 0x00007ffd21103000 	C:\Program Files\Java\jdk-20\bin\net.dll
0x00007ffd44ca0000 - 0x00007ffd44dd7000 	C:\WINDOWS\SYSTEM32\WINHTTP.dll
0x00007ffd4f340000 - 0x00007ffd4f3a9000 	C:\WINDOWS\system32\mswsock.dll
0x00007ffd210d0000 - 0x00007ffd210e6000 	C:\Program Files\Java\jdk-20\bin\nio.dll
0x00007ffd210b0000 - 0x00007ffd210c8000 	C:\Program Files\Java\jdk-20\bin\zip.dll
0x00007ffd22700000 - 0x00007ffd22707000 	C:\Program Files\Java\jdk-20\bin\extnet.dll
0x00007ffd4e1d0000 - 0x00007ffd4e2c9000 	C:\WINDOWS\SYSTEM32\DNSAPI.dll
0x00007ffd4e160000 - 0x00007ffd4e18d000 	C:\WINDOWS\SYSTEM32\IPHLPAPI.DLL
0x00007ffd51af0000 - 0x00007ffd51af9000 	C:\WINDOWS\System32\NSI.dll
0x00007ffd3ecf0000 - 0x00007ffd3ecfa000 	C:\Windows\System32\rasadhlp.dll
0x00007ffd3ec40000 - 0x00007ffd3ecc3000 	C:\WINDOWS\System32\fwpuclnt.dll
0x00007ffd50160000 - 0x00007ffd5017b000 	C:\WINDOWS\SYSTEM32\CRYPTSP.dll
0x00007ffd4e640000 - 0x00007ffd4e675000 	C:\WINDOWS\system32\rsaenh.dll
0x00007ffd4f430000 - 0x00007ffd4f45c000 	C:\WINDOWS\SYSTEM32\USERENV.dll
0x00007ffd4f5d0000 - 0x00007ffd4f5dc000 	C:\WINDOWS\SYSTEM32\CRYPTBASE.dll
0x00007ffd44e50000 - 0x00007ffd44e69000 	C:\WINDOWS\SYSTEM32\dhcpcsvc6.DLL
0x00007ffd44c80000 - 0x00007ffd44c9f000 	C:\WINDOWS\SYSTEM32\dhcpcsvc.DLL
0x00007ffd4c840000 - 0x00007ffd4c8d7000 	C:\WINDOWS\system32\apphelp.dll
0x00007ffcdf060000 - 0x00007ffcdf06e000 	C:\Program Files\Java\jdk-20\bin\sunmscapi.dll
0x00007ffd50a80000 - 0x00007ffd50be6000 	C:\WINDOWS\System32\CRYPT32.dll
0x00007ffd4f780000 - 0x00007ffd4f7ae000 	C:\WINDOWS\SYSTEM32\ncrypt.dll
0x00007ffd4f740000 - 0x00007ffd4f777000 	C:\WINDOWS\SYSTEM32\NTASN1.dll
0x00007ffcdcb50000 - 0x00007ffcdcb58000 	C:\WINDOWS\system32\wshunix.dll

dbghelp: loaded successfully - version: 4.0.5 - missing functions: none
symbol engine: initialized successfully - sym options: 0x614 - pdb path: .;C:\Program Files\Java\jdk-20\bin;C:\WINDOWS\SYSTEM32;C:\WINDOWS\WinSxS\amd64_microsoft.windows.common-controls_6595b64144ccf1df_6.0.22621.2506_none_270c5ae97388e100;C:\Program Files\Java\jdk-20\bin\server

VM Arguments:
jvm_args: -Dfile.encoding=UTF-8 -XX:+ShowCodeDetailsInExceptionMessages 
java_command: ScrollPerticularElement
java_class_path (initial): C:\Users\DELL\eclipse-workspace\Automation newbatch\bin;C:\Users\DELL\eclipse-workspace\Automation newbatch\jar\selenium-server-4.14.1.jar
Launcher Type: SUN_STANDARD

[Global flags]
     intx CICompilerCount                          = 4                                         {product} {ergonomic}
     uint ConcGCThreads                            = 2                                         {product} {ergonomic}
     uint G1ConcRefinementThreads                  = 8                                         {product} {ergonomic}
   size_t G1HeapRegionSize                         = 2097152                                   {product} {ergonomic}
    uintx GCDrainStackTargetSize                   = 64                                        {product} {ergonomic}
   size_t InitialHeapSize                          = 268435456                                 {product} {ergonomic}
   size_t MarkStackSize                            = 4194304                                   {product} {ergonomic}
   size_t MaxHeapSize                              = 4263510016                                {product} {ergonomic}
   size_t MaxNewSize                               = 2556428288                                {product} {ergonomic}
   size_t MinHeapDeltaBytes                        = 2097152                                   {product} {ergonomic}
   size_t MinHeapSize                              = 8388608                                   {product} {ergonomic}
    uintx NonNMethodCodeHeapSize                   = 5839372                                {pd product} {ergonomic}
    uintx NonProfiledCodeHeapSize                  = 122909434                              {pd product} {ergonomic}
    uintx ProfiledCodeHeapSize                     = 122909434                              {pd product} {ergonomic}
    uintx ReservedCodeCacheSize                    = 251658240                              {pd product} {ergonomic}
     bool SegmentedCodeCache                       = true                                      {product} {ergonomic}
     bool ShowCodeDetailsInExceptionMessages       = true                                   {manageable} {command line}
   size_t SoftMaxHeapSize                          = 4263510016                             {manageable} {ergonomic}
     bool UseCompressedClassPointers               = true                           {product lp64_product} {ergonomic}
     bool UseCompressedOops                        = true                           {product lp64_product} {ergonomic}
     bool UseG1GC                                  = true                                      {product} {ergonomic}
     bool UseLargePagesIndividualAllocation        = false                                  {pd product} {ergonomic}

Logging:
Log output configuration:
 #0: stdout all=warning uptime,level,tags foldmultilines=false
 #1: stderr all=off uptime,level,tags foldmultilines=false

Environment Variables:
PATH=C:\Program Files (x86)\VMware\VMware Player\bin\;C:\Program Files\Common Files\Oracle\Java\javapath;D:\oracle\product\10.2.0\db_4\bin;D:\oracle\product\10.2.0\db_3\bin;D:\oracle\product\10.2.0\db_2\bin;C:\WINDOWS\system32;C:\WINDOWS;C:\WINDOWS\System32\Wbem;C:\WINDOWS\System32\WindowsPowerShell\v1.0\;C:\WINDOWS\System32\OpenSSH\;C:\Program Files\Java\jdk-20\bin;C:\Program Files\nodejs\;C:\Users\DELL\AppData\Local\Android\Sdk\platform-tools;C:\Program Files\PuTTY\;C:\Users\DELL\AppData\Local\Microsoft\WindowsApps;C:\Users\DELL\AppData\Roaming\npm;C:\Users\DELL\AppData\Local\Programs\Fiddler
USERNAME=DELL
OS=Windows_NT
PROCESSOR_IDENTIFIER=Intel64 Family 6 Model 142 Stepping 10, GenuineIntel
TMP=C:\Users\DELL\AppData\Local\Temp
TEMP=C:\Users\DELL\AppData\Local\Temp




---------------  S Y S T E M  ---------------

OS:
 Windows 11 , 64 bit Build 22621 (10.0.22621.3085)
OS uptime: 3 days 8:41 hours

CPU: total 8 (initial active 8) (4 cores per cpu, 2 threads per core) family 6 model 142 stepping 10 microcode 0xf0, cx8, cmov, fxsr, ht, mmx, 3dnowpref, sse, sse2, sse3, ssse3, sse4.1, sse4.2, popcnt, lzcnt, tsc, tscinvbit, avx, avx2, aes, erms, clmul, bmi1, bmi2, rtm, adx, fma, vzeroupper, clflush, clflushopt, rdtscp, f16c

Memory: 4k page, system-wide physical 16262M (5361M free)
TotalPageFile size 28950M (AvailPageFile size 4M)
current process WorkingSet (physical memory assigned to process): 98M, peak: 98M
current process commit charge ("private bytes"): 369M, peak: 371M

vm_info: Java HotSpot(TM) 64-Bit Server VM (20+36-2344) for windows-amd64 JRE (20+36-2344), built on 2023-02-10T19:30:15Z by "mach5one" with MS VC++ 17.1 (VS2022)

END.
